#
# There is insufficient memory for the Java Runtime Environment to continue.
# Native memory allocation (malloc) failed to allocate 1931440 bytes. Error detail: Chunk::new
# Possible reasons:
#   The system is out of physical RAM or swap space
#   This process is running with CompressedOops enabled, and the Java Heap may be blocking the growth of the native heap
# Possible solutions:
#   Reduce memory load on the system
#   Increase physical memory or swap space
#   Check if swap backing store is full
#   Decrease Java heap size (-Xmx/-Xms)
#   Decrease number of Java threads
#   Decrease Java thread stack sizes (-Xss)
#   Set larger code cache with -XX:ReservedCodeCacheSize=
#   JVM is running with Unscaled Compressed Oops mode in which the Java heap is
#     placed in the first 4GB address space. The Java Heap base address is the
#     maximum limit for the native heap growth. Please use -XX:HeapBaseMinAddress
#     to set the Java Heap base and to place the Java Heap above 4GB virtual address.
# This output file may be truncated or incomplete.
#
#  Out of Memory Error (arena.cpp:149), pid=10180, tid=7968
#
# JRE version: Java(TM) SE Runtime Environment (23.0.1+11) (build 23.0.1+11-39)
# Java VM: Java HotSpot(TM) 64-Bit Server VM (23.0.1+11-39, mixed mode, sharing, tiered, compressed oops, compressed class ptrs, g1 gc, windows-amd64)
# No core dump will be written. Minidumps are not enabled by default on client versions of Windows
#

---------------  S U M M A R Y ------------

Command Line: -javaagent:C:\Program Files\JetBrains\IntelliJ IDEA Community Edition 2024.3.1.1\lib\idea_rt.jar=52378 -Dfile.encoding=UTF-8 -Dsun.stdout.encoding=UTF-8 -Dsun.stderr.encoding=UTF-8 edu.icet.ecom.Main

Host: Intel(R) Core(TM) i5-8350U CPU @ 1.70GHz, 8 cores, 7G,  Windows 10 , 64 bit Build 19041 (10.0.19041.5678)
Time: Tue Apr 29 13:23:58 2025 Sri Lanka Standard Time elapsed time: 8.270094 seconds (0d 0h 0m 8s)

---------------  T H R E A D  ---------------

Current thread (0x0000016edd04f460):  JavaThread "C2 CompilerThread1" daemon [_thread_in_native, id=7968, stack(0x0000002fa6700000,0x0000002fa6800000) (1024K)]


Current CompileTask:
C2:8270 4456       4       java.lang.ClassLoader::loadClass (7 bytes)

Stack: [0x0000002fa6700000,0x0000002fa6800000]
Native frames: (J=compiled Java code, j=interpreted, Vv=VM code, C=native code)
V  [jvm.dll+0x6e08b9]  (no source info available)
V  [jvm.dll+0x87dc83]  (no source info available)
V  [jvm.dll+0x88010e]  (no source info available)
V  [jvm.dll+0x8807e3]  (no source info available)
V  [jvm.dll+0x27aee6]  (no source info available)
V  [jvm.dll+0xbc06f]  (no source info available)
V  [jvm.dll+0xbc2cb]  (no source info available)
V  [jvm.dll+0x3b3a9c]  (no source info available)
V  [jvm.dll+0x38a42b]  (no source info available)
V  [jvm.dll+0x38989a]  (no source info available)
V  [jvm.dll+0x244aa1]  (no source info available)
V  [jvm.dll+0x243dff]  (no source info available)
V  [jvm.dll+0x1c33a0]  (no source info available)
V  [jvm.dll+0x253cf1]  (no source info available)
V  [jvm.dll+0x251faa]  (no source info available)
V  [jvm.dll+0x3ee036]  (no source info available)
V  [jvm.dll+0x824f8b]  (no source info available)
V  [jvm.dll+0x6df065]  (no source info available)
C  [ucrtbase.dll+0x21bb2]  (no source info available)
C  [KERNEL32.DLL+0x17374]  (no source info available)
C  [ntdll.dll+0x4cc91]  (no source info available)

Lock stack of current Java thread (top to bottom):


---------------  P R O C E S S  ---------------

Threads class SMR info:
_java_thread_list=0x0000016edd4259b0, length=18, elements={
0x0000016ef56772f0, 0x0000016efd07d410, 0x0000016efd081350, 0x0000016efd085030,
0x0000016efd085a90, 0x0000016efd086b00, 0x0000016efd087560, 0x0000016efd0882f0,
0x0000016efd08b1c0, 0x0000016e9775e600, 0x0000016edd143e10, 0x0000016edd144480,
0x0000016edd04f460, 0x0000016ede1ac210, 0x0000016edd4ee900, 0x0000016edd4f0340,
0x0000016edd4eef90, 0x0000016edd4ee270
}

Java Threads: ( => current thread )
  0x0000016ef56772f0 JavaThread "main"                              [_thread_in_vm, id=11080, stack(0x0000002fa5400000,0x0000002fa5500000) (1024K)]
  0x0000016efd07d410 JavaThread "Reference Handler"          daemon [_thread_blocked, id=14624, stack(0x0000002fa5c00000,0x0000002fa5d00000) (1024K)]
  0x0000016efd081350 JavaThread "Finalizer"                  daemon [_thread_blocked, id=16036, stack(0x0000002fa5d00000,0x0000002fa5e00000) (1024K)]
  0x0000016efd085030 JavaThread "Signal Dispatcher"          daemon [_thread_blocked, id=14012, stack(0x0000002fa5e00000,0x0000002fa5f00000) (1024K)]
  0x0000016efd085a90 JavaThread "Attach Listener"            daemon [_thread_blocked, id=9388, stack(0x0000002fa5f00000,0x0000002fa6000000) (1024K)]
  0x0000016efd086b00 JavaThread "Service Thread"             daemon [_thread_blocked, id=9464, stack(0x0000002fa6000000,0x0000002fa6100000) (1024K)]
  0x0000016efd087560 JavaThread "Monitor Deflation Thread"   daemon [_thread_blocked, id=876, stack(0x0000002fa6100000,0x0000002fa6200000) (1024K)]
  0x0000016efd0882f0 JavaThread "C2 CompilerThread0"         daemon [_thread_in_native, id=13220, stack(0x0000002fa6200000,0x0000002fa6300000) (1024K)]
  0x0000016efd08b1c0 JavaThread "C1 CompilerThread0"         daemon [_thread_blocked, id=14596, stack(0x0000002fa6300000,0x0000002fa6400000) (1024K)]
  0x0000016e9775e600 JavaThread "Common-Cleaner"             daemon [_thread_blocked, id=5852, stack(0x0000002fa6400000,0x0000002fa6500000) (1024K)]
  0x0000016edd143e10 JavaThread "Monitor Ctrl-Break"         daemon [_thread_in_native, id=13560, stack(0x0000002fa6500000,0x0000002fa6600000) (1024K)]
  0x0000016edd144480 JavaThread "Notification Thread"        daemon [_thread_blocked, id=8560, stack(0x0000002fa6600000,0x0000002fa6700000) (1024K)]
=>0x0000016edd04f460 JavaThread "C2 CompilerThread1"         daemon [_thread_in_native, id=7968, stack(0x0000002fa6700000,0x0000002fa6800000) (1024K)]
  0x0000016ede1ac210 JavaThread "C2 CompilerThread2"         daemon [_thread_in_native, id=10380, stack(0x0000002fa7000000,0x0000002fa7100000) (1024K)]
  0x0000016edd4ee900 JavaThread "Catalina-utility-1"                [_thread_blocked, id=15804, stack(0x0000002fa7100000,0x0000002fa7200000) (1024K)]
  0x0000016edd4f0340 JavaThread "Catalina-utility-2"                [_thread_blocked, id=14964, stack(0x0000002fa7200000,0x0000002fa7300000) (1024K)]
  0x0000016edd4eef90 JavaThread "container-0"                       [_thread_blocked, id=16276, stack(0x0000002fa7300000,0x0000002fa7400000) (1024K)]
  0x0000016edd4ee270 JavaThread "mysql-cj-abandoned-connection-cleanup" daemon [_thread_blocked, id=12208, stack(0x0000002fa7400000,0x0000002fa7500000) (1024K)]
Total: 18

Other Threads:
  0x0000016efd063240 VMThread "VM Thread"                           [id=13516, stack(0x0000002fa5b00000,0x0000002fa5c00000) (1024K)]
  0x0000016efd051dd0 WatcherThread "VM Periodic Task Thread"        [id=7572, stack(0x0000002fa5a00000,0x0000002fa5b00000) (1024K)]
  0x0000016ef795f890 WorkerThread "GC Thread#0"                     [id=13748, stack(0x0000002fa5500000,0x0000002fa5600000) (1024K)]
  0x0000016edd267240 WorkerThread "GC Thread#1"                     [id=10624, stack(0x0000002fa6800000,0x0000002fa6900000) (1024K)]
  0x0000016edd2675f0 WorkerThread "GC Thread#2"                     [id=14936, stack(0x0000002fa6900000,0x0000002fa6a00000) (1024K)]
  0x0000016edd265c20 WorkerThread "GC Thread#3"                     [id=2324, stack(0x0000002fa6a00000,0x0000002fa6b00000) (1024K)]
  0x0000016edd266730 WorkerThread "GC Thread#4"                     [id=1580, stack(0x0000002fa6b00000,0x0000002fa6c00000) (1024K)]
  0x0000016edd265fd0 WorkerThread "GC Thread#5"                     [id=12668, stack(0x0000002fa6c00000,0x0000002fa6d00000) (1024K)]
  0x0000016edd93f5f0 WorkerThread "GC Thread#6"                     [id=3064, stack(0x0000002fa6d00000,0x0000002fa6e00000) (1024K)]
  0x0000016edd93ee90 WorkerThread "GC Thread#7"                     [id=12352, stack(0x0000002fa6f00000,0x0000002fa7000000) (1024K)]
  0x0000016ef7975900 ConcurrentGCThread "G1 Main Marker"            [id=9308, stack(0x0000002fa5600000,0x0000002fa5700000) (1024K)]
  0x0000016ef7977410 WorkerThread "G1 Conc#0"                       [id=13076, stack(0x0000002fa5700000,0x0000002fa5800000) (1024K)]
  0x0000016edd940fc0 WorkerThread "G1 Conc#1"                       [id=12684, stack(0x0000002fa6e00000,0x0000002fa6f00000) (1024K)]
  0x0000016ef79ce6b0 ConcurrentGCThread "G1 Refine#0"               [id=7232, stack(0x0000002fa5800000,0x0000002fa5900000) (1024K)]
  0x0000016efcf137c0 ConcurrentGCThread "G1 Service"                [id=11644, stack(0x0000002fa5900000,0x0000002fa5a00000) (1024K)]
Total: 15

Threads with active compile tasks:
C2 CompilerThread0  8378 4483       4       java.util.WeakHashMap::put (160 bytes)
C2 CompilerThread1  8378 4456       4       java.lang.ClassLoader::loadClass (7 bytes)
C2 CompilerThread2  8379 4463       4       jdk.internal.loader.ClassLoaders$AppClassLoader::loadClass (40 bytes)
Total: 3

VM state: not at safepoint (normal execution)

VM Mutex/Monitor currently owned by a thread: None

Heap address: 0x0000000081e00000, size: 2018 MB, Compressed Oops mode: 32-bit

CDS archive(s) mapped at: [0x0000016e98000000-0x0000016e98d70000-0x0000016e98d70000), size 14090240, SharedBaseAddress: 0x0000016e98000000, ArchiveRelocationMode: 1.
Compressed class space mapped at: 0x0000016e99000000-0x0000016ed9000000, reserved size: 1073741824
Narrow klass base: 0x0000016e98000000, Narrow klass shift: 0, Narrow klass range: 0x41000000

GC Precious Log:
 CardTable entry size: 512
 Card Set container configuration: InlinePtr #cards 5 size 8 Array Of Cards #cards 10 size 36 Howl #buckets 4 coarsen threshold 1843 Howl Bitmap #cards 512 size 80 coarsen threshold 460 Card regions per heap region 1 cards per card region 2048
 CPUs: 8 total, 8 available
 Memory: 8066M
 Large Page Support: Disabled
 NUMA Support: Disabled
 Compressed Oops: Enabled (32-bit)
 Heap Region Size: 1M
 Heap Min Capacity: 8M
 Heap Initial Capacity: 128M
 Heap Max Capacity: 2018M
 Pre-touch: Disabled
 Parallel Workers: 8
 Concurrent Workers: 2
 Concurrent Refinement Workers: 8
 Periodic GC: Disabled

Heap:
 garbage-first heap   total reserved 2066432K, committed 51200K, used 28219K [0x0000000081e00000, 0x0000000100000000)
  region size 1024K, 10 young (10240K), 2 survivors (2048K)
 Metaspace       used 37630K, committed 38144K, reserved 1114112K
  class space    used 4980K, committed 5184K, reserved 1048576K

Heap Regions: E=young(eden), S=young(survivor), O=old, HS=humongous(starts), HC=humongous(continues), CS=collection set, F=free, TAMS=top-at-mark-start, PB=parsable bottom
|   0|0x0000000081e00000, 0x0000000081f00000, 0x0000000081f00000|100%|HS|  |TAMS 0x0000000081e00000| PB 0x0000000081e00000| Complete |  0
|   1|0x0000000081f00000, 0x0000000082000000, 0x0000000082000000|100%|HS|  |TAMS 0x0000000081f00000| PB 0x0000000081f00000| Complete |  0
|   2|0x0000000082000000, 0x0000000082100000, 0x0000000082100000|100%|HS|  |TAMS 0x0000000082000000| PB 0x0000000082000000| Complete |  0
|   3|0x0000000082100000, 0x0000000082200000, 0x0000000082200000|100%| O|  |TAMS 0x0000000082100000| PB 0x0000000082100000| Untracked |  0
|   4|0x0000000082200000, 0x0000000082300000, 0x0000000082300000|100%| O|  |TAMS 0x0000000082200000| PB 0x0000000082200000| Untracked |  0
|   5|0x0000000082300000, 0x0000000082400000, 0x0000000082400000|100%| O|  |TAMS 0x0000000082300000| PB 0x0000000082300000| Untracked |  0
|   6|0x0000000082400000, 0x0000000082500000, 0x0000000082500000|100%| O|  |TAMS 0x0000000082400000| PB 0x0000000082400000| Untracked |  0
|   7|0x0000000082500000, 0x0000000082600000, 0x0000000082600000|100%| O|  |TAMS 0x0000000082500000| PB 0x0000000082500000| Untracked |  0
|   8|0x0000000082600000, 0x00000000826d5fc0, 0x0000000082700000| 83%| O|  |TAMS 0x0000000082600000| PB 0x0000000082600000| Untracked |  0
|   9|0x0000000082700000, 0x0000000082800000, 0x0000000082800000|100%| O|  |TAMS 0x0000000082700000| PB 0x0000000082700000| Untracked |  0
|  10|0x0000000082800000, 0x0000000082900000, 0x0000000082900000|100%| O|  |TAMS 0x0000000082800000| PB 0x0000000082800000| Untracked |  0
|  11|0x0000000082900000, 0x0000000082a00000, 0x0000000082a00000|100%| O|  |TAMS 0x0000000082900000| PB 0x0000000082900000| Untracked |  0
|  12|0x0000000082a00000, 0x0000000082b00000, 0x0000000082b00000|100%| O|  |TAMS 0x0000000082a00000| PB 0x0000000082a00000| Untracked |  0
|  13|0x0000000082b00000, 0x0000000082c00000, 0x0000000082c00000|100%| O|  |TAMS 0x0000000082b00000| PB 0x0000000082b00000| Untracked |  0
|  14|0x0000000082c00000, 0x0000000082d00000, 0x0000000082d00000|100%| O|  |TAMS 0x0000000082c00000| PB 0x0000000082c00000| Untracked |  0
|  15|0x0000000082d00000, 0x0000000082e00000, 0x0000000082e00000|100%| O|  |TAMS 0x0000000082d00000| PB 0x0000000082d00000| Untracked |  0
|  16|0x0000000082e00000, 0x0000000082f00000, 0x0000000082f00000|100%| O|Cm|TAMS 0x0000000082e00000| PB 0x0000000082e00000| Complete |  0
|  17|0x0000000082f00000, 0x0000000083000000, 0x0000000083000000|100%| O|  |TAMS 0x0000000082f00000| PB 0x0000000082f00000| Untracked |  0
|  18|0x0000000083000000, 0x00000000830e1d80, 0x0000000083100000| 88%| O|  |TAMS 0x0000000083000000| PB 0x0000000083000000| Untracked |  0
|  19|0x0000000083100000, 0x0000000083100000, 0x0000000083200000|  0%| F|  |TAMS 0x0000000083100000| PB 0x0000000083100000| Untracked |  0
|  20|0x0000000083200000, 0x0000000083200000, 0x0000000083300000|  0%| F|  |TAMS 0x0000000083200000| PB 0x0000000083200000| Untracked |  0
|  21|0x0000000083300000, 0x0000000083300000, 0x0000000083400000|  0%| F|  |TAMS 0x0000000083300000| PB 0x0000000083300000| Untracked |  0
|  22|0x0000000083400000, 0x0000000083400000, 0x0000000083500000|  0%| F|  |TAMS 0x0000000083400000| PB 0x0000000083400000| Untracked |  0
|  23|0x0000000083500000, 0x0000000083500000, 0x0000000083600000|  0%| F|  |TAMS 0x0000000083500000| PB 0x0000000083500000| Untracked |  0
|  24|0x0000000083600000, 0x0000000083600000, 0x0000000083700000|  0%| F|  |TAMS 0x0000000083600000| PB 0x0000000083600000| Untracked |  0
|  25|0x0000000083700000, 0x0000000083700000, 0x0000000083800000|  0%| F|  |TAMS 0x0000000083700000| PB 0x0000000083700000| Untracked |  0
|  26|0x0000000083800000, 0x0000000083800000, 0x0000000083900000|  0%| F|  |TAMS 0x0000000083800000| PB 0x0000000083800000| Untracked |  0
|  27|0x0000000083900000, 0x0000000083900000, 0x0000000083a00000|  0%| F|  |TAMS 0x0000000083900000| PB 0x0000000083900000| Untracked |  0
|  28|0x0000000083a00000, 0x0000000083a00000, 0x0000000083b00000|  0%| F|  |TAMS 0x0000000083a00000| PB 0x0000000083a00000| Untracked |  0
|  29|0x0000000083b00000, 0x0000000083b00000, 0x0000000083c00000|  0%| F|  |TAMS 0x0000000083b00000| PB 0x0000000083b00000| Untracked |  0
|  30|0x0000000083c00000, 0x0000000083c00000, 0x0000000083d00000|  0%| F|  |TAMS 0x0000000083c00000| PB 0x0000000083c00000| Untracked |  0
|  31|0x0000000083d00000, 0x0000000083d00000, 0x0000000083e00000|  0%| F|  |TAMS 0x0000000083d00000| PB 0x0000000083d00000| Untracked |  0
|  32|0x0000000083e00000, 0x0000000083e00000, 0x0000000083f00000|  0%| F|  |TAMS 0x0000000083e00000| PB 0x0000000083e00000| Untracked |  0
|  33|0x0000000083f00000, 0x0000000083f00000, 0x0000000084000000|  0%| F|  |TAMS 0x0000000083f00000| PB 0x0000000083f00000| Untracked |  0
|  34|0x0000000084000000, 0x0000000084000000, 0x0000000084100000|  0%| F|  |TAMS 0x0000000084000000| PB 0x0000000084000000| Untracked |  0
|  35|0x0000000084100000, 0x0000000084100000, 0x0000000084200000|  0%| F|  |TAMS 0x0000000084100000| PB 0x0000000084100000| Untracked |  0
|  36|0x0000000084200000, 0x0000000084200000, 0x0000000084300000|  0%| F|  |TAMS 0x0000000084200000| PB 0x0000000084200000| Untracked |  0
|  37|0x0000000084300000, 0x0000000084300000, 0x0000000084400000|  0%| F|  |TAMS 0x0000000084300000| PB 0x0000000084300000| Untracked |  0
|  38|0x0000000084400000, 0x0000000084400000, 0x0000000084500000|  0%| F|  |TAMS 0x0000000084400000| PB 0x0000000084400000| Untracked |  0
|  39|0x0000000084500000, 0x0000000084562928, 0x0000000084600000| 38%| E|  |TAMS 0x0000000084500000| PB 0x0000000084500000| Complete |  0
|  40|0x0000000084600000, 0x0000000084700000, 0x0000000084700000|100%| E|CS|TAMS 0x0000000084600000| PB 0x0000000084600000| Complete |  0
|  41|0x0000000084700000, 0x0000000084800000, 0x0000000084800000|100%| E|CS|TAMS 0x0000000084700000| PB 0x0000000084700000| Complete |  0
|  42|0x0000000084800000, 0x0000000084900000, 0x0000000084900000|100%| E|CS|TAMS 0x0000000084800000| PB 0x0000000084800000| Complete |  0
|  81|0x0000000086f00000, 0x0000000086fd7298, 0x0000000087000000| 84%| S|CS|TAMS 0x0000000086f00000| PB 0x0000000086f00000| Complete |  0
|  82|0x0000000087000000, 0x0000000087100000, 0x0000000087100000|100%| S|CS|TAMS 0x0000000087000000| PB 0x0000000087000000| Complete |  0
|  83|0x0000000087100000, 0x0000000087200000, 0x0000000087200000|100%| E|CS|TAMS 0x0000000087100000| PB 0x0000000087100000| Complete |  0
|  84|0x0000000087200000, 0x0000000087300000, 0x0000000087300000|100%| E|CS|TAMS 0x0000000087200000| PB 0x0000000087200000| Complete |  0
|  85|0x0000000087300000, 0x0000000087400000, 0x0000000087400000|100%| E|CS|TAMS 0x0000000087300000| PB 0x0000000087300000| Complete |  0
|  86|0x0000000087400000, 0x0000000087500000, 0x0000000087500000|100%| E|CS|TAMS 0x0000000087400000| PB 0x0000000087400000| Complete |  0
| 127|0x0000000089d00000, 0x0000000089e00000, 0x0000000089e00000|100%| E|CS|TAMS 0x0000000089d00000| PB 0x0000000089d00000| Complete |  0

Card table byte_map: [0x0000016ef8220000,0x0000016ef8620000] _byte_map_base: 0x0000016ef7e11000

Marking Bits: (CMBitMap*) 0x0000016ef79612c0
 Bits: [0x0000016ef8620000, 0x0000016efa5a8000)

Polling page: 0x0000016ef70d0000

Metaspace:

Usage:
  Non-class:     31.90 MB used.
      Class:      4.87 MB used.
       Both:     36.77 MB used.

Virtual space:
  Non-class space:       64.00 MB reserved,      32.19 MB ( 50%) committed,  1 nodes.
      Class space:        1.00 GB reserved,       5.06 MB ( <1%) committed,  1 nodes.
             Both:        1.06 GB reserved,      37.25 MB (  3%) committed. 

Chunk freelists:
   Non-Class:  15.22 MB
       Class:  10.77 MB
        Both:  25.98 MB

MaxMetaspaceSize: unlimited
CompressedClassSpaceSize: 1.00 GB
Initial GC threshold: 21.00 MB
Current GC threshold: 58.69 MB
CDS: on
 - commit_granule_bytes: 65536.
 - commit_granule_words: 8192.
 - virtual_space_node_default_size: 8388608.
 - enlarge_chunks_in_place: 1.
 - use_allocation_guard: 0.


Internal statistics:

num_allocs_failed_limit: 6.
num_arena_births: 654.
num_arena_deaths: 0.
num_vsnodes_births: 2.
num_vsnodes_deaths: 0.
num_space_committed: 596.
num_space_uncommitted: 0.
num_chunks_returned_to_freelist: 6.
num_chunks_taken_from_freelist: 1942.
num_chunk_merges: 6.
num_chunk_splits: 1374.
num_chunks_enlarged: 1019.
num_inconsistent_stats: 0.

CodeHeap 'non-profiled nmethods': size=120064Kb used=1796Kb max_used=1856Kb free=118267Kb
 bounds [0x0000016e90130000, 0x0000016e903a0000, 0x0000016e97670000]
CodeHeap 'profiled nmethods': size=120000Kb used=6427Kb max_used=6998Kb free=113572Kb
 bounds [0x0000016e88670000, 0x0000016e88d50000, 0x0000016e8fba0000]
CodeHeap 'non-nmethods': size=5696Kb used=1515Kb max_used=1583Kb free=4180Kb
 bounds [0x0000016e8fba0000, 0x0000016e8fe10000, 0x0000016e90130000]
CodeCache: size=245760Kb, used=9738Kb, max_used=10437Kb, free=236019Kb
 total_blobs=4704, nmethods=4105, adapters=504, full_count=0
Compilation: enabled, stopped_count=0, restarted_count=0

Compilation events (20 events):
Event: 8.091 Thread 0x0000016efd0882f0 nmethod 4464 0x0000016e90131e88 code [0x0000016e90131f80, 0x0000016e90132038]
Event: 8.134 Thread 0x0000016efd0882f0 4465   !   4       java.util.zip.ZipCoder$UTF8ZipCoder::compare (81 bytes)
Event: 8.143 Thread 0x0000016efd0882f0 nmethod 4465 0x0000016e9019ed88 code [0x0000016e9019eec0, 0x0000016e9019f570]
Event: 8.143 Thread 0x0000016efd0882f0 4466       4       java.util.Arrays::mismatch (69 bytes)
Event: 8.151 Thread 0x0000016efd0882f0 nmethod 4466 0x0000016e90167a08 code [0x0000016e90167b40, 0x0000016e90167fe0]
Event: 8.189 Thread 0x0000016efd08b1c0 4467       3       jdk.internal.loader.BuiltinClassLoader$1::hasNext (93 bytes)
Event: 8.190 Thread 0x0000016efd08b1c0 nmethod 4467 0x0000016e88781c88 code [0x0000016e88781e40, 0x0000016e88782808]
Event: 8.191 Thread 0x0000016efd08b1c0 4468       3       jdk.internal.loader.BuiltinClassLoader$1::hasMoreElements (5 bytes)
Event: 8.191 Thread 0x0000016efd08b1c0 nmethod 4468 0x0000016e88677908 code [0x0000016e88677a20, 0x0000016e88677b58]
Event: 8.196 Thread 0x0000016efd08b1c0 4469       3       jdk.internal.loader.BuiltinClassLoader::findResources (182 bytes)
Event: 8.198 Thread 0x0000016efd08b1c0 nmethod 4469 0x0000016e8869c208 code [0x0000016e8869c5c0, 0x0000016e8869e730]
Event: 8.198 Thread 0x0000016efd08b1c0 4470       3       jdk.internal.loader.BuiltinClassLoader::findResourcesOnClassPath (43 bytes)
Event: 8.199 Thread 0x0000016efd08b1c0 nmethod 4470 0x0000016e8869b308 code [0x0000016e8869b460, 0x0000016e8869b890]
Event: 8.199 Thread 0x0000016efd08b1c0 4471       3       jdk.internal.loader.BuiltinClassLoader$1::<init> (28 bytes)
Event: 8.199 Thread 0x0000016efd08b1c0 nmethod 4471 0x0000016e88680008 code [0x0000016e88680140, 0x0000016e88680490]
Event: 8.240 Thread 0x0000016efd08b1c0 4472       3       sun.nio.fs.WindowsPath::checkRead (17 bytes)
Event: 8.241 Thread 0x0000016efd08b1c0 nmethod 4472 0x0000016e88674b08 code [0x0000016e88674c40, 0x0000016e88674e30]
Event: 8.241 Thread 0x0000016efd08b1c0 4473       3       sun.nio.fs.NativeBuffers::getNativeBuffer (21 bytes)
Event: 8.241 Thread 0x0000016efd08b1c0 nmethod 4473 0x0000016e886d7408 code [0x0000016e886d7560, 0x0000016e886d7870]
Event: 8.253 Thread 0x0000016efd0882f0 4474       4       java.util.jar.JarFile::getVersionedEntry (133 bytes)

GC Heap History (14 events):
Event: 1.812 GC heap before
{Heap before GC invocations=0 (full 0):
 garbage-first heap   total reserved 2066432K, committed 131072K, used 26624K [0x0000000081e00000, 0x0000000100000000)
  region size 1024K, 24 young (24576K), 0 survivors (0K)
 Metaspace       used 7096K, committed 7296K, reserved 1114112K
  class space    used 886K, committed 960K, reserved 1048576K
}
Event: 1.823 GC heap after
{Heap after GC invocations=1 (full 0):
 garbage-first heap   total reserved 2066432K, committed 131072K, used 9045K [0x0000000081e00000, 0x0000000100000000)
  region size 1024K, 3 young (3072K), 3 survivors (3072K)
 Metaspace       used 7096K, committed 7296K, reserved 1114112K
  class space    used 886K, committed 960K, reserved 1048576K
}
Event: 2.547 GC heap before
{Heap before GC invocations=1 (full 0):
 garbage-first heap   total reserved 2066432K, committed 131072K, used 29525K [0x0000000081e00000, 0x0000000100000000)
  region size 1024K, 24 young (24576K), 3 survivors (3072K)
 Metaspace       used 13953K, committed 14336K, reserved 1114112K
  class space    used 1749K, committed 1920K, reserved 1048576K
}
Event: 2.555 GC heap after
{Heap after GC invocations=2 (full 0):
 garbage-first heap   total reserved 2066432K, committed 131072K, used 11366K [0x0000000081e00000, 0x0000000100000000)
  region size 1024K, 3 young (3072K), 3 survivors (3072K)
 Metaspace       used 13953K, committed 14336K, reserved 1114112K
  class space    used 1749K, committed 1920K, reserved 1048576K
}
Event: 4.187 GC heap before
{Heap before GC invocations=2 (full 0):
 garbage-first heap   total reserved 2066432K, committed 131072K, used 49254K [0x0000000081e00000, 0x0000000100000000)
  region size 1024K, 41 young (41984K), 3 survivors (3072K)
 Metaspace       used 21183K, committed 21504K, reserved 1114112K
  class space    used 2661K, committed 2816K, reserved 1048576K
}
Event: 4.199 GC heap after
{Heap after GC invocations=3 (full 0):
 garbage-first heap   total reserved 2066432K, committed 131072K, used 14966K [0x0000000081e00000, 0x0000000100000000)
  region size 1024K, 6 young (6144K), 6 survivors (6144K)
 Metaspace       used 21183K, committed 21504K, reserved 1114112K
  class space    used 2661K, committed 2816K, reserved 1048576K
}
Event: 5.762 GC heap before
{Heap before GC invocations=4 (full 0):
 garbage-first heap   total reserved 2066432K, committed 51200K, used 39542K [0x0000000081e00000, 0x0000000100000000)
  region size 1024K, 30 young (30720K), 6 survivors (6144K)
 Metaspace       used 25323K, committed 25728K, reserved 1114112K
  class space    used 3250K, committed 3456K, reserved 1048576K
}
Event: 5.782 GC heap after
{Heap after GC invocations=5 (full 0):
 garbage-first heap   total reserved 2066432K, committed 51200K, used 16875K [0x0000000081e00000, 0x0000000100000000)
  region size 1024K, 2 young (2048K), 2 survivors (2048K)
 Metaspace       used 25323K, committed 25728K, reserved 1114112K
  class space    used 3250K, committed 3456K, reserved 1048576K
}
Event: 6.850 GC heap before
{Heap before GC invocations=5 (full 0):
 garbage-first heap   total reserved 2066432K, committed 51200K, used 38379K [0x0000000081e00000, 0x0000000100000000)
  region size 1024K, 23 young (23552K), 2 survivors (2048K)
 Metaspace       used 29932K, committed 30400K, reserved 1114112K
  class space    used 3899K, committed 4096K, reserved 1048576K
}
Event: 6.863 GC heap after
{Heap after GC invocations=6 (full 0):
 garbage-first heap   total reserved 2066432K, committed 51200K, used 19555K [0x0000000081e00000, 0x0000000100000000)
  region size 1024K, 3 young (3072K), 3 survivors (3072K)
 Metaspace       used 29932K, committed 30400K, reserved 1114112K
  class space    used 3899K, committed 4096K, reserved 1048576K
}
Event: 7.747 GC heap before
{Heap before GC invocations=6 (full 0):
 garbage-first heap   total reserved 2066432K, committed 51200K, used 40035K [0x0000000081e00000, 0x0000000100000000)
  region size 1024K, 23 young (23552K), 3 survivors (3072K)
 Metaspace       used 34293K, committed 34816K, reserved 1114112K
  class space    used 4444K, committed 4672K, reserved 1048576K
}
Event: 7.754 GC heap after
{Heap after GC invocations=7 (full 0):
 garbage-first heap   total reserved 2066432K, committed 51200K, used 20955K [0x0000000081e00000, 0x0000000100000000)
  region size 1024K, 2 young (2048K), 2 survivors (2048K)
 Metaspace       used 34293K, committed 34816K, reserved 1114112K
  class space    used 4444K, committed 4672K, reserved 1048576K
}
Event: 7.978 GC heap before
{Heap before GC invocations=7 (full 0):
 garbage-first heap   total reserved 2066432K, committed 51200K, used 25051K [0x0000000081e00000, 0x0000000100000000)
  region size 1024K, 7 young (7168K), 2 survivors (2048K)
 Metaspace       used 35469K, committed 35968K, reserved 1114112K
  class space    used 4631K, committed 4864K, reserved 1048576K
}
Event: 7.981 GC heap after
{Heap after GC invocations=8 (full 0):
 garbage-first heap   total reserved 2066432K, committed 51200K, used 21051K [0x0000000081e00000, 0x0000000100000000)
  region size 1024K, 2 young (2048K), 2 survivors (2048K)
 Metaspace       used 35469K, committed 35968K, reserved 1114112K
  class space    used 4631K, committed 4864K, reserved 1048576K
}

Dll operation events (12 events):
Event: 0.023 Loaded shared library C:\Program Files\Java\jdk-23\bin\java.dll
Event: 0.100 Loaded shared library C:\Program Files\Java\jdk-23\bin\jsvml.dll
Event: 0.292 Loaded shared library C:\Program Files\Java\jdk-23\bin\zip.dll
Event: 0.299 Loaded shared library C:\Program Files\Java\jdk-23\bin\instrument.dll
Event: 0.305 Loaded shared library C:\Program Files\Java\jdk-23\bin\net.dll
Event: 0.333 Loaded shared library C:\Program Files\Java\jdk-23\bin\nio.dll
Event: 0.338 Loaded shared library C:\Program Files\Java\jdk-23\bin\zip.dll
Event: 0.635 Loaded shared library C:\Program Files\Java\jdk-23\bin\extnet.dll
Event: 0.761 Loaded shared library C:\Program Files\Java\jdk-23\bin\jimage.dll
Event: 3.084 Loaded shared library C:\Program Files\Java\jdk-23\bin\sunmscapi.dll
Event: 7.081 Loaded shared library C:\Program Files\Java\jdk-23\bin\management.dll
Event: 7.083 Loaded shared library C:\Program Files\Java\jdk-23\bin\management_ext.dll

Deoptimization events (20 events):
Event: 7.463 Thread 0x0000016ef56772f0 Uncommon trap: trap_request=0xffffff76 fr.pc=0x0000016e902da708 relative=0x0000000000000988
Event: 7.463 Thread 0x0000016ef56772f0 Uncommon trap: reason=predicate action=maybe_recompile pc=0x0000016e902da708 method=java.util.AbstractCollection.toArray([Ljava/lang/Object;)[Ljava/lang/Object; @ 43 c2
Event: 7.463 Thread 0x0000016ef56772f0 DEOPT PACKING pc=0x0000016e902da708 sp=0x0000002fa54fcdf0
Event: 7.463 Thread 0x0000016ef56772f0 DEOPT UNPACKING pc=0x0000016e8fbf4402 sp=0x0000002fa54fcdb8 mode 2
Event: 7.474 Thread 0x0000016ef56772f0 Uncommon trap: trap_request=0xffffff45 fr.pc=0x0000016e90295f80 relative=0x0000000000000360
Event: 7.474 Thread 0x0000016ef56772f0 Uncommon trap: reason=unstable_if action=reinterpret pc=0x0000016e90295f80 method=jdk.internal.org.objectweb.asm.Frame.push(I)V @ 26 c2
Event: 7.474 Thread 0x0000016ef56772f0 DEOPT PACKING pc=0x0000016e90295f80 sp=0x0000002fa54fd590
Event: 7.474 Thread 0x0000016ef56772f0 DEOPT UNPACKING pc=0x0000016e8fbf4402 sp=0x0000002fa54fd498 mode 2
Event: 7.565 Thread 0x0000016ef56772f0 Uncommon trap: trap_request=0xffffff45 fr.pc=0x0000016e902dbadc relative=0x00000000000007fc
Event: 7.565 Thread 0x0000016ef56772f0 Uncommon trap: reason=unstable_if action=reinterpret pc=0x0000016e902dbadc method=java.lang.PublicMethods$MethodList.filter([Ljava/lang/reflect/Method;Ljava/lang/String;[Ljava/lang/Class;Z)Ljava/lang/PublicMethods$MethodList; @ 43 c2
Event: 7.565 Thread 0x0000016ef56772f0 DEOPT PACKING pc=0x0000016e902dbadc sp=0x0000002fa54fdd40
Event: 7.565 Thread 0x0000016ef56772f0 DEOPT UNPACKING pc=0x0000016e8fbf4402 sp=0x0000002fa54fdcf0 mode 2
Event: 7.936 Thread 0x0000016ef56772f0 Uncommon trap: trap_request=0xffffff45 fr.pc=0x0000016e902b6818 relative=0x00000000000000f8
Event: 7.936 Thread 0x0000016ef56772f0 Uncommon trap: reason=unstable_if action=reinterpret pc=0x0000016e902b6818 method=java.lang.ClassLoader.getClassLoadingLock(Ljava/lang/String;)Ljava/lang/Object; @ 6 c2
Event: 7.936 Thread 0x0000016ef56772f0 DEOPT PACKING pc=0x0000016e902b6818 sp=0x0000002fa54fda40
Event: 7.936 Thread 0x0000016ef56772f0 DEOPT UNPACKING pc=0x0000016e8fbf4402 sp=0x0000002fa54fd9d0 mode 2
Event: 8.245 Thread 0x0000016ef56772f0 Uncommon trap: trap_request=0xffffff54 fr.pc=0x0000016e90245db4 relative=0x0000000000000994
Event: 8.245 Thread 0x0000016ef56772f0 Uncommon trap: reason=speculate_null_assert action=make_not_entrant pc=0x0000016e90245db4 method=java.util.jar.JarFile.getVersionedEntry(Ljava/lang/String;Ljava/util/jar/JarEntry;)Ljava/util/jar/JarEntry; @ 115 c2
Event: 8.245 Thread 0x0000016ef56772f0 DEOPT PACKING pc=0x0000016e90245db4 sp=0x0000002fa54f9cc0
Event: 8.245 Thread 0x0000016ef56772f0 DEOPT UNPACKING pc=0x0000016e8fbf4402 sp=0x0000002fa54f9c98 mode 2

Classes loaded (20 events):
Event: 7.588 Loading class java/lang/instrument/ClassFileTransformer
Event: 7.588 Loading class java/lang/instrument/ClassFileTransformer done
Event: 7.988 Loading class java/util/UUID$Holder
Event: 7.988 Loading class java/util/UUID$Holder done
Event: 7.989 Loading class jdk/internal/util/HexDigits
Event: 7.989 Loading class jdk/internal/util/HexDigits done
Event: 7.989 Loading class jdk/internal/util/ByteArrayLittleEndian
Event: 7.991 Loading class jdk/internal/util/ByteArrayLittleEndian done
Event: 8.211 Loading class javax/xml/stream/XMLStreamException
Event: 8.212 Loading class javax/xml/stream/XMLStreamException done
Event: 8.212 Loading class javax/xml/stream/XMLEventReader
Event: 8.212 Loading class javax/xml/stream/XMLEventReader done
Event: 8.228 Loading class javax/xml/stream/XMLEventFactory
Event: 8.229 Loading class javax/xml/stream/XMLEventFactory done
Event: 8.229 Loading class javax/xml/stream/FactoryFinder
Event: 8.229 Loading class javax/xml/stream/FactoryFinder done
Event: 8.230 Loading class javax/xml/stream/FactoryFinder$1
Event: 8.230 Loading class javax/xml/stream/FactoryFinder$1 done
Event: 8.231 Loading class com/sun/xml/internal/stream/events/XMLEventFactoryImpl
Event: 8.231 Loading class com/sun/xml/internal/stream/events/XMLEventFactoryImpl done

Classes unloaded (0 events):
No events

Classes redefined (0 events):
No events

Internal exceptions (20 events):
Event: 6.154 Thread 0x0000016ef56772f0 Exception <a 'java/lang/ArrayIndexOutOfBoundsException'{0x00000000845ae140}> (0x00000000845ae140) 
thrown [s\open\src\hotspot\share\runtime\sharedRuntime.cpp, line 627]
Event: 6.154 Thread 0x0000016ef56772f0 Exception <a 'java/lang/ArrayIndexOutOfBoundsException'{0x00000000845ae9c8}> (0x00000000845ae9c8) 
thrown [s\open\src\hotspot\share\runtime\sharedRuntime.cpp, line 627]
Event: 6.223 Thread 0x0000016ef56772f0 Exception <a 'java/lang/NoSuchMethodError'{0x000000008434c270}: 'java.lang.Object java.lang.invoke.DirectMethodHandle$Holder.invokeVirtual(java.lang.Object, java.lang.Object, java.lang.Object, java.lang.Object, java.lang.Object)'> (0x000000008434c270) 
thrown [s\open\src\hotspot\share\interpreter\linkResolver.cpp, line 796]
Event: 6.391 Thread 0x0000016ef56772f0 Exception <a 'java/lang/NoSuchMethodError'{0x00000000841b26c0}: 'java.lang.Object java.lang.invoke.DirectMethodHandle$Holder.invokeVirtual(java.lang.Object, java.lang.Object, java.lang.Object, java.lang.Object, java.lang.Object, java.lang.Object)'> (0x00000000841b26c0) 
thrown [s\open\src\hotspot\share\interpreter\linkResolver.cpp, line 796]
Event: 6.531 Thread 0x0000016ef56772f0 Exception <a 'java/lang/NoSuchMethodError'{0x00000000840dbdf0}: 'void java.lang.invoke.DirectMethodHandle$Holder.invokeInterface(java.lang.Object, java.lang.Object, int)'> (0x00000000840dbdf0) 
thrown [s\open\src\hotspot\share\interpreter\linkResolver.cpp, line 796]
Event: 6.546 Thread 0x0000016ef56772f0 Exception <a 'java/lang/IncompatibleClassChangeError'{0x0000000083f1f1e0}: Found class java.lang.Object, but interface was expected> (0x0000000083f1f1e0) 
thrown [s\open\src\hotspot\share\interpreter\linkResolver.cpp, line 863]
Event: 6.551 Thread 0x0000016ef56772f0 Exception <a 'java/lang/NoSuchMethodError'{0x0000000083f2d4c8}: 'int java.lang.invoke.DirectMethodHandle$Holder.invokeSpecialIFC(java.lang.Object, java.lang.Object, java.lang.Object)'> (0x0000000083f2d4c8) 
thrown [s\open\src\hotspot\share\interpreter\linkResolver.cpp, line 796]
Event: 6.592 Thread 0x0000016ef56772f0 Exception <a 'java/lang/NoSuchMethodError'{0x0000000083fd3d90}: 'void java.lang.invoke.DirectMethodHandle$Holder.invokeStatic(java.lang.Object, java.lang.Object, java.lang.Object, int, java.lang.Object)'> (0x0000000083fd3d90) 
thrown [s\open\src\hotspot\share\interpreter\linkResolver.cpp, line 796]
Event: 6.595 Thread 0x0000016ef56772f0 Exception <a 'java/lang/NoSuchMethodError'{0x0000000083fda6b0}: 'java.lang.Object java.lang.invoke.DirectMethodHandle$Holder.newInvokeSpecial(java.lang.Object, java.lang.Object, java.lang.Object, int)'> (0x0000000083fda6b0) 
thrown [s\open\src\hotspot\share\interpreter\linkResolver.cpp, line 796]
Event: 6.595 Thread 0x0000016ef56772f0 Exception <a 'java/lang/NoSuchMethodError'{0x0000000083fde4d8}: 'java.lang.Object java.lang.invoke.DirectMethodHandle$Holder.invokeSpecial(java.lang.Object, java.lang.Object, java.lang.Object, java.lang.Object, int)'> (0x0000000083fde4d8) 
thrown [s\open\src\hotspot\share\interpreter\linkResolver.cpp, line 796]
Event: 6.596 Thread 0x0000016ef56772f0 Exception <a 'java/lang/NoSuchMethodError'{0x0000000083fe1978}: 'java.lang.Object java.lang.invoke.Invokers$Holder.linkToTargetMethod(java.lang.Object, java.lang.Object, int, java.lang.Object)'> (0x0000000083fe1978) 
thrown [s\open\src\hotspot\share\interpreter\linkResolver.cpp, line 796]
Event: 6.807 Thread 0x0000016ef56772f0 Exception <a 'java/lang/NoSuchMethodError'{0x0000000083b9acc0}: 'java.lang.Object java.lang.invoke.DirectMethodHandle$Holder.invokeStaticInit(java.lang.Object, int, int, int, int)'> (0x0000000083b9acc0) 
thrown [s\open\src\hotspot\share\interpreter\linkResolver.cpp, line 796]
Event: 6.867 Thread 0x0000016ef56772f0 Exception <a 'java/lang/NoSuchMethodError'{0x0000000089d1fae0}: 'java.lang.Object java.lang.invoke.DirectMethodHandle$Holder.invokeStaticInit(java.lang.Object, java.lang.Object, int, int, int, int)'> (0x0000000089d1fae0) 
thrown [s\open\src\hotspot\share\interpreter\linkResolver.cpp, line 796]
Event: 7.044 Thread 0x0000016ef56772f0 Exception <a 'java/lang/NoSuchMethodError'{0x000000008713f0d8}: 'int java.lang.invoke.DirectMethodHandle$Holder.invokeVirtual(java.lang.Object, java.lang.Object, java.lang.Object, java.lang.Object)'> (0x000000008713f0d8) 
thrown [s\open\src\hotspot\share\interpreter\linkResolver.cpp, line 796]
Event: 7.045 Thread 0x0000016ef56772f0 Exception <a 'java/lang/NoSuchMethodError'{0x0000000087142970}: 'int java.lang.invoke.DelegatingMethodHandle$Holder.reinvoke_L(java.lang.Object, java.lang.Object, java.lang.Object, java.lang.Object)'> (0x0000000087142970) 
thrown [s\open\src\hotspot\share\interpreter\linkResolver.cpp, line 796]
Event: 7.101 Thread 0x0000016ef56772f0 Exception <a 'java/io/FileNotFoundException'{0x0000000087047b90}> (0x0000000087047b90) 
thrown [s\open\src\hotspot\share\prims\jni.cpp, line 520]
Event: 7.186 Thread 0x0000016ef56772f0 Exception <a 'java/lang/NoSuchMethodError'{0x00000000848a0058}: 'int java.lang.invoke.DirectMethodHandle$Holder.invokeInterface(java.lang.Object, java.lang.Object, java.lang.Object, java.lang.Object)'> (0x00000000848a0058) 
thrown [s\open\src\hotspot\share\interpreter\linkResolver.cpp, line 796]
Event: 7.284 Thread 0x0000016ef56772f0 Exception <a 'java/lang/NoSuchMethodError'{0x00000000846834e8}: 'long java.lang.invoke.DirectMethodHandle$Holder.invokeVirtual(java.lang.Object, java.lang.Object)'> (0x00000000846834e8) 
thrown [s\open\src\hotspot\share\interpreter\linkResolver.cpp, line 796]
Event: 7.474 Thread 0x0000016ef56772f0 Exception <a 'java/lang/NoSuchMethodError'{0x0000000084187528}: 'java.lang.Object java.lang.invoke.DirectMethodHandle$Holder.newInvokeSpecial(java.lang.Object, java.lang.Object, java.lang.Object, java.lang.Object, java.lang.Object, java.lang.Object, java.lang.Object, java.lang.Object, java.lang.Object, java.lang.Object, java.lang.Object)'> (0x0000000084187528) 
thrown [s\open\src\hotspot\share\interpreter\linkResolver.cpp, line 796]
Event: 7.654 Thread 0x0000016ef56772f0 Exception <a 'java/lang/NoSuchMethodError'{0x0000000083d056b0}: 'void java.lang.invoke.DelegatingMethodHandle$Holder.reinvoke_L(java.lang.Object, java.lang.Object, java.lang.Object, java.lang.Object, int, java.lang.Object, java.lang.Object, java.lang.Object)'> (0x0000000083d056b0) 
thrown [s\open\src\hotspot\share\interpreter\linkResolver.cpp, line 796]

VM Operations (20 events):
Event: 7.091 Executing VM operation: HandshakeAllThreads (Deoptimize)
Event: 7.091 Executing VM operation: HandshakeAllThreads (Deoptimize) done
Event: 7.150 Executing VM operation: HandshakeAllThreads (Deoptimize)
Event: 7.151 Executing VM operation: HandshakeAllThreads (Deoptimize) done
Event: 7.232 Executing VM operation: HandshakeAllThreads (Deoptimize)
Event: 7.232 Executing VM operation: HandshakeAllThreads (Deoptimize) done
Event: 7.233 Executing VM operation: HandshakeAllThreads (Deoptimize)
Event: 7.233 Executing VM operation: HandshakeAllThreads (Deoptimize) done
Event: 7.300 Executing VM operation: HandshakeAllThreads (Deoptimize)
Event: 7.300 Executing VM operation: HandshakeAllThreads (Deoptimize) done
Event: 7.747 Executing VM operation: G1CollectForAllocation (G1 Evacuation Pause)
Event: 7.754 Executing VM operation: G1CollectForAllocation (G1 Evacuation Pause) done
Event: 7.784 Executing VM operation: HandshakeAllThreads (Deoptimize)
Event: 7.784 Executing VM operation: HandshakeAllThreads (Deoptimize) done
Event: 7.978 Executing VM operation: CollectForMetadataAllocation (Metadata GC Threshold)
Event: 7.981 Executing VM operation: CollectForMetadataAllocation (Metadata GC Threshold) done
Event: 8.003 Executing VM operation: G1PauseRemark
Event: 8.007 Executing VM operation: G1PauseRemark done
Event: 8.014 Executing VM operation: G1PauseCleanup
Event: 8.014 Executing VM operation: G1PauseCleanup done

Memory protections (0 events):
No events

Nmethod flushes (20 events):
Event: 8.006 Thread 0x0000016efd063240 flushing  nmethod 0x0000016e887a6c08
Event: 8.006 Thread 0x0000016efd063240 flushing  nmethod 0x0000016e887ab588
Event: 8.006 Thread 0x0000016efd063240 flushing  nmethod 0x0000016e88816588
Event: 8.006 Thread 0x0000016efd063240 flushing  nmethod 0x0000016e88816f88
Event: 8.006 Thread 0x0000016efd063240 flushing  nmethod 0x0000016e88819588
Event: 8.006 Thread 0x0000016efd063240 flushing  nmethod 0x0000016e88848108
Event: 8.006 Thread 0x0000016efd063240 flushing  nmethod 0x0000016e88863608
Event: 8.006 Thread 0x0000016efd063240 flushing  nmethod 0x0000016e888ba688
Event: 8.006 Thread 0x0000016efd063240 flushing  nmethod 0x0000016e888bc188
Event: 8.006 Thread 0x0000016efd063240 flushing  nmethod 0x0000016e888ef808
Event: 8.006 Thread 0x0000016efd063240 flushing  nmethod 0x0000016e888f0588
Event: 8.006 Thread 0x0000016efd063240 flushing  nmethod 0x0000016e88913188
Event: 8.006 Thread 0x0000016efd063240 flushing  nmethod 0x0000016e8894e388
Event: 8.006 Thread 0x0000016efd063240 flushing  nmethod 0x0000016e88950308
Event: 8.006 Thread 0x0000016efd063240 flushing  nmethod 0x0000016e8897e808
Event: 8.006 Thread 0x0000016efd063240 flushing  nmethod 0x0000016e88983d08
Event: 8.006 Thread 0x0000016efd063240 flushing  nmethod 0x0000016e889f1f08
Event: 8.006 Thread 0x0000016efd063240 flushing  nmethod 0x0000016e88ab9a88
Event: 8.006 Thread 0x0000016efd063240 flushing  nmethod 0x0000016e88aba688
Event: 8.006 Thread 0x0000016efd063240 flushing  nmethod 0x0000016e88a06e88

Events (20 events):
Event: 0.097 Thread 0x0000016ef56772f0 Thread added: 0x0000016efd087560
Event: 0.097 Thread 0x0000016ef56772f0 Thread added: 0x0000016efd0882f0
Event: 0.097 Thread 0x0000016ef56772f0 Thread added: 0x0000016efd08b1c0
Event: 0.242 Thread 0x0000016ef56772f0 Thread added: 0x0000016e9775e600
Event: 0.590 Thread 0x0000016ef56772f0 Thread added: 0x0000016edd143e10
Event: 0.590 Thread 0x0000016ef56772f0 Thread added: 0x0000016edd144480
Event: 0.982 Thread 0x0000016efd08b1c0 Thread added: 0x0000016edd2aa920
Event: 2.232 Thread 0x0000016ef56772f0 Thread added: 0x0000016eddaa1070
Event: 3.039 Thread 0x0000016efd08b1c0 Thread added: 0x0000016ede3fdb70
Event: 3.105 Thread 0x0000016eddaa1070 Thread exited: 0x0000016eddaa1070
Event: 3.348 Thread 0x0000016ef56772f0 Thread added: 0x0000016eddbc37e0
Event: 3.404 Thread 0x0000016eddbc37e0 Thread exited: 0x0000016eddbc37e0
Event: 4.606 Thread 0x0000016ede3fdb70 Thread exited: 0x0000016ede3fdb70
Event: 5.666 Thread 0x0000016edd2aa920 Thread exited: 0x0000016edd2aa920
Event: 6.379 Thread 0x0000016efd08b1c0 Thread added: 0x0000016edd04f460
Event: 6.693 Thread 0x0000016efd08b1c0 Thread added: 0x0000016ede1ac210
Event: 7.312 Thread 0x0000016ef56772f0 Thread added: 0x0000016edd4ee900
Event: 7.321 Thread 0x0000016ef56772f0 Thread added: 0x0000016edd4f0340
Event: 7.328 Thread 0x0000016ef56772f0 Thread added: 0x0000016edd4eef90
Event: 7.384 Thread 0x0000016ef56772f0 Thread added: 0x0000016edd4ee270


Dynamic libraries:
0x00007ff761960000 - 0x00007ff761970000 	C:\Program Files\Java\jdk-23\bin\java.exe
0x00007ffc738b0000 - 0x00007ffc73aa8000 	C:\Windows\SYSTEM32\ntdll.dll
0x00007ffc718e0000 - 0x00007ffc719a2000 	C:\Windows\System32\KERNEL32.DLL
0x00007ffc71300000 - 0x00007ffc715f6000 	C:\Windows\System32\KERNELBASE.dll
0x00007ffc70f70000 - 0x00007ffc71070000 	C:\Windows\System32\ucrtbase.dll
0x00007ffc6c530000 - 0x00007ffc6c547000 	C:\Program Files\Java\jdk-23\bin\jli.dll
0x00007ffc6c2d0000 - 0x00007ffc6c2eb000 	C:\Program Files\Java\jdk-23\bin\VCRUNTIME140.dll
0x00007ffc71a60000 - 0x00007ffc71bfd000 	C:\Windows\System32\USER32.dll
0x00007ffc71600000 - 0x00007ffc71622000 	C:\Windows\System32\win32u.dll
0x00007ffc5c2c0000 - 0x00007ffc5c55a000 	C:\Windows\WinSxS\amd64_microsoft.windows.common-controls_6595b64144ccf1df_6.0.19041.4355_none_60b8b9eb71f62e16\COMCTL32.dll
0x00007ffc72c20000 - 0x00007ffc72c4b000 	C:\Windows\System32\GDI32.dll
0x00007ffc720d0000 - 0x00007ffc7216e000 	C:\Windows\System32\msvcrt.dll
0x00007ffc711e0000 - 0x00007ffc712fa000 	C:\Windows\System32\gdi32full.dll
0x00007ffc71070000 - 0x00007ffc7110d000 	C:\Windows\System32\msvcp_win.dll
0x00007ffc73490000 - 0x00007ffc734bf000 	C:\Windows\System32\IMM32.DLL
0x00007ffc6c560000 - 0x00007ffc6c56c000 	C:\Program Files\Java\jdk-23\bin\vcruntime140_1.dll
0x00007ffc49440000 - 0x00007ffc494ce000 	C:\Program Files\Java\jdk-23\bin\msvcp140.dll
0x00007ffc36850000 - 0x00007ffc3759f000 	C:\Program Files\Java\jdk-23\bin\server\jvm.dll
0x00007ffc71f50000 - 0x00007ffc71fff000 	C:\Windows\System32\ADVAPI32.dll
0x00007ffc71eb0000 - 0x00007ffc71f4f000 	C:\Windows\System32\sechost.dll
0x00007ffc71d00000 - 0x00007ffc71e23000 	C:\Windows\System32\RPCRT4.dll
0x00007ffc70f40000 - 0x00007ffc70f67000 	C:\Windows\System32\bcrypt.dll
0x00007ffc71c90000 - 0x00007ffc71cfb000 	C:\Windows\System32\WS2_32.dll
0x00007ffc70440000 - 0x00007ffc7048b000 	C:\Windows\SYSTEM32\POWRPROF.dll
0x00007ffc5af80000 - 0x00007ffc5afa7000 	C:\Windows\SYSTEM32\WINMM.dll
0x00007ffc6b120000 - 0x00007ffc6b12a000 	C:\Windows\SYSTEM32\VERSION.dll
0x00007ffc70300000 - 0x00007ffc70312000 	C:\Windows\SYSTEM32\UMPDC.dll
0x00007ffc6f720000 - 0x00007ffc6f732000 	C:\Windows\SYSTEM32\kernel.appcore.dll
0x00007ffc6c290000 - 0x00007ffc6c29a000 	C:\Program Files\Java\jdk-23\bin\jimage.dll
0x00007ffc6ec90000 - 0x00007ffc6ee74000 	C:\Windows\SYSTEM32\DBGHELP.DLL
0x00007ffc4f4f0000 - 0x00007ffc4f524000 	C:\Windows\SYSTEM32\dbgcore.DLL
0x00007ffc71630000 - 0x00007ffc716b2000 	C:\Windows\System32\bcryptPrimitives.dll
0x00007ffc6c280000 - 0x00007ffc6c28f000 	C:\Program Files\Java\jdk-23\bin\instrument.dll
0x00007ffc6bed0000 - 0x00007ffc6beee000 	C:\Program Files\Java\jdk-23\bin\java.dll
0x00007ffc734c0000 - 0x00007ffc735eb000 	C:\Windows\System32\ole32.dll
0x00007ffc72c50000 - 0x00007ffc72fa5000 	C:\Windows\System32\combase.dll
0x00007ffc72170000 - 0x00007ffc728df000 	C:\Windows\System32\SHELL32.dll
0x00007ffc6ef60000 - 0x00007ffc6f703000 	C:\Windows\SYSTEM32\windows.storage.dll
0x00007ffc70890000 - 0x00007ffc708bb000 	C:\Windows\SYSTEM32\Wldp.dll
0x00007ffc735f0000 - 0x00007ffc736bd000 	C:\Windows\System32\OLEAUT32.dll
0x00007ffc719b0000 - 0x00007ffc71a5d000 	C:\Windows\System32\SHCORE.dll
0x00007ffc72010000 - 0x00007ffc72065000 	C:\Windows\System32\shlwapi.dll
0x00007ffc70e70000 - 0x00007ffc70e95000 	C:\Windows\SYSTEM32\profapi.dll
0x00007ffc47760000 - 0x00007ffc47837000 	C:\Program Files\Java\jdk-23\bin\jsvml.dll
0x00007ffc6b170000 - 0x00007ffc6b187000 	C:\Program Files\Java\jdk-23\bin\zip.dll
0x00007ffc6bf30000 - 0x00007ffc6bf40000 	C:\Program Files\Java\jdk-23\bin\net.dll
0x00007ffc70670000 - 0x00007ffc706dc000 	C:\Windows\system32\mswsock.dll
0x00007ffc6beb0000 - 0x00007ffc6bec6000 	C:\Program Files\Java\jdk-23\bin\nio.dll
0x00007ffc6be90000 - 0x00007ffc6be99000 	C:\Program Files\Java\jdk-23\bin\extnet.dll
0x00007ffc6aa10000 - 0x00007ffc6aa1e000 	C:\Program Files\Java\jdk-23\bin\sunmscapi.dll
0x00007ffc716c0000 - 0x00007ffc7181d000 	C:\Windows\System32\CRYPT32.dll
0x00007ffc709e0000 - 0x00007ffc70a07000 	C:\Windows\SYSTEM32\ncrypt.dll
0x00007ffc709a0000 - 0x00007ffc709db000 	C:\Windows\SYSTEM32\NTASN1.dll
0x00007ffc708d0000 - 0x00007ffc708e8000 	C:\Windows\SYSTEM32\CRYPTSP.dll
0x00007ffc6ff40000 - 0x00007ffc6ff78000 	C:\Windows\system32\rsaenh.dll
0x00007ffc70e30000 - 0x00007ffc70e5e000 	C:\Windows\SYSTEM32\USERENV.dll
0x00007ffc70800000 - 0x00007ffc7080c000 	C:\Windows\SYSTEM32\CRYPTBASE.dll
0x00007ffc70320000 - 0x00007ffc7035b000 	C:\Windows\SYSTEM32\IPHLPAPI.DLL
0x00007ffc718d0000 - 0x00007ffc718d8000 	C:\Windows\System32\NSI.dll
0x00007ffc6c4c0000 - 0x00007ffc6c4ca000 	C:\Program Files\Java\jdk-23\bin\management.dll
0x00007ffc6a930000 - 0x00007ffc6a93b000 	C:\Program Files\Java\jdk-23\bin\management_ext.dll
0x00007ffc71c00000 - 0x00007ffc71c08000 	C:\Windows\System32\PSAPI.DLL
0x00007ffc6a920000 - 0x00007ffc6a930000 	C:\Program Files\Java\jdk-23\bin\verify.dll

dbghelp: loaded successfully - version: 4.0.5 - missing functions: none
symbol engine: initialized successfully - sym options: 0x614 - pdb path: .;C:\Program Files\Java\jdk-23\bin;C:\Windows\SYSTEM32;C:\Windows\WinSxS\amd64_microsoft.windows.common-controls_6595b64144ccf1df_6.0.19041.4355_none_60b8b9eb71f62e16;C:\Program Files\Java\jdk-23\bin\server

VM Arguments:
jvm_args: -javaagent:C:\Program Files\JetBrains\IntelliJ IDEA Community Edition 2024.3.1.1\lib\idea_rt.jar=52378 -Dfile.encoding=UTF-8 -Dsun.stdout.encoding=UTF-8 -Dsun.stderr.encoding=UTF-8 
java_command: edu.icet.ecom.Main
java_class_path (initial): D:\ICET\Employee_Manage_System\target\classes;C:\Users\User\.m2\repository\org\springframework\boot\spring-boot-starter-web\3.4.5\spring-boot-starter-web-3.4.5.jar;C:\Users\User\.m2\repository\org\springframework\boot\spring-boot-starter\3.4.5\spring-boot-starter-3.4.5.jar;C:\Users\User\.m2\repository\org\springframework\boot\spring-boot\3.4.5\spring-boot-3.4.5.jar;C:\Users\User\.m2\repository\org\springframework\boot\spring-boot-autoconfigure\3.4.5\spring-boot-autoconfigure-3.4.5.jar;C:\Users\User\.m2\repository\org\springframework\boot\spring-boot-starter-logging\3.4.5\spring-boot-starter-logging-3.4.5.jar;C:\Users\User\.m2\repository\ch\qos\logback\logback-classic\1.5.18\logback-classic-1.5.18.jar;C:\Users\User\.m2\repository\ch\qos\logback\logback-core\1.5.18\logback-core-1.5.18.jar;C:\Users\User\.m2\repository\org\apache\logging\log4j\log4j-to-slf4j\2.24.3\log4j-to-slf4j-2.24.3.jar;C:\Users\User\.m2\repository\org\apache\logging\log4j\log4j-api\2.24.3\log4j-api-2.24.3.jar;C:\Users\User\.m2\repository\org\slf4j\jul-to-slf4j\2.0.17\jul-to-slf4j-2.0.17.jar;C:\Users\User\.m2\repository\jakarta\annotation\jakarta.annotation-api\2.1.1\jakarta.annotation-api-2.1.1.jar;C:\Users\User\.m2\repository\org\springframework\spring-core\6.2.6\spring-core-6.2.6.jar;C:\Users\User\.m2\repository\org\springframework\spring-jcl\6.2.6\spring-jcl-6.2.6.jar;C:\Users\User\.m2\repository\org\yaml\snakeyaml\2.3\snakeyaml-2.3.jar;C:\Users\User\.m2\repository\org\springframework\boot\spring-boot-starter-json\3.4.5\spring-boot-starter-json-3.4.5.jar;C:\Users\User\.m2\repository\com\fasterxml\jackson\core\jackson-databind\2.18.3\jackson-databind-2.18.3.jar;C:\Users\User\.m2\repository\com\fasterxml\jackson\core\jackson-annotations\2.18.3\jackson-annotations-2.18.3.jar;C:\Users\User\.m2\repository\com\fasterxml\jackson\core\jackson-core\2.18.3\jackson-core-2.18.3.jar;C:\Users\User\.m2\repository\com\fasterxml\jackson\datatype\jackson-datatype-jdk8\2.18.3\jackson-datatype-jdk8-2.18.3.jar;C:\Users\User\.m2\repository\com\fasterxml\jackson\datatype\jackson-datatype-jsr310\2.18.3\jackson-datatype-jsr310-2.18.3.jar;C:\Users\User\.m2\repository\com\fasterxml\jackson\module\jackson-module-parameter-names\2.18.3\jackson-module-parameter-names-2.18.3.jar;C:\Users\User\.m2\repository\org\springframework\boot\spring-boot-starter-tomcat\3.4.5\spring-boot-starter-tomcat-3.4.5.jar;C:\Users\User\.m2\repository\org\apache\tomcat\embed\tomcat-embed-core\10.1.40\tomcat-embed-core-10.1.40.jar;C:\Users\User\.m2\repository\org\apache\tomcat\embed\tomcat-embed-el\10.1.40\tomcat-embed-el-10.1.40.jar;C:\Users\User\.m2\repository\org\apache\tomcat\embed\tomcat-embed-websocket\10.1.40\tomcat-embed-websocket-10.1.40.jar;C:\Users\User\.m2\repository\org\springframework\spring-web\6.2.6\spring-web-6.2.6.jar;C:\Users\User\.m2\repository\org\springframework\spring-beans\6.2.6\spring-beans-6.2.6.jar;C:\Users\User\.m2\repository\io\micrometer\micrometer-observation\1.14.6\micrometer-observation-1.14.6.jar;C:\Users\User\.m2\repository\io\micrometer\micrometer-commons\1.14.6\micrometer-commons-1.14.6.jar;C:\Users\User\.m2\repository\org\springframework\spring-webmvc\6.2.6\spring-webmvc-6.2.6.jar;C:\Users\User\.m2\repository\org\springframework\spring-aop\6.2.6\spring-aop-6.2.6.jar;C:\Users\User\.m2\repository\org\springframework\spring-context\6.2.6\spring-context-6.2.6.jar;C:\Users\User\.m2\repository\org\springframework\spring-expression\6.2.6\spring-expression-6.2.6.jar;C:\Users\User\.m2\repository\com\mysql\mysql-connector-j\9.2.0\mysql-connector-j-9.2.0.jar;C:\Users\User\.m2\repository\org\springframework\boot\spring-boot-starter-data-jpa\3.4.5\spring-boot-starter-data-jpa-3.4.5.jar;C:\Users\User\.m2\repository\org\springframework\boot\spring-boot-starter-jdbc\3.4.5\spring-boot-starter-jdbc-3.4.5.jar;C:\Users\User\.m2\repository\com\zaxxer\HikariCP\5.1.0\HikariCP-5.1.0.jar;C:\Users\User\.m2\repository\org\springframework\spring-jdbc\6.2.6\spring-jdbc-6.2.6.jar;C:\Users\User\.m2\repository\org\hibernate\orm\hibernate-core\6.6.13.Final\hibernate-core-6.6.13.Final.jar;C:\Users\User\.m2\repository\jakarta\persistence\jakarta.persistence-api\3.1.0\jakarta.persistence-api-3.1.0.jar;C:\Users\User\.m2\repository\jakarta\transaction\jakarta.transaction-api\2.0.1\jakarta.transaction-api-2.0.1.jar;C:\Users\User\.m2\repository\org\jboss\logging\jboss-logging\3.6.1.Final\jboss-logging-3.6.1.Final.jar;C:\Users\User\.m2\repository\org\hibernate\common\hibernate-commons-annotations\7.0.3.Final\hibernate-commons-annotations-7.0.3.Final.jar;C:\Users\User\.m2\repository\io\smallrye\jandex\3.2.0\jandex-3.2.0.jar;C:\Users\User\.m2\repository\com\fasterxml\classmate\1.7.0\classmate-1.7.0.jar;C:\Users\User\.m2\repository\net\bytebuddy\byte-buddy\1.15.11\byte-buddy-1.15.11.jar;C:\Users\User\.m2\repository\jakarta\xml\bind\jakarta.xml.bind-api\4.0.2\jakarta.xml.bind-api-4.0.2.jar;C:\Users\User\.m2\repository\jakarta\activation\jakarta.activation-api\2.1.3\jakarta.activation-api-2.1.3.jar;C:\Users\User\.m2\repository\org\glassfish\jaxb\jaxb-runtime\4.0.5\jaxb-runtime-4.0.5.jar;C:\Users\User\.m2\repository\org\glassfish\jaxb\jaxb-core\4.0.5\jaxb-core-4.0.5.jar;C:\Users\User\.m2\repository\org\eclipse\angus\angus-activation\2.0.2\angus-activation-2.0.2.jar;C:\Users\User\.m2\repository\org\glassfish\jaxb\txw2\4.0.5\txw2-4.0.5.jar;C:\Users\User\.m2\repository\com\sun\istack\istack-commons-runtime\4.1.2\istack-commons-runtime-4.1.2.jar;C:\Users\User\.m2\repository\jakarta\inject\jakarta.inject-api\2.0.1\jakarta.inject-api-2.0.1.jar;C:\Users\User\.m2\repository\org\antlr\antlr4-runtime\4.13.0\antlr4-runtime-4.13.0.jar;C:\Users\User\.m2\repository\org\springframework\data\spring-data-jpa\3.4.5\spring-data-jpa-3.4.5.jar;C:\Users\User\.m2\repository\org\springframework\data\spring-data-commons\3.4.5\spring-data-commons-3.4.5.jar;C:\Users\User\.m2\repository\org\springframework\spring-orm\6.2.6\spring-orm-6.2.6.jar;C:\Users\User\.m2\repository\org\springframework\spring-tx\6.2.6\spring-tx-6.2.6.jar;C:\Users\User\.m2\repository\org\slf4j\slf4j-api\2.0.17\slf4j-api-2.0.17.jar;C:\Users\User\.m2\repository\org\springframework\spring-aspects\6.2.6\spring-aspects-6.2.6.jar;C:\Users\User\.m2\repository\org\aspectj\aspectjweaver\1.9.24\aspectjweaver-1.9.24.jar;C:\Users\User\.m2\repository\org\modelmapper\modelmapper\3.2.2\modelmapper-3.2.2.jar;C:\Users\User\.m2\repository\org\jetbrains\annotations\26.0.2\annotations-26.0.2.jar;C:\Users\User\.m2\repository\jakarta\validation\jakarta.validation-api\3.0.2\jakarta.validation-api-3.0.2.jar
Launcher Type: SUN_STANDARD

[Global flags]
     intx CICompilerCount                          = 4                                         {product} {ergonomic}
     uint ConcGCThreads                            = 2                                         {product} {ergonomic}
     uint G1ConcRefinementThreads                  = 8                                         {product} {ergonomic}
   size_t G1HeapRegionSize                         = 1048576                                   {product} {ergonomic}
   size_t InitialHeapSize                          = 134217728                                 {product} {ergonomic}
   size_t MarkStackSize                            = 4194304                                   {product} {ergonomic}
   size_t MarkStackSizeMax                         = 536870912                                 {product} {ergonomic}
   size_t MaxHeapSize                              = 2116026368                                {product} {ergonomic}
   size_t MaxNewSize                               = 1268776960                                {product} {ergonomic}
   size_t MinHeapDeltaBytes                        = 1048576                                   {product} {ergonomic}
   size_t MinHeapSize                              = 8388608                                   {product} {ergonomic}
    uintx NonNMethodCodeHeapSize                   = 5832704                                {pd product} {ergonomic}
    uintx NonProfiledCodeHeapSize                  = 122945536                              {pd product} {ergonomic}
    uintx ProfiledCodeHeapSize                     = 122880000                              {pd product} {ergonomic}
    uintx ReservedCodeCacheSize                    = 251658240                              {pd product} {ergonomic}
     bool SegmentedCodeCache                       = true                                      {product} {ergonomic}
   size_t SoftMaxHeapSize                          = 2116026368                             {manageable} {ergonomic}
     bool UseCompressedOops                        = true                           {product lp64_product} {ergonomic}
     bool UseG1GC                                  = true                                      {product} {ergonomic}
     bool UseLargePagesIndividualAllocation        = false                                  {pd product} {ergonomic}

Logging:
Log output configuration:
 #0: stdout all=warning uptime,level,tags foldmultilines=false
 #1: stderr all=off uptime,level,tags foldmultilines=false

Environment Variables:
PATH=C:\Program Files\Common Files\Oracle\Java\javapath;C:\Windows\system32;C:\Windows;C:\Windows\System32\Wbem;C:\Windows\System32\WindowsPowerShell\v1.0\;C:\Windows\System32\OpenSSH\;C:\Program Files\Intel\WiFi\bin\;C:\Program Files\Common Files\Intel\WirelessCommon\;C:\Program Files\Java\jdk-23\bin;C:\Program Files\nodejs\;C:\Program Files\Git\cmd;C:\Users\User\.local\bin;C:\Program Files\MySQL\MySQL Shell 8.0\bin\;C:\Users\User\AppData\Local\Microsoft\WindowsApps;C:\Users\User\AppData\Local\Programs\Microsoft VS Code\bin;C:\Program Files\Java\jdk-23\bin;C:\Users\User\AppData\Roaming\npm
USERNAME=User
OS=Windows_NT
PROCESSOR_IDENTIFIER=Intel64 Family 6 Model 142 Stepping 10, GenuineIntel
TMP=C:\Users\User\AppData\Local\Temp
TEMP=C:\Users\User\AppData\Local\Temp




Periodic native trim disabled

---------------  S Y S T E M  ---------------

OS:
 Windows 10 , 64 bit Build 19041 (10.0.19041.5678)
OS uptime: 1 days 5:07 hours
Hyper-V role detected

CPU: total 8 (initial active 8) (4 cores per cpu, 2 threads per core) family 6 model 142 stepping 10 microcode 0xf6, cx8, cmov, fxsr, ht, mmx, 3dnowpref, sse, sse2, sse3, ssse3, sse4.1, sse4.2, popcnt, lzcnt, tsc, tscinvbit, avx, avx2, aes, erms, clmul, bmi1, bmi2, rtm, adx, fma, vzeroupper, clflush, clflushopt, hv, rdtscp, f16c
Processor Information for the first 8 processors :
  Max Mhz: 1896, Current Mhz: 1696, Mhz Limit: 1687

Memory: 4k page, system-wide physical 8066M (718M free)
TotalPageFile size 12162M (AvailPageFile size 7M)
current process WorkingSet (physical memory assigned to process): 203M, peak: 204M
current process commit charge ("private bytes"): 244M, peak: 295M

vm_info: Java HotSpot(TM) 64-Bit Server VM (23.0.1+11-39) for windows-amd64 JRE (23.0.1+11-39), built on 2024-09-30T07:20:43Z with MS VC++ 17.6 (VS2022)

END.
