#
# There is insufficient memory for the Java Runtime Environment to continue.
# Native memory allocation (mmap) failed to map 65536 bytes. Error detail: Failed to commit metaspace.
# Possible reasons:
#   The system is out of physical RAM or swap space
#   This process is running with CompressedOops enabled, and the Java Heap may be blocking the growth of the native heap
# Possible solutions:
#   Reduce memory load on the system
#   Increase physical memory or swap space
#   Check if swap backing store is full
#   Decrease Java heap size (-Xmx/-Xms)
#   Decrease number of Java threads
#   Decrease Java thread stack sizes (-Xss)
#   Set larger code cache with -XX:ReservedCodeCacheSize=
#   JVM is running with Unscaled Compressed Oops mode in which the Java heap is
#     placed in the first 4GB address space. The Java Heap base address is the
#     maximum limit for the native heap growth. Please use -XX:HeapBaseMinAddress
#     to set the Java Heap base and to place the Java Heap above 4GB virtual address.
# This output file may be truncated or incomplete.
#
#  Out of Memory Error (virtualSpaceNode.cpp:113), pid=11668, tid=7820
#
# JRE version: Java(TM) SE Runtime Environment (23.0.1+11) (build 23.0.1+11-39)
# Java VM: Java HotSpot(TM) 64-Bit Server VM (23.0.1+11-39, mixed mode, sharing, tiered, compressed oops, compressed class ptrs, g1 gc, windows-amd64)
# No core dump will be written. Minidumps are not enabled by default on client versions of Windows
#

---------------  S U M M A R Y ------------

Command Line: -javaagent:C:\Program Files\JetBrains\IntelliJ IDEA Community Edition 2024.3.1.1\lib\idea_rt.jar=52383 -Dfile.encoding=UTF-8 -Dsun.stdout.encoding=UTF-8 -Dsun.stderr.encoding=UTF-8 edu.icet.ecom.Main

Host: Intel(R) Core(TM) i5-8350U CPU @ 1.70GHz, 8 cores, 7G,  Windows 10 , 64 bit Build 19041 (10.0.19041.5678)
Time: Tue Apr 29 13:23:59 2025 Sri Lanka Standard Time elapsed time: 2.216061 seconds (0d 0h 0m 2s)

---------------  T H R E A D  ---------------

Current thread (0x00000250e8896fa0):  JavaThread "main"             [_thread_in_vm, id=7820, stack(0x000000ddcd100000,0x000000ddcd200000) (1024K)]

Stack: [0x000000ddcd100000,0x000000ddcd200000]
Native frames: (J=compiled Java code, j=interpreted, Vv=VM code, C=native code)
V  [jvm.dll+0x6e08b9]  (no source info available)
V  [jvm.dll+0x87dc83]  (no source info available)
V  [jvm.dll+0x88010e]  (no source info available)
V  [jvm.dll+0x8807e3]  (no source info available)
V  [jvm.dll+0x27aee6]  (no source info available)
V  [jvm.dll+0x87988e]  (no source info available)
V  [jvm.dll+0x682035]  (no source info available)
V  [jvm.dll+0x1e09dc]  (no source info available)
V  [jvm.dll+0x1e07ae]  (no source info available)
V  [jvm.dll+0x684988]  (no source info available)
V  [jvm.dll+0x2219dc]  (no source info available)
V  [jvm.dll+0x682a4e]  (no source info available)
V  [jvm.dll+0x26509f]  (no source info available)
V  [jvm.dll+0x68cde4]  (no source info available)
V  [jvm.dll+0x211fe1]  (no source info available)
V  [jvm.dll+0x21244a]  (no source info available)
V  [jvm.dll+0x212e71]  (no source info available)
V  [jvm.dll+0x20811e]  (no source info available)
V  [jvm.dll+0x5be6df]  (no source info available)
V  [jvm.dll+0x7f3ad6]  (no source info available)
V  [jvm.dll+0x475cf6]  (no source info available)
V  [jvm.dll+0x47bb98]  (no source info available)
C  [java.dll+0x17d4]  (no source info available)
C  0x0000025087af3d7c  (no source info available)

The last pc belongs to native nmethod (printed below).
Java frames: (J=compiled Java code, j=interpreted, Vv=VM code)
J 649  java.lang.ClassLoader.defineClass1(Ljava/lang/ClassLoader;Ljava/lang/String;[BIILjava/security/ProtectionDomain;Ljava/lang/String;)Ljava/lang/Class; java.base@23.0.1 (0 bytes) @ 0x0000025087af3ce1 [0x0000025087af3c20+0x00000000000000c1]
J 1264 c1 java.lang.ClassLoader.defineClass(Ljava/lang/String;[BIILjava/security/ProtectionDomain;)Ljava/lang/Class; java.base@23.0.1 (43 bytes) @ 0x0000025080190a4c [0x0000025080190700+0x000000000000034c]
J 1155 c1 java.security.SecureClassLoader.defineClass(Ljava/lang/String;[BIILjava/security/CodeSource;)Ljava/lang/Class; java.base@23.0.1 (16 bytes) @ 0x000002508016fb9c [0x000002508016fac0+0x00000000000000dc]
J 1038 c1 jdk.internal.loader.BuiltinClassLoader.defineClass(Ljava/lang/String;Ljdk/internal/loader/Resource;)Ljava/lang/Class; java.base@23.0.1 (121 bytes) @ 0x0000025080144694 [0x0000025080143720+0x0000000000000f74]
J 841 c1 jdk.internal.loader.BuiltinClassLoader.findClassOnClassPathOrNull(Ljava/lang/String;)Ljava/lang/Class; java.base@23.0.1 (64 bytes) @ 0x00000250800f0e14 [0x00000250800f0180+0x0000000000000c94]
J 510 c1 jdk.internal.loader.BuiltinClassLoader.loadClassOrNull(Ljava/lang/String;Z)Ljava/lang/Class; java.base@23.0.1 (143 bytes) @ 0x000002508007dd04 [0x000002508007d2e0+0x0000000000000a24]
J 748 c1 jdk.internal.loader.ClassLoaders$AppClassLoader.loadClass(Ljava/lang/String;Z)Ljava/lang/Class; java.base@23.0.1 (40 bytes) @ 0x00000250800cdac4 [0x00000250800cd8e0+0x00000000000001e4]
J 747 c1 java.lang.ClassLoader.loadClass(Ljava/lang/String;)Ljava/lang/Class; java.base@23.0.1 (7 bytes) @ 0x00000250800cd6b4 [0x00000250800cd5a0+0x0000000000000114]
v  ~StubRoutines::call_stub 0x0000025087530fcd
j  ch.qos.logback.classic.PatternLayout.<clinit>()V+484
v  ~StubRoutines::call_stub 0x0000025087530fcd
j  ch.qos.logback.classic.encoder.PatternLayoutEncoder.start()V+0
j  org.springframework.boot.logging.logback.LogbackConfigurator.start(Lch/qos/logback/core/spi/LifeCycle;)V+23
j  org.springframework.boot.logging.logback.DefaultLogbackConfiguration.createAppender(Lorg/springframework/boot/logging/logback/LogbackConfigurator;Lch/qos/logback/core/OutputStreamAppender;Ljava/lang/String;)V+27
j  org.springframework.boot.logging.logback.DefaultLogbackConfiguration.consoleAppender(Lorg/springframework/boot/logging/logback/LogbackConfigurator;)Lch/qos/logback/core/Appender;+13
j  org.springframework.boot.logging.logback.DefaultLogbackConfiguration.apply(Lorg/springframework/boot/logging/logback/LogbackConfigurator;)V+14
j  org.springframework.boot.logging.logback.LogbackLoggingSystem.lambda$loadDefaults$1(Lch/qos/logback/classic/LoggerContext;Lorg/springframework/boot/logging/LoggingInitializationContext;Lorg/springframework/boot/logging/LogFile;)V+102
j  org.springframework.boot.logging.logback.LogbackLoggingSystem$$Lambda+0x0000025090146bf8.run()V+16
j  org.springframework.boot.logging.logback.LogbackLoggingSystem.withLoggingSuppressed(Ljava/lang/Runnable;)V+17
j  org.springframework.boot.logging.logback.LogbackLoggingSystem.loadDefaults(Lorg/springframework/boot/logging/LoggingInitializationContext;Lorg/springframework/boot/logging/LogFile;)V+20
j  org.springframework.boot.logging.AbstractLoggingSystem.initializeWithConventions(Lorg/springframework/boot/logging/LoggingInitializationContext;Lorg/springframework/boot/logging/LogFile;)V+43
j  org.springframework.boot.logging.AbstractLoggingSystem.initialize(Lorg/springframework/boot/logging/LoggingInitializationContext;Ljava/lang/String;Lorg/springframework/boot/logging/LogFile;)V+18
j  org.springframework.boot.logging.logback.LogbackLoggingSystem.initialize(Lorg/springframework/boot/logging/LoggingInitializationContext;Ljava/lang/String;Lorg/springframework/boot/logging/LogFile;)V+36
j  org.springframework.boot.context.logging.LoggingApplicationListener.initializeSystem(Lorg/springframework/core/env/ConfigurableEnvironment;Lorg/springframework/boot/logging/LoggingSystem;Lorg/springframework/boot/logging/LogFile;)V+49
j  org.springframework.boot.context.logging.LoggingApplicationListener.initialize(Lorg/springframework/core/env/ConfigurableEnvironment;Ljava/lang/ClassLoader;)V+59
j  org.springframework.boot.context.logging.LoggingApplicationListener.onApplicationEnvironmentPreparedEvent(Lorg/springframework/boot/context/event/ApplicationEnvironmentPreparedEvent;)V+32
j  org.springframework.boot.context.logging.LoggingApplicationListener.onApplicationEvent(Lorg/springframework/context/ApplicationEvent;)V+34
j  org.springframework.context.event.SimpleApplicationEventMulticaster.doInvokeListener(Lorg/springframework/context/ApplicationListener;Lorg/springframework/context/ApplicationEvent;)V+2
j  org.springframework.context.event.SimpleApplicationEventMulticaster.invokeListener(Lorg/springframework/context/ApplicationListener;Lorg/springframework/context/ApplicationEvent;)V+34
j  org.springframework.context.event.SimpleApplicationEventMulticaster.multicastEvent(Lorg/springframework/context/ApplicationEvent;Lorg/springframework/core/ResolvableType;)V+104
j  org.springframework.context.event.SimpleApplicationEventMulticaster.multicastEvent(Lorg/springframework/context/ApplicationEvent;)V+3
j  org.springframework.boot.context.event.EventPublishingRunListener.multicastInitialEvent(Lorg/springframework/context/ApplicationEvent;)V+9
j  org.springframework.boot.context.event.EventPublishingRunListener.environmentPrepared(Lorg/springframework/boot/ConfigurableBootstrapContext;Lorg/springframework/core/env/ConfigurableEnvironment;)V+18
j  org.springframework.boot.SpringApplicationRunListeners.lambda$environmentPrepared$2(Lorg/springframework/boot/ConfigurableBootstrapContext;Lorg/springframework/core/env/ConfigurableEnvironment;Lorg/springframework/boot/SpringApplicationRunListener;)V+3
j  org.springframework.boot.SpringApplicationRunListeners$$Lambda+0x00000250900b08f0.accept(Ljava/lang/Object;)V+12
j  java.lang.Iterable.forEach(Ljava/util/function/Consumer;)V+30 java.base@23.0.1
j  org.springframework.boot.SpringApplicationRunListeners.doWithListeners(Ljava/lang/String;Ljava/util/function/Consumer;Ljava/util/function/Consumer;)V+17
j  org.springframework.boot.SpringApplicationRunListeners.doWithListeners(Ljava/lang/String;Ljava/util/function/Consumer;)V+4
j  org.springframework.boot.SpringApplicationRunListeners.environmentPrepared(Lorg/springframework/boot/ConfigurableBootstrapContext;Lorg/springframework/core/env/ConfigurableEnvironment;)V+10
j  org.springframework.boot.SpringApplication.prepareEnvironment(Lorg/springframework/boot/SpringApplicationRunListeners;Lorg/springframework/boot/DefaultBootstrapContext;Lorg/springframework/boot/ApplicationArguments;)Lorg/springframework/core/env/ConfigurableEnvironment;+27
j  org.springframework.boot.SpringApplication.run([Ljava/lang/String;)Lorg/springframework/context/ConfigurableApplicationContext;+65
j  org.springframework.boot.SpringApplication.run([Ljava/lang/Class;[Ljava/lang/String;)Lorg/springframework/context/ConfigurableApplicationContext;+9
j  org.springframework.boot.SpringApplication.run(Ljava/lang/Class;[Ljava/lang/String;)Lorg/springframework/context/ConfigurableApplicationContext;+9
j  edu.icet.ecom.Main.main([Ljava/lang/String;)V+6
v  ~StubRoutines::call_stub 0x0000025087530fcd
Lock stack of current Java thread (top to bottom):
LockStack[0]: java.lang.Object 
{0x00000000897e9fe8} - klass: 'java/lang/Object'
 - ---- fields (total size 2 words):


Compiled method (n/a) 2303  649     n 0       java.lang.ClassLoader::defineClass1 (native)
 total in heap  [0x0000025087af3b08,0x0000025087af40c0] = 1464
 relocation     [0x0000025087af3be0,0x0000025087af3c18] = 56
 main code      [0x0000025087af3c20,0x0000025087af40bf] = 1183
 stub code      [0x0000025087af40bf,0x0000025087af40c0] = 1

[Constant Pool (empty)]

[MachCode]
[Entry Point]
  # {method} {0x000002508f478b70} 'defineClass1' '(Ljava/lang/ClassLoader;Ljava/lang/String;[BIILjava/security/ProtectionDomain;Ljava/lang/String;)Ljava/lang/Class;' in 'java/lang/ClassLoader'
  # parm0:    rdx:rdx   = 'java/lang/ClassLoader'
  # parm1:    r8:r8     = 'java/lang/String'
  # parm2:    r9:r9     = '[B'
  # parm3:    rdi       = int
  # parm4:    rsi       = int
  # parm5:    rcx:rcx   = 'java/security/ProtectionDomain'
  # parm6:    [sp+0xa0]   = 'java/lang/String'  (sp of caller)
  0x0000025087af3c20: 6690 448b | 5208 443b 

  0x0000025087af3c28: ;   {runtime_call ic_miss_stub}
  0x0000025087af3c28: 5008 0f85 | b0a8 a8ff 
[Verified Entry Point]
  0x0000025087af3c30: 8984 2400 | 80ff ff55 | 488b ec48 | 81ec 9000 | 0000 6690 | 4181 7f20 | 0100 0000 

  0x0000025087af3c4c: ;   {runtime_call StubRoutines (final stubs)}
  0x0000025087af3c4c: 7405 e8ed | 3aa7 ff48 | 837d 1000 | 488d 4510 | 480f 4445 | 1048 8944 | 2440 4889 | 4c24 7048 
  0x0000025087af3c6c: 83f9 0048 | 8d44 2470 | 480f 4444 | 2470 4889 | 4424 3848 | 8974 2430 | 4889 7c24 | 284c 894c 
  0x0000025087af3c8c: 2458 4983 | f900 488d | 4424 5848 | 0f44 4424 | 5848 8944 | 2420 4c89 | 4424 5049 | 83f8 004c 
  0x0000025087af3cac: 8d4c 2450 | 4c0f 444c | 2450 4889 | 5424 4848 | 83fa 004c | 8d44 2448 | 4c0f 4444 

  0x0000025087af3cc8: ;   {oop(a 'java/lang/Class'{0x0000000088500438} = 'java/lang/ClassLoader')}
  0x0000025087af3cc8: 2448 49be | 3804 5088 | 0000 0000 | 4c89 7424 | 784c 8d74 | 2478 498b | d6c5 f877 

  0x0000025087af3ce4: ;   {internal_word}
  0x0000025087af3ce4: 49ba e13c | af87 5002 | 0000 4d89 | 97a8 0300 | 0049 89a7 | a003 0000 

  0x0000025087af3cfc: ;   {external_word}
  0x0000025087af3cfc: 49ba 41ad | 4937 fc7f | 0000 4180 | 3a00 0f84 | 4e00 0000 | 5241 5041 

  0x0000025087af3d14: ;   {metadata({method} {0x000002508f478b70} 'defineClass1' '(Ljava/lang/ClassLoader;Ljava/lang/String;[BIILjava/security/ProtectionDomain;Ljava/lang/String;)Ljava/lang/Class;' in 'java/lang/ClassLoader')}
  0x0000025087af3d14: 5148 ba68 | 8b47 8f50 | 0200 0049 | 8bcf 4883 | ec20 40f6 | c40f 0f84 | 1900 0000 | 4883 ec08 
  0x0000025087af3d34: ;   {runtime_call}
  0x0000025087af3d34: 48b8 10ee | f936 fc7f | 0000 ffd0 | 4883 c408 | e90c 0000 

  0x0000025087af3d48: ;   {runtime_call}
  0x0000025087af3d48: 0048 b810 | eef9 36fc | 7f00 00ff | d048 83c4 | 2041 5941 | 585a 498d | 8fc0 0300 | 0041 c787 
  0x0000025087af3d68: 4404 0000 | 0400 0000 

  0x0000025087af3d70: ;   {runtime_call}
  0x0000025087af3d70: 48b8 9416 | ed6b fc7f | 0000 ffd0 | c5f8 7741 | c787 4404 | 0000 0500 | 0000 f083 | 4424 c000 
  0x0000025087af3d90: 493b af48 | 0400 000f | 870e 0000 | 0041 83bf | 4004 0000 | 000f 842b | 0000 00c5 | f877 4889 
  0x0000025087af3db0: 45f8 498b | cf4c 8be4 | 4883 ec20 | 4883 e4f0 

  0x0000025087af3dc0: ;   {runtime_call}
  0x0000025087af3dc0: 48b8 90a9 | c336 fc7f | 0000 ffd0 | 498b e44d | 33e4 488b | 45f8 41c7 | 8744 0400 | 0008 0000 
  0x0000025087af3de0: 0041 83bf | c804 0000 | 020f 84a3 

  0x0000025087af3dec: ;   {external_word}
  0x0000025087af3dec: 0200 0049 | ba41 ad49 | 37fc 7f00 | 0041 803a | 000f 844c | 0000 0048 

  0x0000025087af3e04: ;   {metadata({method} {0x000002508f478b70} 'defineClass1' '(Ljava/lang/ClassLoader;Ljava/lang/String;[BIILjava/security/ProtectionDomain;Ljava/lang/String;)Ljava/lang/Class;' in 'java/lang/ClassLoader')}
  0x0000025087af3e04: 8945 f848 | ba68 8b47 | 8f50 0200 | 0049 8bcf | 4883 ec20 | 40f6 c40f | 0f84 1900 | 0000 4883 
  0x0000025087af3e24: ;   {runtime_call}
  0x0000025087af3e24: ec08 48b8 | 10ee f936 | fc7f 0000 | ffd0 4883 | c408 e90c 

  0x0000025087af3e38: ;   {runtime_call}
  0x0000025087af3e38: 0000 0048 | b810 eef9 | 36fc 7f00 | 00ff d048 | 83c4 2048 | 8b45 f849 | c787 a003 | 0000 0000 
  0x0000025087af3e58: 0000 49c7 | 87a8 0300 | 0000 0000 | 00c5 f877 | 4885 c00f | 84fe 0100 | 00a8 030f | 8508 0000 
  0x0000025087af3e78: 0048 8b00 | e9ee 0100 | 00a8 010f | 8509 0000 | 0048 8b40 | fee9 dd01 | 0000 488b | 40ff 4180 
  0x0000025087af3e98: 7f38 000f | 84ce 0100 | 0048 83f8 | 000f 84c4 | 0100 0049 | 8b4f 2848 | 83f9 000f | 8414 0000 
  0x0000025087af3eb8: 0048 83e9 | 0849 894f | 2849 034f | 3048 8901 | e9a2 0100 | 0048 81ec | d000 0000 | 4889 0424 
  0x0000025087af3ed8: 4889 4c24 | 0848 8954 | 2410 4889 | 7424 1848 | 897c 2420 | 4c89 4424 | 284c 894c | 2430 4c89 
  0x0000025087af3ef8: 5424 384c | 895c 2440 | c5fb 1144 | 2450 c5fb | 114c 2458 | c5fb 1154 | 2460 c5fb | 115c 2468 
  0x0000025087af3f18: c5fb 1164 | 2470 c5fb | 116c 2478 | c5fb 11b4 | 2480 0000 | 00c5 fb11 | bc24 8800 | 0000 c57b 
  0x0000025087af3f38: ;   {no_reloc}
  0x0000025087af3f38: 1184 2490 | 0000 00c5 | 7b11 8c24 | 9800 0000 | c57b 1194 | 24a0 0000 | 00c5 7b11 | 9c24 a800 
  0x0000025087af3f58: 0000 c57b | 11a4 24b0 | 0000 00c5 | 7b11 ac24 | b800 0000 | c57b 11b4 | 24c0 0000 | 00c5 7b11 
  0x0000025087af3f78: bc24 c800 | 0000 498b | d748 8bc8 | 4883 ec20 | 40f6 c40f | 0f84 1900 | 0000 4883 

  0x0000025087af3f94: ;   {runtime_call}
  0x0000025087af3f94: ec08 48b8 | e007 b736 | fc7f 0000 | ffd0 4883 | c408 e90c 

  0x0000025087af3fa8: ;   {runtime_call}
  0x0000025087af3fa8: 0000 0048 | b8e0 07b7 | 36fc 7f00 | 00ff d048 | 83c4 20c5 | 7b10 bc24 | c800 0000 | c57b 10b4 
  0x0000025087af3fc8: 24c0 0000 | 00c5 7b10 | ac24 b800 | 0000 c57b | 10a4 24b0 | 0000 00c5 | 7b10 9c24 | a800 0000 
  0x0000025087af3fe8: c57b 1094 | 24a0 0000 | 00c5 7b10 | 8c24 9800 | 0000 c57b | 1084 2490 | 0000 00c5 | fb10 bc24 
  0x0000025087af4008: 8800 0000 | c5fb 10b4 | 2480 0000 | 00c5 fb10 | 6c24 78c5 | fb10 6424 | 70c5 fb10 | 5c24 68c5 
  0x0000025087af4028: fb10 5424 | 60c5 fb10 | 4c24 58c5 | fb10 4424 | 504c 8b5c | 2440 4c8b | 5424 384c | 8b4c 2430 
  0x0000025087af4048: 4c8b 4424 | 2848 8b7c | 2420 488b | 7424 1848 | 8b54 2410 | 488b 4c24 | 0848 8b04 | 2448 81c4 
  0x0000025087af4068: d000 0000 | c5f8 7749 | 8b8f 3004 | 0000 c781 | 0001 0000 | 0000 0000 | c949 837f | 0800 0f85 
  0x0000025087af4088: 0100 0000 

  0x0000025087af408c: ;   {runtime_call StubRoutines (initial stubs)}
  0x0000025087af408c: c3e9 2ece | a3ff c5f8 | 7748 8945 | f84c 8be4 | 4883 ec20 | 4883 e4f0 

  0x0000025087af40a4: ;   {runtime_call}
  0x0000025087af40a4: 48b8 c022 | fa36 fc7f | 0000 ffd0 | 498b e44d | 33e4 488b | 45f8 e930 | fdff fff4 
[/MachCode]


Compiled method (c1) 2312 1264       3       java.lang.ClassLoader::defineClass (43 bytes)
 total in heap  [0x0000025080190588,0x0000025080190c48] = 1728
 relocation     [0x0000025080190660,0x0000025080190700] = 160
 main code      [0x0000025080190700,0x0000025080190b90] = 1168
 stub code      [0x0000025080190b90,0x0000025080190c08] = 120
 metadata       [0x0000025080190c08,0x0000025080190c48] = 64
 immutable data [0x00000250d4848450,0x00000250d4848660] = 528
 dependencies   [0x00000250d4848450,0x00000250d4848468] = 24
 nul chk table  [0x00000250d4848468,0x00000250d4848490] = 40
 scopes pcs     [0x00000250d4848490,0x00000250d4848570] = 224
 scopes data    [0x00000250d4848570,0x00000250d4848660] = 240

[Constant Pool (empty)]

[MachCode]
[Instructions begin]
  0x0000025080190700: 6666 660f | 1f84 0000 | 0000 0066 | 6666 9066 | 6690 448b | 5208 443b 

  0x0000025080190718: ;   {runtime_call ic_miss_stub}
  0x0000025080190718: 5008 0f85 | c0dd 3e07 
[Verified Entry Point]
  0x0000025080190720: 8984 2400 | 80ff ff55 | 4881 ecb0 | 0000 0090 | 4181 7f20 | 0100 0000 

  0x0000025080190738: ;   {runtime_call StubRoutines (final stubs)}
  0x0000025080190738: 7405 e801 | 703d 0748 | 8954 2478 

  0x0000025080190744: ;   {metadata(method data for {method} {0x000002508f478ef0} 'defineClass' '(Ljava/lang/String;[BIILjava/security/ProtectionDomain;)Ljava/lang/Class;' in 'java/lang/ClassLoader')}
  0x0000025080190744: 48bb 3883 | 25d0 5002 | 0000 8b83 | cc00 0000 | 83c0 0289 | 83cc 0000 | 0025 fe07 | 0000 85c0 
  0x0000025080190764: 0f84 4803 | 0000 89b4 | 2494 0000 | 0089 bc24 | 9000 0000 | 4c89 8c24 | 8800 0000 

  0x0000025080190780: ;   {metadata(method data for {method} {0x000002508f478ef0} 'defineClass' '(Ljava/lang/String;[BIILjava/security/ProtectionDomain;)Ljava/lang/Class;' in 'java/lang/ClassLoader')}
  0x0000025080190780: 488b da48 | b838 8325 | d050 0200 | 0048 8380 | 1801 0000 | 0149 8bd8 | 4c8b c34c | 8bc9 488b 
  0x00000250801907a0: ca48 8bd1 | 4889 9c24 | 8000 0000 

  0x00000250801907ac: ;   {optimized virtual_call}
  0x00000250801907ac: 6666 90e8 

  0x00000250801907b0: ; ImmutableOopMap {[120]=Oop [128]=Oop [136]=Oop }
                      ;*invokevirtual preDefineClass {reexecute=0 rethrow=0 return_oop=0}
                      ; - java.lang.ClassLoader::defineClass@4 (line 1024)
  0x00000250801907b0: ec34 feff 

  0x00000250801907b4: ;   {other}
  0x00000250801907b4: 0f1f 8400 | 2c02 0000 | 4889 8424 | 9800 0000 | 488b 5424 

  0x00000250801907c8: ;   {metadata(method data for {method} {0x000002508f478ef0} 'defineClass' '(Ljava/lang/String;[BIILjava/security/ProtectionDomain;)Ljava/lang/Class;' in 'java/lang/ClassLoader')}
  0x00000250801907c8: 7849 b838 | 8325 d050 | 0200 0049 | 8380 4801 

  0x00000250801907d8: ;   {metadata(method data for {method} {0x000002508f478bd8} 'defineClassSourceLocation' '(Ljava/security/ProtectionDomain;)Ljava/lang/String;' in 'java/lang/ClassLoader')}
  0x00000250801907d8: 0000 0149 | b8d0 4927 | d050 0200 | 0041 8b90 | cc00 0000 | 83c2 0241 | 8990 cc00 | 0000 81e2 
  0x00000250801907f8: feff 1f00 | 85d2 0f84 | cf02 0000 

  0x0000025080190804: ; implicit exception: dispatches to 0x0000025080190af4
  0x0000025080190804: 483b 004c 

  0x0000025080190808: ;   {metadata(method data for {method} {0x000002508f478bd8} 'defineClassSourceLocation' '(Ljava/security/ProtectionDomain;)Ljava/lang/String;' in 'java/lang/ClassLoader')}
  0x0000025080190808: 8bc0 48ba | d049 27d0 | 5002 0000 | 4883 8218 | 0100 0001 | 448b 4010 

  0x0000025080190820: ;   {metadata(method data for {method} {0x000002508f478bd8} 'defineClassSourceLocation' '(Ljava/security/ProtectionDomain;)Ljava/lang/String;' in 'java/lang/ClassLoader')}
  0x0000025080190820: 4d85 c048 | bad0 4927 | d050 0200 | 00be 5801 | 0000 7505 | be48 0100 | 0048 8b3c | 3248 8d7f 
  0x0000025080190840: 0148 893c | 320f 850f 

  0x0000025080190848: ;   {oop(nullptr)}
  0x0000025080190848: 0000 0048 | bb00 0000 | 0000 0000 | 00e9 9d01 | 0000 493b | 0049 8bd0 

  0x0000025080190860: ;   {metadata(method data for {method} {0x000002508f478bd8} 'defineClassSourceLocation' '(Ljava/security/ProtectionDomain;)Ljava/lang/String;' in 'java/lang/ClassLoader')}
  0x0000025080190860: 48be d049 | 27d0 5002 | 0000 4883 | 8668 0100 | 0001 418b | 500c 4885 

  0x0000025080190878: ;   {metadata(method data for {method} {0x000002508f478bd8} 'defineClassSourceLocation' '(Ljava/security/ProtectionDomain;)Ljava/lang/String;' in 'java/lang/ClassLoader')}
  0x0000025080190878: d248 bed0 | 4927 d050 | 0200 00bf | a801 0000 | 7505 bf98 | 0100 0048 | 8b1c 3e48 | 8d5b 0148 
  0x0000025080190898: 891c 3e0f | 850f 0000 

  0x00000250801908a0: ;   {oop(nullptr)}
  0x00000250801908a0: 0048 bb00 | 0000 0000 | 0000 00e9 | 4701 0000 

  0x00000250801908b0: ;   {metadata(method data for {method} {0x000002508f478bd8} 'defineClassSourceLocation' '(Ljava/security/ProtectionDomain;)Ljava/lang/String;' in 'java/lang/ClassLoader')}
  0x00000250801908b0: 48be d049 | 27d0 5002 | 0000 4883 | 86b8 0100 | 0001 483b | 024c 8bc2 

  0x00000250801908c8: ;   {metadata(method data for {method} {0x000002508f478bd8} 'defineClassSourceLocation' '(Ljava/security/ProtectionDomain;)Ljava/lang/String;' in 'java/lang/ClassLoader')}
  0x00000250801908c8: 48be d049 | 27d0 5002 | 0000 4883 | 86e8 0100 

  0x00000250801908d8: ;   {metadata(method data for {method} {0x000002508f17d7f8} 'toString' '()Ljava/lang/String;' in 'java/net/URL')}
  0x00000250801908d8: 0001 49b8 | b068 14d0 | 5002 0000 | 418b b0cc | 0000 0083 | c602 4189 | b0cc 0000 | 0081 e6fe 
  0x00000250801908f8: ff1f 0085 | f60f 8400 | 0200 004c 

  0x0000025080190904: ;   {metadata(method data for {method} {0x000002508f17d7f8} 'toString' '()Ljava/lang/String;' in 'java/net/URL')}
  0x0000025080190904: 8bc2 48be | b068 14d0 | 5002 0000 | 4883 8618 | 0100 0001 

  0x0000025080190918: ;   {metadata(method data for {method} {0x000002508f4719c0} 'toExternalForm' '()Ljava/lang/String;' in 'java/net/URL')}
  0x0000025080190918: 49b8 386a | 14d0 5002 | 0000 418b | b0cc 0000 | 0083 c602 | 4189 b0cc | 0000 0081 | e6fe ff1f 
  0x0000025080190938: 0085 f60f | 84e3 0100 | 008b 7238 

  0x0000025080190944: ; implicit exception: dispatches to 0x0000025080190b45
  0x0000025080190944: 483b 064c 

  0x0000025080190948: ;   {metadata(method data for {method} {0x000002508f4719c0} 'toExternalForm' '()Ljava/lang/String;' in 'java/net/URL')}
  0x0000025080190948: 8bc6 48bf | 386a 14d0 | 5002 0000 | 458b 4008 | 49ba 0000 | 008f 5002 | 0000 4d03 | c24c 3b87 
  0x0000025080190968: 2001 0000 | 750d 4883 | 8728 0100 | 0001 e960 | 0000 004c | 3b87 3001 | 0000 750d | 4883 8738 
  0x0000025080190988: 0100 0001 | e94a 0000 | 0048 83bf | 2001 0000 | 0075 174c | 8987 2001 | 0000 48c7 | 8728 0100 
  0x00000250801909a8: 0001 0000 | 00e9 2900 | 0000 4883 | bf30 0100 | 0000 7517 | 4c89 8730 | 0100 0048 | c787 3801 
  0x00000250801909c8: 0000 0100 | 0000 e908 | 0000 0048 | 8387 1801 | 0000 014c | 8bc2 488b | d666 0f1f 

  0x00000250801909e4: ;   {optimized virtual_call}
  0x00000250801909e4: 4400 00e8 

  0x00000250801909e8: ; ImmutableOopMap {[120]=Oop [128]=Oop [136]=Oop [152]=Oop }
                      ;*invokevirtual toExternalForm {reexecute=0 rethrow=0 return_oop=0}
                      ; - java.net.URL::toExternalForm@5 (line 1203)
                      ; - java.net.URL::toString@1 (line 1189)
                      ; - java.lang.ClassLoader::defineClassSourceLocation@22 (line 928)
                      ; - java.lang.ClassLoader::defineClass@12 (line 1025)
  0x00000250801909e8: b4fa f4ff 

  0x00000250801909ec: ;   {other}
  0x00000250801909ec: 0f1f 8400 | 6404 0001 | 488b d848 | 8b84 2498 | 0000 008b | b424 9400 | 0000 8bbc | 2490 0000 
  0x0000025080190a0c: 004c 8b8c | 2488 0000 | 004c 8b84 | 2480 0000 | 0048 8b54 

  0x0000025080190a20: ;   {metadata(method data for {method} {0x000002508f478ef0} 'defineClass' '(Ljava/lang/String;[BIILjava/security/ProtectionDomain;)Ljava/lang/Class;' in 'java/lang/ClassLoader')}
  0x0000025080190a20: 2478 48b9 | 3883 25d0 | 5002 0000 | 4883 8178 | 0100 0001 | 4c8b da49 | 8bd3 488b | c848 891c 
  0x0000025080190a40: 2466 0f1f 

  0x0000025080190a44: ;   {static_call}
  0x0000025080190a44: 4400 00e8 

  0x0000025080190a48: ; ImmutableOopMap {[120]=Oop [152]=Oop }
                      ;*invokestatic defineClass1 {reexecute=0 rethrow=0 return_oop=0}
                      ; - java.lang.ClassLoader::defineClass@27 (line 1026)
  0x0000025080190a48: e431 9607 

  0x0000025080190a4c: ;   {other}
  0x0000025080190a4c: 0f1f 8400 | c404 0002 | 488b 5424 

  0x0000025080190a58: ;   {metadata(method data for {method} {0x000002508f478ef0} 'defineClass' '(Ljava/lang/String;[BIILjava/security/ProtectionDomain;)Ljava/lang/Class;' in 'java/lang/ClassLoader')}
  0x0000025080190a58: 7849 b838 | 8325 d050 | 0200 0049 | 8380 8801 | 0000 014c | 8bc0 4c8b | 8c24 9800 | 0000 488b 
  0x0000025080190a78: 5424 7848 | 8984 24a0 | 0000 000f 

  0x0000025080190a84: ;   {optimized virtual_call}
  0x0000025080190a84: 1f40 00e8 

  0x0000025080190a88: ; ImmutableOopMap {[160]=Oop }
                      ;*invokevirtual postDefineClass {reexecute=0 rethrow=0 return_oop=0}
                      ; - java.lang.ClassLoader::defineClass@37 (line 1027)
  0x0000025080190a88: 945c feff 

  0x0000025080190a8c: ;   {other}
  0x0000025080190a8c: 0f1f 8400 | 0405 0003 | 488b 8424 | a000 0000 | 4881 c4b0 | 0000 005d 

  0x0000025080190aa4: ;   {poll_return}
  0x0000025080190aa4: 493b a748 | 0400 000f | 8799 0000 

  0x0000025080190ab0: ;   {metadata({method} {0x000002508f478ef0} 'defineClass' '(Ljava/lang/String;[BIILjava/security/ProtectionDomain;)Ljava/lang/Class;' in 'java/lang/ClassLoader')}
  0x0000025080190ab0: 00c3 49ba | e88e 478f | 5002 0000 | 4c89 5424 | 0848 c704 | 24ff ffff 

  0x0000025080190ac8: ;   {runtime_call counter_overflow Runtime1 stub}
  0x0000025080190ac8: ffe8 1297 

  0x0000025080190acc: ; ImmutableOopMap {rdx=Oop r8=Oop r9=Oop rcx=Oop [120]=Oop }
                      ;*synchronization entry
                      ; - java.lang.ClassLoader::defineClass@-1 (line 1024)
  0x0000025080190acc: 4b07 e997 

  0x0000025080190ad0: ;   {metadata({method} {0x000002508f478bd8} 'defineClassSourceLocation' '(Ljava/security/ProtectionDomain;)Ljava/lang/String;' in 'java/lang/ClassLoader')}
  0x0000025080190ad0: fcff ff49 | bad0 8b47 | 8f50 0200 | 004c 8954 | 2408 48c7 | 0424 ffff 

  0x0000025080190ae8: ;   {runtime_call counter_overflow Runtime1 stub}
  0x0000025080190ae8: ffff e8f1 

  0x0000025080190aec: ; ImmutableOopMap {rax=Oop [120]=Oop [128]=Oop [136]=Oop [152]=Oop }
                      ;*synchronization entry
                      ; - java.lang.ClassLoader::defineClassSourceLocation@-1 (line 925)
                      ; - java.lang.ClassLoader::defineClass@12 (line 1025)
  0x0000025080190aec: 964b 07e9 | 10fd ffff 

  0x0000025080190af4: ;   {runtime_call throw_null_pointer_exception Runtime1 stub}
  0x0000025080190af4: e8e7 454b 

  0x0000025080190af8: ; ImmutableOopMap {rax=Oop [120]=Oop [128]=Oop [136]=Oop [152]=Oop }
                      ;*invokevirtual getCodeSource {reexecute=0 rethrow=0 return_oop=0}
                      ; - java.lang.ClassLoader::defineClassSourceLocation@1 (line 925)
                      ; - java.lang.ClassLoader::defineClass@12 (line 1025)
                      ;   {runtime_call throw_null_pointer_exception Runtime1 stub}
  0x0000025080190af8: 07e8 e245 

  0x0000025080190afc: ; ImmutableOopMap {rax=Oop r8=Oop [120]=Oop [128]=Oop [136]=Oop [152]=Oop }
                      ;*invokevirtual getLocation {reexecute=0 rethrow=0 return_oop=0}
                      ; - java.lang.ClassLoader::defineClassSourceLocation@12 (line 927)
                      ; - java.lang.ClassLoader::defineClass@12 (line 1025)
                      ;   {runtime_call throw_null_pointer_exception Runtime1 stub}
  0x0000025080190afc: 4b07 e8dd 

  0x0000025080190b00: ; ImmutableOopMap {rdx=Oop [120]=Oop [128]=Oop [136]=Oop [152]=Oop }
                      ;*invokevirtual toString {reexecute=0 rethrow=0 return_oop=0}
                      ; - java.lang.ClassLoader::defineClassSourceLocation@22 (line 928)
                      ; - java.lang.ClassLoader::defineClass@12 (line 1025)
                      ;   {metadata({method} {0x000002508f17d7f8} 'toString' '()Ljava/lang/String;' in 'java/net/URL')}
  0x0000025080190b00: 454b 0749 | baf0 d717 | 8f50 0200 | 004c 8954 | 2408 48c7 | 0424 ffff 

  0x0000025080190b18: ;   {runtime_call counter_overflow Runtime1 stub}
  0x0000025080190b18: ffff e8c1 

  0x0000025080190b1c: ; ImmutableOopMap {rdx=Oop [120]=Oop [128]=Oop [136]=Oop [152]=Oop }
                      ;*synchronization entry
                      ; - java.net.URL::toString@-1 (line 1189)
                      ; - java.lang.ClassLoader::defineClassSourceLocation@22 (line 928)
                      ; - java.lang.ClassLoader::defineClass@12 (line 1025)
  0x0000025080190b1c: 964b 07e9 | dffd ffff 

  0x0000025080190b24: ;   {metadata({method} {0x000002508f4719c0} 'toExternalForm' '()Ljava/lang/String;' in 'java/net/URL')}
  0x0000025080190b24: 49ba b819 | 478f 5002 | 0000 4c89 | 5424 0848 | c704 24ff 

  0x0000025080190b38: ;   {runtime_call counter_overflow Runtime1 stub}
  0x0000025080190b38: ffff ffe8 

  0x0000025080190b3c: ; ImmutableOopMap {rdx=Oop [120]=Oop [128]=Oop [136]=Oop [152]=Oop }
                      ;*synchronization entry
                      ; - java.net.URL::toExternalForm@-1 (line 1203)
                      ; - java.net.URL::toString@1 (line 1189)
                      ; - java.lang.ClassLoader::defineClassSourceLocation@22 (line 928)
                      ; - java.lang.ClassLoader::defineClass@12 (line 1025)
  0x0000025080190b3c: a096 4b07 | e9fc fdff 

  0x0000025080190b44: ;   {runtime_call throw_null_pointer_exception Runtime1 stub}
  0x0000025080190b44: ffe8 9645 

  0x0000025080190b48: ; ImmutableOopMap {rdx=Oop rsi=Oop [120]=Oop [128]=Oop [136]=Oop [152]=Oop }
                      ;*invokevirtual toExternalForm {reexecute=0 rethrow=0 return_oop=0}
                      ; - java.net.URL::toExternalForm@5 (line 1203)
                      ; - java.net.URL::toString@1 (line 1189)
                      ; - java.lang.ClassLoader::defineClassSourceLocation@22 (line 928)
                      ; - java.lang.ClassLoader::defineClass@12 (line 1025)
                      ;   {internal_word}
  0x0000025080190b48: 4b07 49ba | a40a 1980 | 5002 0000 | 4d89 9760 

  0x0000025080190b58: ;   {runtime_call SafepointBlob}
  0x0000025080190b58: 0400 00e9 | 8048 3f07 | 498b 8700 | 0500 0049 | c787 0005 | 0000 0000 | 0000 49c7 | 8708 0500 
  0x0000025080190b78: 0000 0000 | 0048 81c4 | b000 0000 

  0x0000025080190b84: ;   {runtime_call unwind_exception Runtime1 stub}
  0x0000025080190b84: 5de9 5636 | 4b07 f4f4 | f4f4 f4f4 
[Stub Code]
  0x0000025080190b90: ;   {no_reloc}
  0x0000025080190b90: 0f1f 4400 

  0x0000025080190b94: ;   {static_stub}
  0x0000025080190b94: 0048 bb00 | 0000 0000 

  0x0000025080190b9c: ;   {runtime_call nmethod}
  0x0000025080190b9c: 0000 00e9 | fbff ffff 

  0x0000025080190ba4: ;   {static_stub}
  0x0000025080190ba4: 48bb 0000 | 0000 0000 

  0x0000025080190bac: ;   {runtime_call nmethod}
  0x0000025080190bac: 0000 e9fb 

  0x0000025080190bb0: ;   {static_stub}
  0x0000025080190bb0: ffff ff48 | bb00 0000 | 0000 0000 

  0x0000025080190bbc: ;   {runtime_call nmethod}
  0x0000025080190bbc: 00e9 fbff 

  0x0000025080190bc0: ;   {static_stub}
  0x0000025080190bc0: ffff 48bb | 0000 0000 | 0000 0000 

  0x0000025080190bcc: ;   {runtime_call nmethod}
  0x0000025080190bcc: e9fb ffff 

  0x0000025080190bd0: ;   {runtime_call handle_exception_from_callee Runtime1 stub}
  0x0000025080190bd0: ffe8 0a63 

  0x0000025080190bd4: ;   {external_word}
  0x0000025080190bd4: 4b07 48b9 | 40d5 2137 | fc7f 0000 | 4883 e4f0 

  0x0000025080190be4: ;   {runtime_call}
  0x0000025080190be4: 48b8 704a | e836 fc7f | 0000 ffd0 

  0x0000025080190bf0: ;   {section_word}
  0x0000025080190bf0: f449 baf1 | 0b19 8050 | 0200 0041 

  0x0000025080190bfc: ;   {runtime_call DeoptimizationBlob}
  0x0000025080190bfc: 52e9 7e3a | 3f07 f4f4 | f4f4 f4f4 
[/MachCode]


Compiled method (c1) 2324 1155       3       java.security.SecureClassLoader::defineClass (16 bytes)
 total in heap  [0x000002508016f988,0x000002508016fc70] = 744
 relocation     [0x000002508016fa60,0x000002508016fab0] = 80
 main code      [0x000002508016fac0,0x000002508016fc18] = 344
 stub code      [0x000002508016fc18,0x000002508016fc68] = 80
 metadata       [0x000002508016fc68,0x000002508016fc70] = 8
 immutable data [0x00000250d4b74480,0x00000250d4b74520] = 160
 dependencies   [0x00000250d4b74480,0x00000250d4b74488] = 8
 scopes pcs     [0x00000250d4b74488,0x00000250d4b744d8] = 80
 scopes data    [0x00000250d4b744d8,0x00000250d4b74520] = 72

[Constant Pool (empty)]

[MachCode]
[Instructions begin]
  0x000002508016fac0: 6666 660f | 1f84 0000 | 0000 0066 | 6666 9066 | 6690 448b | 5208 443b 

  0x000002508016fad8: ;   {runtime_call ic_miss_stub}
  0x000002508016fad8: 5008 0f85 | 00ea 4007 
[Verified Entry Point]
  0x000002508016fae0: 8984 2400 | 80ff ff55 | 4883 ec70 | 4181 7f20 | 0100 0000 

  0x000002508016faf4: ;   {runtime_call StubRoutines (final stubs)}
  0x000002508016faf4: 7405 e845 

  0x000002508016faf8: ;   {metadata(method data for {method} {0x000002508f1a0e20} 'defineClass' '(Ljava/lang/String;[BIILjava/security/CodeSource;)Ljava/lang/Class;' in 'java/security/SecureClassLoader')}
  0x000002508016faf8: 7c3f 0748 | bbf0 3c1f | d050 0200 | 008b 83cc | 0000 0083 | c002 8983 | cc00 0000 | 25fe 0700 
  0x000002508016fb18: 0085 c00f | 8496 0000 | 0089 7424 | 5c89 7c24 | 584c 894c | 2450 4c89 | 4424 4848 

  0x000002508016fb34: ;   {metadata(method data for {method} {0x000002508f1a0e20} 'defineClass' '(Ljava/lang/String;[BIILjava/security/CodeSource;)Ljava/lang/Class;' in 'java/security/SecureClassLoader')}
  0x000002508016fb34: 8bda 48b8 | f03c 1fd0 | 5002 0000 | 4883 8018 | 0100 0001 | 4c8b c148 | 8bc2 488b | d048 8944 
  0x000002508016fb54: ;   {optimized virtual_call}
  0x000002508016fb54: 2440 90e8 

  0x000002508016fb58: ; ImmutableOopMap {[64]=Oop [72]=Oop [80]=Oop }
                      ;*invokevirtual getProtectionDomain {reexecute=0 rethrow=0 return_oop=0}
                      ; - java.security.SecureClassLoader::defineClass@9 (line 150)
  0x000002508016fb58: 4403 0200 

  0x000002508016fb5c: ;   {other}
  0x000002508016fb5c: 0f1f 8400 | d401 0000 | 488b 5424 

  0x000002508016fb68: ;   {metadata(method data for {method} {0x000002508f1a0e20} 'defineClass' '(Ljava/lang/String;[BIILjava/security/CodeSource;)Ljava/lang/Class;' in 'java/security/SecureClassLoader')}
  0x000002508016fb68: 4049 b8f0 | 3c1f d050 | 0200 0049 | 8380 4801 | 0000 014c | 8b44 2448 | 4c8b 4c24 | 508b 7c24 
  0x000002508016fb88: 588b 7424 | 5c48 8bc8 | 488b 5424 

  0x000002508016fb94: ;   {optimized virtual_call}
  0x000002508016fb94: 4066 90e8 

  0x000002508016fb98: ; ImmutableOopMap {}
                      ;*invokevirtual defineClass {reexecute=0 rethrow=0 return_oop=0}
                      ; - java.security.SecureClassLoader::defineClass@12 (line 150)
  0x000002508016fb98: 840b 0200 

  0x000002508016fb9c: ;   {other}
  0x000002508016fb9c: 0f1f 8400 | 1402 0001 | 4883 c470 

  0x000002508016fba8: ;   {poll_return}
  0x000002508016fba8: 5d49 3ba7 | 4804 0000 | 0f87 2200 

  0x000002508016fbb4: ;   {metadata({method} {0x000002508f1a0e20} 'defineClass' '(Ljava/lang/String;[BIILjava/security/CodeSource;)Ljava/lang/Class;' in 'java/security/SecureClassLoader')}
  0x000002508016fbb4: 0000 c349 | ba18 0e1a | 8f50 0200 | 004c 8954 | 2408 48c7 | 0424 ffff 

  0x000002508016fbcc: ;   {runtime_call counter_overflow Runtime1 stub}
  0x000002508016fbcc: ffff e80d 

  0x000002508016fbd0: ; ImmutableOopMap {rdx=Oop r8=Oop r9=Oop rcx=Oop }
                      ;*synchronization entry
                      ; - java.security.SecureClassLoader::defineClass@-1 (line 150)
  0x000002508016fbd0: a64d 07e9 | 49ff ffff 

  0x000002508016fbd8: ;   {internal_word}
  0x000002508016fbd8: 49ba a9fb | 1680 5002 | 0000 4d89 | 9760 0400 

  0x000002508016fbe8: ;   {runtime_call SafepointBlob}
  0x000002508016fbe8: 00e9 f257 | 4107 498b | 8700 0500 | 0049 c787 | 0005 0000 | 0000 0000 | 49c7 8708 | 0500 0000 
  0x000002508016fc08: 0000 0048 | 83c4 705d 

  0x000002508016fc10: ;   {runtime_call unwind_exception Runtime1 stub}
  0x000002508016fc10: e9cb 454d | 07f4 f4f4 
[Stub Code]
  0x000002508016fc18: ;   {no_reloc}
  0x000002508016fc18: 48bb 680d | 1a8f 5002 

  0x000002508016fc20: ;   {runtime_call I2C/C2I adapters}
  0x000002508016fc20: 0000 e90f 

  0x000002508016fc24: ;   {static_stub}
  0x000002508016fc24: 4341 0748 | bbe8 8e47 | 8f50 0200 

  0x000002508016fc30: ;   {runtime_call I2C/C2I adapters}
  0x000002508016fc30: 00e9 8e3d 

  0x000002508016fc34: ;   {runtime_call handle_exception_from_callee Runtime1 stub}
  0x000002508016fc34: 4007 e8a5 

  0x000002508016fc38: ;   {external_word}
  0x000002508016fc38: 724d 0748 | b940 d521 | 37fc 7f00 | 0048 83e4 

  0x000002508016fc48: ;   {runtime_call}
  0x000002508016fc48: f048 b870 | 4ae8 36fc | 7f00 00ff 

  0x000002508016fc54: ;   {section_word}
  0x000002508016fc54: d0f4 49ba | 56fc 1680 | 5002 0000 

  0x000002508016fc60: ;   {runtime_call DeoptimizationBlob}
  0x000002508016fc60: 4152 e919 | 4a41 07f4 
[/MachCode]


---------------  P R O C E S S  ---------------

Threads class SMR info:
_java_thread_list=0x00000250d4565850, length=13, elements={
0x00000250e8896fa0, 0x00000250f89d3ef0, 0x00000250f89d7e30, 0x00000250f89dc3b0,
0x00000250f89dee20, 0x00000250f89df880, 0x00000250f89e02e0, 0x00000250f89e1070,
0x00000250f89e42d0, 0x00000250d40a1940, 0x00000250d42e5c20, 0x00000250d44fcfb0,
0x00000250d464fd50
}

Java Threads: ( => current thread )
=>0x00000250e8896fa0 JavaThread "main"                              [_thread_in_vm, id=7820, stack(0x000000ddcd100000,0x000000ddcd200000) (1024K)]
  0x00000250f89d3ef0 JavaThread "Reference Handler"          daemon [_thread_blocked, id=10376, stack(0x000000ddcd900000,0x000000ddcda00000) (1024K)]
  0x00000250f89d7e30 JavaThread "Finalizer"                  daemon [_thread_blocked, id=16080, stack(0x000000ddcda00000,0x000000ddcdb00000) (1024K)]
  0x00000250f89dc3b0 JavaThread "Signal Dispatcher"          daemon [_thread_blocked, id=16228, stack(0x000000ddcdb00000,0x000000ddcdc00000) (1024K)]
  0x00000250f89dee20 JavaThread "Attach Listener"            daemon [_thread_blocked, id=4128, stack(0x000000ddcdc00000,0x000000ddcdd00000) (1024K)]
  0x00000250f89df880 JavaThread "Service Thread"             daemon [_thread_blocked, id=7784, stack(0x000000ddcdd00000,0x000000ddcde00000) (1024K)]
  0x00000250f89e02e0 JavaThread "Monitor Deflation Thread"   daemon [_thread_blocked, id=6704, stack(0x000000ddcde00000,0x000000ddcdf00000) (1024K)]
  0x00000250f89e1070 JavaThread "C2 CompilerThread0"         daemon [_thread_blocked, id=10108, stack(0x000000ddcdf00000,0x000000ddce000000) (1024K)]
  0x00000250f89e42d0 JavaThread "C1 CompilerThread0"         daemon [_thread_blocked, id=3852, stack(0x000000ddce000000,0x000000ddce100000) (1024K)]
  0x00000250d40a1940 JavaThread "Common-Cleaner"             daemon [_thread_blocked, id=9060, stack(0x000000ddce100000,0x000000ddce200000) (1024K)]
  0x00000250d42e5c20 JavaThread "Monitor Ctrl-Break"         daemon [_thread_in_native, id=15468, stack(0x000000ddce200000,0x000000ddce300000) (1024K)]
  0x00000250d44fcfb0 JavaThread "Notification Thread"        daemon [_thread_blocked, id=3456, stack(0x000000ddce300000,0x000000ddce400000) (1024K)]
  0x00000250d464fd50 JavaThread "C2 CompilerThread1"         daemon [_thread_blocked, id=2620, stack(0x000000ddce400000,0x000000ddce500000) (1024K)]
Total: 13

Other Threads:
  0x00000250f89b98e0 VMThread "VM Thread"                           [id=6552, stack(0x000000ddcd800000,0x000000ddcd900000) (1024K)]
  0x00000250f89a7cd0 WatcherThread "VM Periodic Task Thread"        [id=15972, stack(0x000000ddcd700000,0x000000ddcd800000) (1024K)]
  0x00000250eace0880 WorkerThread "GC Thread#0"                     [id=13200, stack(0x000000ddcd200000,0x000000ddcd300000) (1024K)]
  0x00000250d4ccbb50 WorkerThread "GC Thread#1"                     [id=10904, stack(0x000000ddce500000,0x000000ddce600000) (1024K)]
  0x00000250d4cef970 WorkerThread "GC Thread#2"                     [id=5804, stack(0x000000ddce600000,0x000000ddce700000) (1024K)]
  0x00000250d4d0bcd0 WorkerThread "GC Thread#3"                     [id=14072, stack(0x000000ddce700000,0x000000ddce800000) (1024K)]
  0x00000250d4da8400 WorkerThread "GC Thread#4"                     [id=13716, stack(0x000000ddce800000,0x000000ddce900000) (1024K)]
  0x00000250d4da87b0 WorkerThread "GC Thread#5"                     [id=16172, stack(0x000000ddce900000,0x000000ddcea00000) (1024K)]
  0x00000250d4da8b60 WorkerThread "GC Thread#6"                     [id=5616, stack(0x000000ddcea00000,0x000000ddceb00000) (1024K)]
  0x00000250eacf6340 ConcurrentGCThread "G1 Main Marker"            [id=12720, stack(0x000000ddcd300000,0x000000ddcd400000) (1024K)]
  0x00000250eacf6f10 WorkerThread "G1 Conc#0"                       [id=3356, stack(0x000000ddcd400000,0x000000ddcd500000) (1024K)]
  0x00000250f887c140 ConcurrentGCThread "G1 Refine#0"               [id=2592, stack(0x000000ddcd500000,0x000000ddcd600000) (1024K)]
  0x00000250f887c970 ConcurrentGCThread "G1 Service"                [id=2392, stack(0x000000ddcd600000,0x000000ddcd700000) (1024K)]
Total: 13

Threads with active compile tasks:
Total: 0

VM state: not at safepoint (normal execution)

VM Mutex/Monitor currently owned by a thread:  ([mutex/lock_event])
[0x00007ffc374c1890] Metaspace_lock - owner thread: 0x00000250e8896fa0

Heap address: 0x0000000081e00000, size: 2018 MB, Compressed Oops mode: 32-bit

CDS archive(s) mapped at: [0x000002508f000000-0x000002508fd70000-0x000002508fd70000), size 14090240, SharedBaseAddress: 0x000002508f000000, ArchiveRelocationMode: 1.
Compressed class space mapped at: 0x0000025090000000-0x00000250d0000000, reserved size: 1073741824
Narrow klass base: 0x000002508f000000, Narrow klass shift: 0, Narrow klass range: 0x41000000

GC Precious Log:
 CardTable entry size: 512
 Card Set container configuration: InlinePtr #cards 5 size 8 Array Of Cards #cards 10 size 36 Howl #buckets 4 coarsen threshold 1843 Howl Bitmap #cards 512 size 80 coarsen threshold 460 Card regions per heap region 1 cards per card region 2048
 CPUs: 8 total, 8 available
 Memory: 8066M
 Large Page Support: Disabled
 NUMA Support: Disabled
 Compressed Oops: Enabled (32-bit)
 Heap Region Size: 1M
 Heap Min Capacity: 8M
 Heap Initial Capacity: 128M
 Heap Max Capacity: 2018M
 Pre-touch: Disabled
 Parallel Workers: 8
 Concurrent Workers: 2
 Concurrent Refinement Workers: 8
 Periodic GC: Disabled

Heap:
 garbage-first heap   total reserved 2066432K, committed 131072K, used 15274K [0x0000000081e00000, 0x0000000100000000)
  region size 1024K, 10 young (10240K), 3 survivors (3072K)
 Metaspace       used 8865K, committed 9152K, reserved 1114112K
  class space    used 1141K, committed 1280K, reserved 1048576K

Heap Regions: E=young(eden), S=young(survivor), O=old, HS=humongous(starts), HC=humongous(continues), CS=collection set, F=free, TAMS=top-at-mark-start, PB=parsable bottom
|   0|0x0000000081e00000, 0x0000000081f00000, 0x0000000081f00000|100%|HS|  |TAMS 0x0000000081e00000| PB 0x0000000081e00000| Complete |  0
|   1|0x0000000081f00000, 0x0000000082000000, 0x0000000082000000|100%|HS|  |TAMS 0x0000000081f00000| PB 0x0000000081f00000| Complete |  0
|   2|0x0000000082000000, 0x0000000082100000, 0x0000000082100000|100%|HS|  |TAMS 0x0000000082000000| PB 0x0000000082000000| Complete |  0
|   3|0x0000000082100000, 0x0000000082200000, 0x0000000082200000|100%| O|  |TAMS 0x0000000082100000| PB 0x0000000082100000| Untracked |  0
|   4|0x0000000082200000, 0x0000000082300000, 0x0000000082300000|100%| O|  |TAMS 0x0000000082200000| PB 0x0000000082200000| Untracked |  0
|   5|0x0000000082300000, 0x00000000823ea9c0, 0x0000000082400000| 91%| O|  |TAMS 0x0000000082300000| PB 0x0000000082300000| Untracked |  0
|   6|0x0000000082400000, 0x0000000082400000, 0x0000000082500000|  0%| F|  |TAMS 0x0000000082400000| PB 0x0000000082400000| Untracked |  0
|   7|0x0000000082500000, 0x0000000082500000, 0x0000000082600000|  0%| F|  |TAMS 0x0000000082500000| PB 0x0000000082500000| Untracked |  0
|   8|0x0000000082600000, 0x0000000082600000, 0x0000000082700000|  0%| F|  |TAMS 0x0000000082600000| PB 0x0000000082600000| Untracked |  0
|   9|0x0000000082700000, 0x0000000082700000, 0x0000000082800000|  0%| F|  |TAMS 0x0000000082700000| PB 0x0000000082700000| Untracked |  0
|  10|0x0000000082800000, 0x0000000082800000, 0x0000000082900000|  0%| F|  |TAMS 0x0000000082800000| PB 0x0000000082800000| Untracked |  0
|  11|0x0000000082900000, 0x0000000082900000, 0x0000000082a00000|  0%| F|  |TAMS 0x0000000082900000| PB 0x0000000082900000| Untracked |  0
|  12|0x0000000082a00000, 0x0000000082a00000, 0x0000000082b00000|  0%| F|  |TAMS 0x0000000082a00000| PB 0x0000000082a00000| Untracked |  0
|  13|0x0000000082b00000, 0x0000000082b00000, 0x0000000082c00000|  0%| F|  |TAMS 0x0000000082b00000| PB 0x0000000082b00000| Untracked |  0
|  14|0x0000000082c00000, 0x0000000082c00000, 0x0000000082d00000|  0%| F|  |TAMS 0x0000000082c00000| PB 0x0000000082c00000| Untracked |  0
|  15|0x0000000082d00000, 0x0000000082d00000, 0x0000000082e00000|  0%| F|  |TAMS 0x0000000082d00000| PB 0x0000000082d00000| Untracked |  0
|  16|0x0000000082e00000, 0x0000000082e00000, 0x0000000082f00000|  0%| F|  |TAMS 0x0000000082e00000| PB 0x0000000082e00000| Untracked |  0
|  17|0x0000000082f00000, 0x0000000082f00000, 0x0000000083000000|  0%| F|  |TAMS 0x0000000082f00000| PB 0x0000000082f00000| Untracked |  0
|  18|0x0000000083000000, 0x0000000083000000, 0x0000000083100000|  0%| F|  |TAMS 0x0000000083000000| PB 0x0000000083000000| Untracked |  0
|  19|0x0000000083100000, 0x0000000083100000, 0x0000000083200000|  0%| F|  |TAMS 0x0000000083100000| PB 0x0000000083100000| Untracked |  0
|  20|0x0000000083200000, 0x0000000083200000, 0x0000000083300000|  0%| F|  |TAMS 0x0000000083200000| PB 0x0000000083200000| Untracked |  0
|  21|0x0000000083300000, 0x0000000083300000, 0x0000000083400000|  0%| F|  |TAMS 0x0000000083300000| PB 0x0000000083300000| Untracked |  0
|  22|0x0000000083400000, 0x0000000083400000, 0x0000000083500000|  0%| F|  |TAMS 0x0000000083400000| PB 0x0000000083400000| Untracked |  0
|  23|0x0000000083500000, 0x0000000083500000, 0x0000000083600000|  0%| F|  |TAMS 0x0000000083500000| PB 0x0000000083500000| Untracked |  0
|  24|0x0000000083600000, 0x0000000083600000, 0x0000000083700000|  0%| F|  |TAMS 0x0000000083600000| PB 0x0000000083600000| Untracked |  0
|  25|0x0000000083700000, 0x0000000083700000, 0x0000000083800000|  0%| F|  |TAMS 0x0000000083700000| PB 0x0000000083700000| Untracked |  0
|  26|0x0000000083800000, 0x0000000083800000, 0x0000000083900000|  0%| F|  |TAMS 0x0000000083800000| PB 0x0000000083800000| Untracked |  0
|  27|0x0000000083900000, 0x0000000083900000, 0x0000000083a00000|  0%| F|  |TAMS 0x0000000083900000| PB 0x0000000083900000| Untracked |  0
|  28|0x0000000083a00000, 0x0000000083a00000, 0x0000000083b00000|  0%| F|  |TAMS 0x0000000083a00000| PB 0x0000000083a00000| Untracked |  0
|  29|0x0000000083b00000, 0x0000000083b00000, 0x0000000083c00000|  0%| F|  |TAMS 0x0000000083b00000| PB 0x0000000083b00000| Untracked |  0
|  30|0x0000000083c00000, 0x0000000083c00000, 0x0000000083d00000|  0%| F|  |TAMS 0x0000000083c00000| PB 0x0000000083c00000| Untracked |  0
|  31|0x0000000083d00000, 0x0000000083d00000, 0x0000000083e00000|  0%| F|  |TAMS 0x0000000083d00000| PB 0x0000000083d00000| Untracked |  0
|  32|0x0000000083e00000, 0x0000000083e00000, 0x0000000083f00000|  0%| F|  |TAMS 0x0000000083e00000| PB 0x0000000083e00000| Untracked |  0
|  33|0x0000000083f00000, 0x0000000083f00000, 0x0000000084000000|  0%| F|  |TAMS 0x0000000083f00000| PB 0x0000000083f00000| Untracked |  0
|  34|0x0000000084000000, 0x0000000084000000, 0x0000000084100000|  0%| F|  |TAMS 0x0000000084000000| PB 0x0000000084000000| Untracked |  0
|  35|0x0000000084100000, 0x0000000084100000, 0x0000000084200000|  0%| F|  |TAMS 0x0000000084100000| PB 0x0000000084100000| Untracked |  0
|  36|0x0000000084200000, 0x0000000084200000, 0x0000000084300000|  0%| F|  |TAMS 0x0000000084200000| PB 0x0000000084200000| Untracked |  0
|  37|0x0000000084300000, 0x0000000084300000, 0x0000000084400000|  0%| F|  |TAMS 0x0000000084300000| PB 0x0000000084300000| Untracked |  0
|  38|0x0000000084400000, 0x0000000084400000, 0x0000000084500000|  0%| F|  |TAMS 0x0000000084400000| PB 0x0000000084400000| Untracked |  0
|  39|0x0000000084500000, 0x0000000084500000, 0x0000000084600000|  0%| F|  |TAMS 0x0000000084500000| PB 0x0000000084500000| Untracked |  0
|  40|0x0000000084600000, 0x0000000084600000, 0x0000000084700000|  0%| F|  |TAMS 0x0000000084600000| PB 0x0000000084600000| Untracked |  0
|  41|0x0000000084700000, 0x0000000084700000, 0x0000000084800000|  0%| F|  |TAMS 0x0000000084700000| PB 0x0000000084700000| Untracked |  0
|  42|0x0000000084800000, 0x0000000084800000, 0x0000000084900000|  0%| F|  |TAMS 0x0000000084800000| PB 0x0000000084800000| Untracked |  0
|  43|0x0000000084900000, 0x0000000084900000, 0x0000000084a00000|  0%| F|  |TAMS 0x0000000084900000| PB 0x0000000084900000| Untracked |  0
|  44|0x0000000084a00000, 0x0000000084a00000, 0x0000000084b00000|  0%| F|  |TAMS 0x0000000084a00000| PB 0x0000000084a00000| Untracked |  0
|  45|0x0000000084b00000, 0x0000000084b00000, 0x0000000084c00000|  0%| F|  |TAMS 0x0000000084b00000| PB 0x0000000084b00000| Untracked |  0
|  46|0x0000000084c00000, 0x0000000084c00000, 0x0000000084d00000|  0%| F|  |TAMS 0x0000000084c00000| PB 0x0000000084c00000| Untracked |  0
|  47|0x0000000084d00000, 0x0000000084d00000, 0x0000000084e00000|  0%| F|  |TAMS 0x0000000084d00000| PB 0x0000000084d00000| Untracked |  0
|  48|0x0000000084e00000, 0x0000000084e00000, 0x0000000084f00000|  0%| F|  |TAMS 0x0000000084e00000| PB 0x0000000084e00000| Untracked |  0
|  49|0x0000000084f00000, 0x0000000084f00000, 0x0000000085000000|  0%| F|  |TAMS 0x0000000084f00000| PB 0x0000000084f00000| Untracked |  0
|  50|0x0000000085000000, 0x0000000085000000, 0x0000000085100000|  0%| F|  |TAMS 0x0000000085000000| PB 0x0000000085000000| Untracked |  0
|  51|0x0000000085100000, 0x0000000085100000, 0x0000000085200000|  0%| F|  |TAMS 0x0000000085100000| PB 0x0000000085100000| Untracked |  0
|  52|0x0000000085200000, 0x0000000085200000, 0x0000000085300000|  0%| F|  |TAMS 0x0000000085200000| PB 0x0000000085200000| Untracked |  0
|  53|0x0000000085300000, 0x0000000085300000, 0x0000000085400000|  0%| F|  |TAMS 0x0000000085300000| PB 0x0000000085300000| Untracked |  0
|  54|0x0000000085400000, 0x0000000085400000, 0x0000000085500000|  0%| F|  |TAMS 0x0000000085400000| PB 0x0000000085400000| Untracked |  0
|  55|0x0000000085500000, 0x0000000085500000, 0x0000000085600000|  0%| F|  |TAMS 0x0000000085500000| PB 0x0000000085500000| Untracked |  0
|  56|0x0000000085600000, 0x0000000085600000, 0x0000000085700000|  0%| F|  |TAMS 0x0000000085600000| PB 0x0000000085600000| Untracked |  0
|  57|0x0000000085700000, 0x0000000085700000, 0x0000000085800000|  0%| F|  |TAMS 0x0000000085700000| PB 0x0000000085700000| Untracked |  0
|  58|0x0000000085800000, 0x0000000085800000, 0x0000000085900000|  0%| F|  |TAMS 0x0000000085800000| PB 0x0000000085800000| Untracked |  0
|  59|0x0000000085900000, 0x0000000085900000, 0x0000000085a00000|  0%| F|  |TAMS 0x0000000085900000| PB 0x0000000085900000| Untracked |  0
|  60|0x0000000085a00000, 0x0000000085a00000, 0x0000000085b00000|  0%| F|  |TAMS 0x0000000085a00000| PB 0x0000000085a00000| Untracked |  0
|  61|0x0000000085b00000, 0x0000000085b00000, 0x0000000085c00000|  0%| F|  |TAMS 0x0000000085b00000| PB 0x0000000085b00000| Untracked |  0
|  62|0x0000000085c00000, 0x0000000085c00000, 0x0000000085d00000|  0%| F|  |TAMS 0x0000000085c00000| PB 0x0000000085c00000| Untracked |  0
|  63|0x0000000085d00000, 0x0000000085d00000, 0x0000000085e00000|  0%| F|  |TAMS 0x0000000085d00000| PB 0x0000000085d00000| Untracked |  0
|  64|0x0000000085e00000, 0x0000000085e00000, 0x0000000085f00000|  0%| F|  |TAMS 0x0000000085e00000| PB 0x0000000085e00000| Untracked |  0
|  65|0x0000000085f00000, 0x0000000085f00000, 0x0000000086000000|  0%| F|  |TAMS 0x0000000085f00000| PB 0x0000000085f00000| Untracked |  0
|  66|0x0000000086000000, 0x0000000086000000, 0x0000000086100000|  0%| F|  |TAMS 0x0000000086000000| PB 0x0000000086000000| Untracked |  0
|  67|0x0000000086100000, 0x0000000086100000, 0x0000000086200000|  0%| F|  |TAMS 0x0000000086100000| PB 0x0000000086100000| Untracked |  0
|  68|0x0000000086200000, 0x0000000086200000, 0x0000000086300000|  0%| F|  |TAMS 0x0000000086200000| PB 0x0000000086200000| Untracked |  0
|  69|0x0000000086300000, 0x0000000086300000, 0x0000000086400000|  0%| F|  |TAMS 0x0000000086300000| PB 0x0000000086300000| Untracked |  0
|  70|0x0000000086400000, 0x0000000086400000, 0x0000000086500000|  0%| F|  |TAMS 0x0000000086400000| PB 0x0000000086400000| Untracked |  0
|  71|0x0000000086500000, 0x0000000086500000, 0x0000000086600000|  0%| F|  |TAMS 0x0000000086500000| PB 0x0000000086500000| Untracked |  0
|  72|0x0000000086600000, 0x0000000086600000, 0x0000000086700000|  0%| F|  |TAMS 0x0000000086600000| PB 0x0000000086600000| Untracked |  0
|  73|0x0000000086700000, 0x0000000086700000, 0x0000000086800000|  0%| F|  |TAMS 0x0000000086700000| PB 0x0000000086700000| Untracked |  0
|  74|0x0000000086800000, 0x0000000086800000, 0x0000000086900000|  0%| F|  |TAMS 0x0000000086800000| PB 0x0000000086800000| Untracked |  0
|  75|0x0000000086900000, 0x0000000086900000, 0x0000000086a00000|  0%| F|  |TAMS 0x0000000086900000| PB 0x0000000086900000| Untracked |  0
|  76|0x0000000086a00000, 0x0000000086a00000, 0x0000000086b00000|  0%| F|  |TAMS 0x0000000086a00000| PB 0x0000000086a00000| Untracked |  0
|  77|0x0000000086b00000, 0x0000000086b00000, 0x0000000086c00000|  0%| F|  |TAMS 0x0000000086b00000| PB 0x0000000086b00000| Untracked |  0
|  78|0x0000000086c00000, 0x0000000086c00000, 0x0000000086d00000|  0%| F|  |TAMS 0x0000000086c00000| PB 0x0000000086c00000| Untracked |  0
|  79|0x0000000086d00000, 0x0000000086d00000, 0x0000000086e00000|  0%| F|  |TAMS 0x0000000086d00000| PB 0x0000000086d00000| Untracked |  0
|  80|0x0000000086e00000, 0x0000000086e00000, 0x0000000086f00000|  0%| F|  |TAMS 0x0000000086e00000| PB 0x0000000086e00000| Untracked |  0
|  81|0x0000000086f00000, 0x0000000086f00000, 0x0000000087000000|  0%| F|  |TAMS 0x0000000086f00000| PB 0x0000000086f00000| Untracked |  0
|  82|0x0000000087000000, 0x0000000087000000, 0x0000000087100000|  0%| F|  |TAMS 0x0000000087000000| PB 0x0000000087000000| Untracked |  0
|  83|0x0000000087100000, 0x0000000087100000, 0x0000000087200000|  0%| F|  |TAMS 0x0000000087100000| PB 0x0000000087100000| Untracked |  0
|  84|0x0000000087200000, 0x0000000087200000, 0x0000000087300000|  0%| F|  |TAMS 0x0000000087200000| PB 0x0000000087200000| Untracked |  0
|  85|0x0000000087300000, 0x0000000087300000, 0x0000000087400000|  0%| F|  |TAMS 0x0000000087300000| PB 0x0000000087300000| Untracked |  0
|  86|0x0000000087400000, 0x0000000087400000, 0x0000000087500000|  0%| F|  |TAMS 0x0000000087400000| PB 0x0000000087400000| Untracked |  0
|  87|0x0000000087500000, 0x0000000087500000, 0x0000000087600000|  0%| F|  |TAMS 0x0000000087500000| PB 0x0000000087500000| Untracked |  0
|  88|0x0000000087600000, 0x0000000087600000, 0x0000000087700000|  0%| F|  |TAMS 0x0000000087600000| PB 0x0000000087600000| Untracked |  0
|  89|0x0000000087700000, 0x0000000087700000, 0x0000000087800000|  0%| F|  |TAMS 0x0000000087700000| PB 0x0000000087700000| Untracked |  0
|  90|0x0000000087800000, 0x0000000087800000, 0x0000000087900000|  0%| F|  |TAMS 0x0000000087800000| PB 0x0000000087800000| Untracked |  0
|  91|0x0000000087900000, 0x0000000087900000, 0x0000000087a00000|  0%| F|  |TAMS 0x0000000087900000| PB 0x0000000087900000| Untracked |  0
|  92|0x0000000087a00000, 0x0000000087a00000, 0x0000000087b00000|  0%| F|  |TAMS 0x0000000087a00000| PB 0x0000000087a00000| Untracked |  0
|  93|0x0000000087b00000, 0x0000000087b00000, 0x0000000087c00000|  0%| F|  |TAMS 0x0000000087b00000| PB 0x0000000087b00000| Untracked |  0
|  94|0x0000000087c00000, 0x0000000087c00000, 0x0000000087d00000|  0%| F|  |TAMS 0x0000000087c00000| PB 0x0000000087c00000| Untracked |  0
|  95|0x0000000087d00000, 0x0000000087d00000, 0x0000000087e00000|  0%| F|  |TAMS 0x0000000087d00000| PB 0x0000000087d00000| Untracked |  0
|  96|0x0000000087e00000, 0x0000000087e00000, 0x0000000087f00000|  0%| F|  |TAMS 0x0000000087e00000| PB 0x0000000087e00000| Untracked |  0
|  97|0x0000000087f00000, 0x0000000087f00000, 0x0000000088000000|  0%| F|  |TAMS 0x0000000087f00000| PB 0x0000000087f00000| Untracked |  0
|  98|0x0000000088000000, 0x0000000088000000, 0x0000000088100000|  0%| F|  |TAMS 0x0000000088000000| PB 0x0000000088000000| Untracked |  0
|  99|0x0000000088100000, 0x0000000088100000, 0x0000000088200000|  0%| F|  |TAMS 0x0000000088100000| PB 0x0000000088100000| Untracked |  0
| 100|0x0000000088200000, 0x0000000088200000, 0x0000000088300000|  0%| F|  |TAMS 0x0000000088200000| PB 0x0000000088200000| Untracked |  0
| 101|0x0000000088300000, 0x0000000088400000, 0x0000000088400000|100%| S|CS|TAMS 0x0000000088300000| PB 0x0000000088300000| Complete |  0
| 102|0x0000000088400000, 0x0000000088500000, 0x0000000088500000|100%| S|CS|TAMS 0x0000000088400000| PB 0x0000000088400000| Complete |  0
| 103|0x0000000088500000, 0x0000000088600000, 0x0000000088600000|100%| S|CS|TAMS 0x0000000088500000| PB 0x0000000088500000| Complete |  0
| 104|0x0000000088600000, 0x0000000088600000, 0x0000000088700000|  0%| F|  |TAMS 0x0000000088600000| PB 0x0000000088600000| Untracked |  0
| 105|0x0000000088700000, 0x0000000088700000, 0x0000000088800000|  0%| F|  |TAMS 0x0000000088700000| PB 0x0000000088700000| Untracked |  0
| 106|0x0000000088800000, 0x0000000088800000, 0x0000000088900000|  0%| F|  |TAMS 0x0000000088800000| PB 0x0000000088800000| Untracked |  0
| 107|0x0000000088900000, 0x0000000088900000, 0x0000000088a00000|  0%| F|  |TAMS 0x0000000088900000| PB 0x0000000088900000| Untracked |  0
| 108|0x0000000088a00000, 0x0000000088a00000, 0x0000000088b00000|  0%| F|  |TAMS 0x0000000088a00000| PB 0x0000000088a00000| Untracked |  0
| 109|0x0000000088b00000, 0x0000000088b00000, 0x0000000088c00000|  0%| F|  |TAMS 0x0000000088b00000| PB 0x0000000088b00000| Untracked |  0
| 110|0x0000000088c00000, 0x0000000088c00000, 0x0000000088d00000|  0%| F|  |TAMS 0x0000000088c00000| PB 0x0000000088c00000| Untracked |  0
| 111|0x0000000088d00000, 0x0000000088d00000, 0x0000000088e00000|  0%| F|  |TAMS 0x0000000088d00000| PB 0x0000000088d00000| Untracked |  0
| 112|0x0000000088e00000, 0x0000000088e00000, 0x0000000088f00000|  0%| F|  |TAMS 0x0000000088e00000| PB 0x0000000088e00000| Untracked |  0
| 113|0x0000000088f00000, 0x0000000088f00000, 0x0000000089000000|  0%| F|  |TAMS 0x0000000088f00000| PB 0x0000000088f00000| Untracked |  0
| 114|0x0000000089000000, 0x0000000089000000, 0x0000000089100000|  0%| F|  |TAMS 0x0000000089000000| PB 0x0000000089000000| Untracked |  0
| 115|0x0000000089100000, 0x0000000089100000, 0x0000000089200000|  0%| F|  |TAMS 0x0000000089100000| PB 0x0000000089100000| Untracked |  0
| 116|0x0000000089200000, 0x0000000089200000, 0x0000000089300000|  0%| F|  |TAMS 0x0000000089200000| PB 0x0000000089200000| Untracked |  0
| 117|0x0000000089300000, 0x0000000089300000, 0x0000000089400000|  0%| F|  |TAMS 0x0000000089300000| PB 0x0000000089300000| Untracked |  0
| 118|0x0000000089400000, 0x0000000089400000, 0x0000000089500000|  0%| F|  |TAMS 0x0000000089400000| PB 0x0000000089400000| Untracked |  0
| 119|0x0000000089500000, 0x0000000089500000, 0x0000000089600000|  0%| F|  |TAMS 0x0000000089500000| PB 0x0000000089500000| Untracked |  0
| 120|0x0000000089600000, 0x0000000089600000, 0x0000000089700000|  0%| F|  |TAMS 0x0000000089600000| PB 0x0000000089600000| Untracked |  0
| 121|0x0000000089700000, 0x0000000089800000, 0x0000000089800000|100%| E|  |TAMS 0x0000000089700000| PB 0x0000000089700000| Complete |  0
| 122|0x0000000089800000, 0x0000000089900000, 0x0000000089900000|100%| E|CS|TAMS 0x0000000089800000| PB 0x0000000089800000| Complete |  0
| 123|0x0000000089900000, 0x0000000089a00000, 0x0000000089a00000|100%| E|CS|TAMS 0x0000000089900000| PB 0x0000000089900000| Complete |  0
| 124|0x0000000089a00000, 0x0000000089b00000, 0x0000000089b00000|100%| E|CS|TAMS 0x0000000089a00000| PB 0x0000000089a00000| Complete |  0
| 125|0x0000000089b00000, 0x0000000089c00000, 0x0000000089c00000|100%| E|CS|TAMS 0x0000000089b00000| PB 0x0000000089b00000| Complete |  0
| 126|0x0000000089c00000, 0x0000000089d00000, 0x0000000089d00000|100%| E|CS|TAMS 0x0000000089c00000| PB 0x0000000089c00000| Complete |  0
| 127|0x0000000089d00000, 0x0000000089e00000, 0x0000000089e00000|100%| E|CS|TAMS 0x0000000089d00000| PB 0x0000000089d00000| Complete |  0

Card table byte_map: [0x00000250f3c10000,0x00000250f4010000] _byte_map_base: 0x00000250f3801000

Marking Bits: (CMBitMap*) 0x00000250eace1eb0
 Bits: [0x00000250f4010000, 0x00000250f5f98000)

Polling page: 0x00000250e8ac0000

Metaspace:

Usage:
  Non-class:      7.54 MB used.
      Class:      1.11 MB used.
       Both:      8.66 MB used.

Virtual space:
  Non-class space:       64.00 MB reserved,       7.69 MB ( 12%) committed,  1 nodes.
      Class space:        1.00 GB reserved,       1.25 MB ( <1%) committed,  1 nodes.
             Both:        1.06 GB reserved,       8.94 MB ( <1%) committed. 

Chunk freelists:
   Non-Class:  7.67 MB
       Class:  14.66 MB
        Both:  22.33 MB

MaxMetaspaceSize: unlimited
CompressedClassSpaceSize: 1.00 GB
Initial GC threshold: 21.00 MB
Current GC threshold: 21.00 MB
CDS: on
 - commit_granule_bytes: 65536.
 - commit_granule_words: 8192.
 - virtual_space_node_default_size: 8388608.
 - enlarge_chunks_in_place: 1.
 - use_allocation_guard: 0.


Internal statistics:

num_allocs_failed_limit: 0.
num_arena_births: 254.
num_arena_deaths: 0.
num_vsnodes_births: 2.
num_vsnodes_deaths: 0.
num_space_committed: 143.
num_space_uncommitted: 0.
num_chunks_returned_to_freelist: 0.
num_chunks_taken_from_freelist: 559.
num_chunk_merges: 0.
num_chunk_splits: 334.
num_chunks_enlarged: 199.
num_inconsistent_stats: 0.

CodeHeap 'non-profiled nmethods': size=120064Kb used=519Kb max_used=519Kb free=119545Kb
 bounds [0x0000025087ac0000, 0x0000025087d30000, 0x000002508f000000]
CodeHeap 'profiled nmethods': size=120000Kb used=2234Kb max_used=2234Kb free=117765Kb
 bounds [0x0000025080000000, 0x0000025080270000, 0x0000025087530000]
CodeHeap 'non-nmethods': size=5696Kb used=1399Kb max_used=1422Kb free=4296Kb
 bounds [0x0000025087530000, 0x00000250877a0000, 0x0000025087ac0000]
CodeCache: size=245760Kb, used=4152Kb, max_used=4175Kb, free=241606Kb
 total_blobs=2225, nmethods=1725, adapters=405, full_count=0
Compilation: enabled, stopped_count=0, restarted_count=0

Compilation events (20 events):
Event: 2.193 Thread 0x00000250f89e42d0 1716       3       ch.qos.logback.classic.util.LoggerNameUtil::getSeparatorIndexOf (53 bytes)
Event: 2.193 Thread 0x00000250f89e42d0 nmethod 1716 0x000002508022bb88 code [0x000002508022bce0, 0x000002508022bfc8]
Event: 2.193 Thread 0x00000250f89e42d0 1717       1       java.util.logging.LogManager$LoggerContext::getOwner (5 bytes)
Event: 2.193 Thread 0x00000250f89e42d0 nmethod 1717 0x0000025087b41608 code [0x0000025087b41720, 0x0000025087b417e8]
Event: 2.193 Thread 0x00000250f89e42d0 1719       3       java.lang.invoke.LambdaForm::editor (5 bytes)
Event: 2.193 Thread 0x00000250f89e42d0 nmethod 1719 0x000002508022c008 code [0x000002508022c140, 0x000002508022c478]
Event: 2.193 Thread 0x00000250f89e42d0 1720       3       java.lang.invoke.LambdaFormEditor::lambdaFormEditor (12 bytes)
Event: 2.194 Thread 0x00000250f89e42d0 nmethod 1720 0x000002508022c508 code [0x000002508022c640, 0x000002508022c8f0]
Event: 2.194 Thread 0x00000250f89e42d0 1721       3       java.lang.invoke.LambdaFormEditor::<init> (10 bytes)
Event: 2.194 Thread 0x00000250f89e42d0 nmethod 1721 0x000002508022c988 code [0x000002508022caa0, 0x000002508022cc58]
Event: 2.194 Thread 0x00000250f89e42d0 1718       3       java.lang.invoke.LambdaFormEditor$TransformKey::packedBytes (30 bytes)
Event: 2.194 Thread 0x00000250f89e42d0 nmethod 1718 0x000002508022cc88 code [0x000002508022cda0, 0x000002508022cea8]
Event: 2.205 Thread 0x00000250f89e42d0 1722       3       java.lang.invoke.MethodType::dropParameterTypes (162 bytes)
Event: 2.206 Thread 0x00000250f89e42d0 nmethod 1722 0x000002508022cf88 code [0x000002508022d200, 0x000002508022e0c8]
Event: 2.208 Thread 0x00000250f89e42d0 1723       3       java.lang.invoke.MethodHandle::maybeCustomize (38 bytes)
Event: 2.208 Thread 0x00000250f89e42d0 nmethod 1723 0x000002508022e188 code [0x000002508022e2e0, 0x000002508022e7a0]
Event: 2.211 Thread 0x00000250f89e42d0 1724       3       java.util.Set::of (10 bytes)
Event: 2.211 Thread 0x00000250f89e42d0 nmethod 1724 0x000002508022e808 code [0x000002508022e920, 0x000002508022eab0]
Event: 2.212 Thread 0x00000250f89e42d0 1725       1       java.lang.invoke.MethodHandle::internalForm (5 bytes)
Event: 2.212 Thread 0x00000250f89e42d0 nmethod 1725 0x0000025087b41908 code [0x0000025087b41a20, 0x0000025087b41ae8]

GC Heap History (2 events):
Event: 1.888 GC heap before
{Heap before GC invocations=0 (full 0):
 garbage-first heap   total reserved 2066432K, committed 131072K, used 26624K [0x0000000081e00000, 0x0000000100000000)
  region size 1024K, 24 young (24576K), 0 survivors (0K)
 Metaspace       used 6993K, committed 7232K, reserved 1114112K
  class space    used 874K, committed 960K, reserved 1048576K
}
Event: 1.901 GC heap after
{Heap after GC invocations=1 (full 0):
 garbage-first heap   total reserved 2066432K, committed 131072K, used 9130K [0x0000000081e00000, 0x0000000100000000)
  region size 1024K, 3 young (3072K), 3 survivors (3072K)
 Metaspace       used 6993K, committed 7232K, reserved 1114112K
  class space    used 874K, committed 960K, reserved 1048576K
}

Dll operation events (9 events):
Event: 0.058 Loaded shared library C:\Program Files\Java\jdk-23\bin\java.dll
Event: 0.175 Loaded shared library C:\Program Files\Java\jdk-23\bin\jsvml.dll
Event: 0.354 Loaded shared library C:\Program Files\Java\jdk-23\bin\zip.dll
Event: 0.365 Loaded shared library C:\Program Files\Java\jdk-23\bin\instrument.dll
Event: 0.373 Loaded shared library C:\Program Files\Java\jdk-23\bin\net.dll
Event: 0.376 Loaded shared library C:\Program Files\Java\jdk-23\bin\nio.dll
Event: 0.383 Loaded shared library C:\Program Files\Java\jdk-23\bin\zip.dll
Event: 0.655 Loaded shared library C:\Program Files\Java\jdk-23\bin\extnet.dll
Event: 0.706 Loaded shared library C:\Program Files\Java\jdk-23\bin\jimage.dll

Deoptimization events (20 events):
Event: 2.094 Thread 0x00000250e8896fa0 Uncommon trap: trap_request=0xffffffde fr.pc=0x0000025087b1f788 relative=0x0000000000000b48
Event: 2.094 Thread 0x00000250e8896fa0 Uncommon trap: reason=class_check action=maybe_recompile pc=0x0000025087b1f788 method=java.util.HashMap.putVal(ILjava/lang/Object;Ljava/lang/Object;ZZ)Ljava/lang/Object; @ 91 c2
Event: 2.094 Thread 0x00000250e8896fa0 DEOPT PACKING pc=0x0000025087b1f788 sp=0x000000ddcd1fe150
Event: 2.094 Thread 0x00000250e8896fa0 DEOPT UNPACKING pc=0x0000025087584402 sp=0x000000ddcd1fe070 mode 2
Event: 2.173 Thread 0x00000250e8896fa0 Uncommon trap: trap_request=0xffffffbe fr.pc=0x0000025087b31e3c relative=0x000000000000051c
Event: 2.173 Thread 0x00000250e8896fa0 Uncommon trap: reason=profile_predicate action=maybe_recompile pc=0x0000025087b31e3c method=java.util.TreeMap.put(Ljava/lang/Object;Ljava/lang/Object;Z)Ljava/lang/Object; @ 27 c2
Event: 2.173 Thread 0x00000250e8896fa0 DEOPT PACKING pc=0x0000025087b31e3c sp=0x000000ddcd1fcdb0
Event: 2.173 Thread 0x00000250e8896fa0 DEOPT UNPACKING pc=0x0000025087584402 sp=0x000000ddcd1fcd60 mode 2
Event: 2.173 Thread 0x00000250e8896fa0 Uncommon trap: trap_request=0xffffffbe fr.pc=0x0000025087b31e3c relative=0x000000000000051c
Event: 2.173 Thread 0x00000250e8896fa0 Uncommon trap: reason=profile_predicate action=maybe_recompile pc=0x0000025087b31e3c method=java.util.TreeMap.put(Ljava/lang/Object;Ljava/lang/Object;Z)Ljava/lang/Object; @ 27 c2
Event: 2.173 Thread 0x00000250e8896fa0 DEOPT PACKING pc=0x0000025087b31e3c sp=0x000000ddcd1fcdb0
Event: 2.173 Thread 0x00000250e8896fa0 DEOPT UNPACKING pc=0x0000025087584402 sp=0x000000ddcd1fcd60 mode 2
Event: 2.173 Thread 0x00000250e8896fa0 Uncommon trap: trap_request=0xffffffbe fr.pc=0x0000025087b31e3c relative=0x000000000000051c
Event: 2.173 Thread 0x00000250e8896fa0 Uncommon trap: reason=profile_predicate action=maybe_recompile pc=0x0000025087b31e3c method=java.util.TreeMap.put(Ljava/lang/Object;Ljava/lang/Object;Z)Ljava/lang/Object; @ 27 c2
Event: 2.173 Thread 0x00000250e8896fa0 DEOPT PACKING pc=0x0000025087b31e3c sp=0x000000ddcd1fcdb0
Event: 2.173 Thread 0x00000250e8896fa0 DEOPT UNPACKING pc=0x0000025087584402 sp=0x000000ddcd1fcd60 mode 2
Event: 2.173 Thread 0x00000250e8896fa0 Uncommon trap: trap_request=0xffffffbe fr.pc=0x0000025087b31e3c relative=0x000000000000051c
Event: 2.173 Thread 0x00000250e8896fa0 Uncommon trap: reason=profile_predicate action=maybe_recompile pc=0x0000025087b31e3c method=java.util.TreeMap.put(Ljava/lang/Object;Ljava/lang/Object;Z)Ljava/lang/Object; @ 27 c2
Event: 2.173 Thread 0x00000250e8896fa0 DEOPT PACKING pc=0x0000025087b31e3c sp=0x000000ddcd1fcdb0
Event: 2.173 Thread 0x00000250e8896fa0 DEOPT UNPACKING pc=0x0000025087584402 sp=0x000000ddcd1fcd60 mode 2

Classes loaded (20 events):
Event: 2.028 Loading class sun/reflect/generics/tree/MethodTypeSignature
Event: 2.028 Loading class sun/reflect/generics/tree/MethodTypeSignature done
Event: 2.149 Loading class java/util/concurrent/ScheduledExecutorService
Event: 2.149 Loading class java/util/concurrent/ScheduledExecutorService done
Event: 2.149 Loading class java/util/concurrent/Executors$DefaultThreadFactory
Event: 2.149 Loading class java/util/concurrent/Executors$DefaultThreadFactory done
Event: 2.164 Loading class java/util/Collections$UnmodifiableMap$UnmodifiableEntrySet
Event: 2.164 Loading class java/util/Collections$UnmodifiableMap$UnmodifiableEntrySet done
Event: 2.164 Loading class java/util/Collections$UnmodifiableMap$UnmodifiableEntrySet$UnmodifiableEntrySetSpliterator
Event: 2.164 Loading class java/util/Collections$UnmodifiableMap$UnmodifiableEntrySet$UnmodifiableEntrySetSpliterator done
Event: 2.164 Loading class java/util/HashMap$EntrySpliterator
Event: 2.165 Loading class java/util/HashMap$EntrySpliterator done
Event: 2.166 Loading class java/util/Collections$UnmodifiableMap$UnmodifiableEntrySet$UnmodifiableEntry
Event: 2.166 Loading class java/util/Collections$UnmodifiableMap$UnmodifiableEntrySet$UnmodifiableEntry done
Event: 2.187 Loading class java/util/Stack
Event: 2.187 Loading class java/util/Vector
Event: 2.188 Loading class java/util/Vector done
Event: 2.188 Loading class java/util/Stack done
Event: 2.188 Loading class java/util/Vector$Itr
Event: 2.189 Loading class java/util/Vector$Itr done

Classes unloaded (0 events):
No events

Classes redefined (0 events):
No events

Internal exceptions (20 events):
Event: 1.623 Thread 0x00000250e8896fa0 Exception <a 'java/lang/NoSuchMethodError'{0x0000000088aac658}: 'java.lang.Object java.lang.invoke.DirectMethodHandle$Holder.newInvokeSpecial(java.lang.Object, long)'> (0x0000000088aac658) 
thrown [s\open\src\hotspot\share\interpreter\linkResolver.cpp, line 796]
Event: 1.655 Thread 0x00000250e8896fa0 Exception <a 'java/lang/NoSuchMethodError'{0x0000000088941f58}: 'int java.lang.invoke.DirectMethodHandle$Holder.invokeSpecial(java.lang.Object, java.lang.Object, java.lang.Object)'> (0x0000000088941f58) 
thrown [s\open\src\hotspot\share\interpreter\linkResolver.cpp, line 796]
Event: 1.750 Thread 0x00000250e8896fa0 Exception <a 'java/lang/NoSuchMethodError'{0x00000000888e0780}: 'java.lang.Object java.lang.invoke.DirectMethodHandle$Holder.newInvokeSpecial(java.lang.Object, java.lang.Object, java.lang.Object, java.lang.Object, java.lang.Object, java.lang.Object, java.lang.Object)'> (0x00000000888e0780) 
thrown [s\open\src\hotspot\share\interpreter\linkResolver.cpp, line 796]
Event: 1.754 Thread 0x00000250e8896fa0 Exception <a 'java/lang/NoSuchMethodError'{0x00000000888f7c78}: 'void java.lang.invoke.DirectMethodHandle$Holder.invokeStaticInit(java.lang.Object, java.lang.Object)'> (0x00000000888f7c78) 
thrown [s\open\src\hotspot\share\interpreter\linkResolver.cpp, line 796]
Event: 1.765 Thread 0x00000250e8896fa0 Exception <a 'java/lang/NoSuchMethodError'{0x0000000088737790}: 'int java.lang.invoke.DirectMethodHandle$Holder.invokeStatic(java.lang.Object, java.lang.Object, java.lang.Object, java.lang.Object)'> (0x0000000088737790) 
thrown [s\open\src\hotspot\share\interpreter\linkResolver.cpp, line 796]
Event: 1.795 Thread 0x00000250e8896fa0 Exception <a 'java/lang/NoSuchMethodError'{0x000000008879e1d8}: 'java.lang.Object java.lang.invoke.DirectMethodHandle$Holder.invokeSpecial(java.lang.Object, java.lang.Object, java.lang.Object, java.lang.Object, java.lang.Object, java.lang.Object, int)'> (0x000000008879e1d8) 
thrown [s\open\src\hotspot\share\interpreter\linkResolver.cpp, line 796]
Event: 1.797 Thread 0x00000250e8896fa0 Exception <a 'java/lang/NoSuchMethodError'{0x00000000887a7910}: 'java.lang.Object java.lang.invoke.DirectMethodHandle$Holder.newInvokeSpecial(java.lang.Object, java.lang.Object, java.lang.Object, java.lang.Object, java.lang.Object, java.lang.Object, int)'> (0x00000000887a7910) 
thrown [s\open\src\hotspot\share\interpreter\linkResolver.cpp, line 796]
Event: 1.798 Thread 0x00000250e8896fa0 Exception <a 'java/lang/NoSuchMethodError'{0x00000000887abfb8}: 'java.lang.Object java.lang.invoke.DirectMethodHandle$Holder.invokeSpecial(java.lang.Object, java.lang.Object, java.lang.Object, java.lang.Object, java.lang.Object, java.lang.Object, java.lang.Object, int)'> (0x00000000887abfb8) 
thrown [s\open\src\hotspot\share\interpreter\linkResolver.cpp, line 796]
Event: 1.873 Thread 0x00000250e8896fa0 Exception <a 'java/lang/NoSuchMethodError'{0x00000000886cf3f0}: 'int java.lang.invoke.DirectMethodHandle$Holder.invokeInterface(java.lang.Object, java.lang.Object)'> (0x00000000886cf3f0) 
thrown [s\open\src\hotspot\share\interpreter\linkResolver.cpp, line 796]
Event: 1.884 Thread 0x00000250e8896fa0 Exception <a 'java/lang/NoSuchMethodError'{0x00000000886f0458}: 'void java.lang.invoke.DirectMethodHandle$Holder.invokeSpecial(java.lang.Object, java.lang.Object, java.lang.Object, java.lang.Object, java.lang.Object)'> (0x00000000886f0458) 
thrown [s\open\src\hotspot\share\interpreter\linkResolver.cpp, line 796]
Event: 2.006 Thread 0x00000250e8896fa0 Exception <a 'java/lang/NoSuchMethodError'{0x0000000089bf8580}: 'void java.lang.invoke.DirectMethodHandle$Holder.invokeSpecial(java.lang.Object, java.lang.Object, java.lang.Object, java.lang.Object, java.lang.Object, java.lang.Object)'> (0x0000000089bf8580) 
thrown [s\open\src\hotspot\share\interpreter\linkResolver.cpp, line 796]
Event: 2.043 Thread 0x00000250e8896fa0 Exception <a 'java/lang/NoSuchMethodError'{0x0000000089aad080}: 'java.lang.Object java.lang.invoke.DirectMethodHandle$Holder.invokeSpecial(java.lang.Object, java.lang.Object, java.lang.Object, int, java.lang.Object)'> (0x0000000089aad080) 
thrown [s\open\src\hotspot\share\interpreter\linkResolver.cpp, line 796]
Event: 2.043 Thread 0x00000250e8896fa0 Exception <a 'java/lang/NoSuchMethodError'{0x0000000089ab4b88}: 'java.lang.Object java.lang.invoke.DirectMethodHandle$Holder.newInvokeSpecial(java.lang.Object, java.lang.Object, java.lang.Object, int, java.lang.Object)'> (0x0000000089ab4b88) 
thrown [s\open\src\hotspot\share\interpreter\linkResolver.cpp, line 796]
Event: 2.044 Thread 0x00000250e8896fa0 Exception <a 'java/lang/NoSuchMethodError'{0x0000000089abc160}: 'java.lang.Object java.lang.invoke.Invokers$Holder.linkToTargetMethod(java.lang.Object, java.lang.Object, int, java.lang.Object, java.lang.Object)'> (0x0000000089abc160) 
thrown [s\open\src\hotspot\share\interpreter\linkResolver.cpp, line 796]
Event: 2.045 Thread 0x00000250e8896fa0 Exception <a 'java/lang/NoSuchMethodError'{0x0000000089ac2de8}: 'int java.lang.invoke.DirectMethodHandle$Holder.invokeStatic(java.lang.Object, int, java.lang.Object, java.lang.Object)'> (0x0000000089ac2de8) 
thrown [s\open\src\hotspot\share\interpreter\linkResolver.cpp, line 796]
Event: 2.047 Thread 0x00000250e8896fa0 Exception <a 'java/lang/NoSuchMethodError'{0x0000000089ac9fb0}: 'java.lang.Object java.lang.invoke.DirectMethodHandle$Holder.newInvokeSpecial(java.lang.Object, int, java.lang.Object)'> (0x0000000089ac9fb0) 
thrown [s\open\src\hotspot\share\interpreter\linkResolver.cpp, line 796]
Event: 2.048 Thread 0x00000250e8896fa0 Exception <a 'java/lang/NoSuchMethodError'{0x0000000089acebf0}: 'int java.lang.invoke.DirectMethodHandle$Holder.invokeSpecialIFC(java.lang.Object, java.lang.Object, java.lang.Object, java.lang.Object)'> (0x0000000089acebf0) 
thrown [s\open\src\hotspot\share\interpreter\linkResolver.cpp, line 796]
Event: 2.087 Thread 0x00000250e8896fa0 Exception <a 'java/lang/NoSuchMethodError'{0x0000000089986960}: 'void java.lang.invoke.DirectMethodHandle$Holder.invokeInterface(java.lang.Object, java.lang.Object, java.lang.Object)'> (0x0000000089986960) 
thrown [s\open\src\hotspot\share\interpreter\linkResolver.cpp, line 796]
Event: 2.115 Thread 0x00000250e8896fa0 Exception <a 'java/lang/NoSuchMethodError'{0x000000008980aa28}: 'void java.lang.invoke.DirectMethodHandle$Holder.invokeStaticInit(java.lang.Object, java.lang.Object, java.lang.Object)'> (0x000000008980aa28) 
thrown [s\open\src\hotspot\share\interpreter\linkResolver.cpp, line 796]
Event: 2.151 Thread 0x00000250e8896fa0 Exception <a 'java/lang/NoSuchMethodError'{0x00000000898a5f80}: 'void java.lang.invoke.DirectMethodHandle$Holder.invokeVirtual(java.lang.Object, java.lang.Object, java.lang.Object, java.lang.Object)'> (0x00000000898a5f80) 
thrown [s\open\src\hotspot\share\interpreter\linkResolver.cpp, line 796]

VM Operations (18 events):
Event: 0.315 Executing VM operation: HandshakeAllThreads (Deoptimize)
Event: 0.315 Executing VM operation: HandshakeAllThreads (Deoptimize) done
Event: 0.644 Executing VM operation: HandshakeAllThreads (Deoptimize)
Event: 0.645 Executing VM operation: HandshakeAllThreads (Deoptimize) done
Event: 0.655 Executing VM operation: HandshakeAllThreads (Deoptimize)
Event: 0.655 Executing VM operation: HandshakeAllThreads (Deoptimize) done
Event: 0.712 Executing VM operation: HandshakeAllThreads (Deoptimize)
Event: 0.712 Executing VM operation: HandshakeAllThreads (Deoptimize) done
Event: 1.290 Executing VM operation: HandshakeAllThreads (Deoptimize)
Event: 1.290 Executing VM operation: HandshakeAllThreads (Deoptimize) done
Event: 1.290 Executing VM operation: HandshakeAllThreads (Deoptimize)
Event: 1.290 Executing VM operation: HandshakeAllThreads (Deoptimize) done
Event: 1.485 Executing VM operation: HandshakeAllThreads (Deoptimize)
Event: 1.485 Executing VM operation: HandshakeAllThreads (Deoptimize) done
Event: 1.501 Executing VM operation: HandshakeAllThreads (Deoptimize)
Event: 1.501 Executing VM operation: HandshakeAllThreads (Deoptimize) done
Event: 1.888 Executing VM operation: G1CollectForAllocation (G1 Evacuation Pause)
Event: 1.901 Executing VM operation: G1CollectForAllocation (G1 Evacuation Pause) done

Memory protections (0 events):
No events

Nmethod flushes (0 events):
No events

Events (13 events):
Event: 0.123 Thread 0x00000250e8896fa0 Thread added: 0x00000250e8896fa0
Event: 0.164 Thread 0x00000250e8896fa0 Thread added: 0x00000250f89d3ef0
Event: 0.164 Thread 0x00000250e8896fa0 Thread added: 0x00000250f89d7e30
Event: 0.164 Thread 0x00000250e8896fa0 Thread added: 0x00000250f89dc3b0
Event: 0.164 Thread 0x00000250e8896fa0 Thread added: 0x00000250f89dee20
Event: 0.164 Thread 0x00000250e8896fa0 Thread added: 0x00000250f89df880
Event: 0.165 Thread 0x00000250e8896fa0 Thread added: 0x00000250f89e02e0
Event: 0.165 Thread 0x00000250e8896fa0 Thread added: 0x00000250f89e1070
Event: 0.165 Thread 0x00000250e8896fa0 Thread added: 0x00000250f89e42d0
Event: 0.303 Thread 0x00000250e8896fa0 Thread added: 0x00000250d40a1940
Event: 0.638 Thread 0x00000250e8896fa0 Thread added: 0x00000250d42e5c20
Event: 0.639 Thread 0x00000250e8896fa0 Thread added: 0x00000250d44fcfb0
Event: 0.912 Thread 0x00000250f89e42d0 Thread added: 0x00000250d464fd50


Dynamic libraries:
0x00007ff761960000 - 0x00007ff761970000 	C:\Program Files\Java\jdk-23\bin\java.exe
0x00007ffc738b0000 - 0x00007ffc73aa8000 	C:\Windows\SYSTEM32\ntdll.dll
0x00007ffc718e0000 - 0x00007ffc719a2000 	C:\Windows\System32\KERNEL32.DLL
0x00007ffc71300000 - 0x00007ffc715f6000 	C:\Windows\System32\KERNELBASE.dll
0x00007ffc70f70000 - 0x00007ffc71070000 	C:\Windows\System32\ucrtbase.dll
0x00007ffc6c530000 - 0x00007ffc6c547000 	C:\Program Files\Java\jdk-23\bin\jli.dll
0x00007ffc6c2d0000 - 0x00007ffc6c2eb000 	C:\Program Files\Java\jdk-23\bin\VCRUNTIME140.dll
0x00007ffc71a60000 - 0x00007ffc71bfd000 	C:\Windows\System32\USER32.dll
0x00007ffc71600000 - 0x00007ffc71622000 	C:\Windows\System32\win32u.dll
0x00007ffc5c2c0000 - 0x00007ffc5c55a000 	C:\Windows\WinSxS\amd64_microsoft.windows.common-controls_6595b64144ccf1df_6.0.19041.4355_none_60b8b9eb71f62e16\COMCTL32.dll
0x00007ffc72c20000 - 0x00007ffc72c4b000 	C:\Windows\System32\GDI32.dll
0x00007ffc720d0000 - 0x00007ffc7216e000 	C:\Windows\System32\msvcrt.dll
0x00007ffc711e0000 - 0x00007ffc712fa000 	C:\Windows\System32\gdi32full.dll
0x00007ffc71070000 - 0x00007ffc7110d000 	C:\Windows\System32\msvcp_win.dll
0x00007ffc73490000 - 0x00007ffc734bf000 	C:\Windows\System32\IMM32.DLL
0x00007ffc6c560000 - 0x00007ffc6c56c000 	C:\Program Files\Java\jdk-23\bin\vcruntime140_1.dll
0x00007ffc49440000 - 0x00007ffc494ce000 	C:\Program Files\Java\jdk-23\bin\msvcp140.dll
0x00007ffc36850000 - 0x00007ffc3759f000 	C:\Program Files\Java\jdk-23\bin\server\jvm.dll
0x00007ffc71f50000 - 0x00007ffc71fff000 	C:\Windows\System32\ADVAPI32.dll
0x00007ffc71eb0000 - 0x00007ffc71f4f000 	C:\Windows\System32\sechost.dll
0x00007ffc71d00000 - 0x00007ffc71e23000 	C:\Windows\System32\RPCRT4.dll
0x00007ffc70f40000 - 0x00007ffc70f67000 	C:\Windows\System32\bcrypt.dll
0x00007ffc71c90000 - 0x00007ffc71cfb000 	C:\Windows\System32\WS2_32.dll
0x00007ffc70440000 - 0x00007ffc7048b000 	C:\Windows\SYSTEM32\POWRPROF.dll
0x00007ffc5af80000 - 0x00007ffc5afa7000 	C:\Windows\SYSTEM32\WINMM.dll
0x00007ffc6b120000 - 0x00007ffc6b12a000 	C:\Windows\SYSTEM32\VERSION.dll
0x00007ffc70300000 - 0x00007ffc70312000 	C:\Windows\SYSTEM32\UMPDC.dll
0x00007ffc6f720000 - 0x00007ffc6f732000 	C:\Windows\SYSTEM32\kernel.appcore.dll
0x00007ffc6c290000 - 0x00007ffc6c29a000 	C:\Program Files\Java\jdk-23\bin\jimage.dll
0x00007ffc6ec90000 - 0x00007ffc6ee74000 	C:\Windows\SYSTEM32\DBGHELP.DLL
0x00007ffc4f4f0000 - 0x00007ffc4f524000 	C:\Windows\SYSTEM32\dbgcore.DLL
0x00007ffc71630000 - 0x00007ffc716b2000 	C:\Windows\System32\bcryptPrimitives.dll
0x00007ffc6c280000 - 0x00007ffc6c28f000 	C:\Program Files\Java\jdk-23\bin\instrument.dll
0x00007ffc6bed0000 - 0x00007ffc6beee000 	C:\Program Files\Java\jdk-23\bin\java.dll
0x00007ffc734c0000 - 0x00007ffc735eb000 	C:\Windows\System32\ole32.dll
0x00007ffc72c50000 - 0x00007ffc72fa5000 	C:\Windows\System32\combase.dll
0x00007ffc72170000 - 0x00007ffc728df000 	C:\Windows\System32\SHELL32.dll
0x00007ffc6ef60000 - 0x00007ffc6f703000 	C:\Windows\SYSTEM32\windows.storage.dll
0x00007ffc70890000 - 0x00007ffc708bb000 	C:\Windows\SYSTEM32\Wldp.dll
0x00007ffc735f0000 - 0x00007ffc736bd000 	C:\Windows\System32\OLEAUT32.dll
0x00007ffc719b0000 - 0x00007ffc71a5d000 	C:\Windows\System32\SHCORE.dll
0x00007ffc72010000 - 0x00007ffc72065000 	C:\Windows\System32\shlwapi.dll
0x00007ffc70e70000 - 0x00007ffc70e95000 	C:\Windows\SYSTEM32\profapi.dll
0x00007ffc47760000 - 0x00007ffc47837000 	C:\Program Files\Java\jdk-23\bin\jsvml.dll
0x00007ffc6b170000 - 0x00007ffc6b187000 	C:\Program Files\Java\jdk-23\bin\zip.dll
0x00007ffc6bf30000 - 0x00007ffc6bf40000 	C:\Program Files\Java\jdk-23\bin\net.dll
0x00007ffc70670000 - 0x00007ffc706dc000 	C:\Windows\system32\mswsock.dll
0x00007ffc6beb0000 - 0x00007ffc6bec6000 	C:\Program Files\Java\jdk-23\bin\nio.dll
0x00007ffc6be90000 - 0x00007ffc6be99000 	C:\Program Files\Java\jdk-23\bin\extnet.dll

dbghelp: loaded successfully - version: 4.0.5 - missing functions: none
symbol engine: initialized successfully - sym options: 0x614 - pdb path: .;C:\Program Files\Java\jdk-23\bin;C:\Windows\SYSTEM32;C:\Windows\WinSxS\amd64_microsoft.windows.common-controls_6595b64144ccf1df_6.0.19041.4355_none_60b8b9eb71f62e16;C:\Program Files\Java\jdk-23\bin\server

VM Arguments:
jvm_args: -javaagent:C:\Program Files\JetBrains\IntelliJ IDEA Community Edition 2024.3.1.1\lib\idea_rt.jar=52383 -Dfile.encoding=UTF-8 -Dsun.stdout.encoding=UTF-8 -Dsun.stderr.encoding=UTF-8 
java_command: edu.icet.ecom.Main
java_class_path (initial): D:\ICET\Employee_Manage_System\target\classes;C:\Users\User\.m2\repository\org\springframework\boot\spring-boot-starter-web\3.4.5\spring-boot-starter-web-3.4.5.jar;C:\Users\User\.m2\repository\org\springframework\boot\spring-boot-starter\3.4.5\spring-boot-starter-3.4.5.jar;C:\Users\User\.m2\repository\org\springframework\boot\spring-boot\3.4.5\spring-boot-3.4.5.jar;C:\Users\User\.m2\repository\org\springframework\boot\spring-boot-autoconfigure\3.4.5\spring-boot-autoconfigure-3.4.5.jar;C:\Users\User\.m2\repository\org\springframework\boot\spring-boot-starter-logging\3.4.5\spring-boot-starter-logging-3.4.5.jar;C:\Users\User\.m2\repository\ch\qos\logback\logback-classic\1.5.18\logback-classic-1.5.18.jar;C:\Users\User\.m2\repository\ch\qos\logback\logback-core\1.5.18\logback-core-1.5.18.jar;C:\Users\User\.m2\repository\org\apache\logging\log4j\log4j-to-slf4j\2.24.3\log4j-to-slf4j-2.24.3.jar;C:\Users\User\.m2\repository\org\apache\logging\log4j\log4j-api\2.24.3\log4j-api-2.24.3.jar;C:\Users\User\.m2\repository\org\slf4j\jul-to-slf4j\2.0.17\jul-to-slf4j-2.0.17.jar;C:\Users\User\.m2\repository\jakarta\annotation\jakarta.annotation-api\2.1.1\jakarta.annotation-api-2.1.1.jar;C:\Users\User\.m2\repository\org\springframework\spring-core\6.2.6\spring-core-6.2.6.jar;C:\Users\User\.m2\repository\org\springframework\spring-jcl\6.2.6\spring-jcl-6.2.6.jar;C:\Users\User\.m2\repository\org\yaml\snakeyaml\2.3\snakeyaml-2.3.jar;C:\Users\User\.m2\repository\org\springframework\boot\spring-boot-starter-json\3.4.5\spring-boot-starter-json-3.4.5.jar;C:\Users\User\.m2\repository\com\fasterxml\jackson\core\jackson-databind\2.18.3\jackson-databind-2.18.3.jar;C:\Users\User\.m2\repository\com\fasterxml\jackson\core\jackson-annotations\2.18.3\jackson-annotations-2.18.3.jar;C:\Users\User\.m2\repository\com\fasterxml\jackson\core\jackson-core\2.18.3\jackson-core-2.18.3.jar;C:\Users\User\.m2\repository\com\fasterxml\jackson\datatype\jackson-datatype-jdk8\2.18.3\jackson-datatype-jdk8-2.18.3.jar;C:\Users\User\.m2\repository\com\fasterxml\jackson\datatype\jackson-datatype-jsr310\2.18.3\jackson-datatype-jsr310-2.18.3.jar;C:\Users\User\.m2\repository\com\fasterxml\jackson\module\jackson-module-parameter-names\2.18.3\jackson-module-parameter-names-2.18.3.jar;C:\Users\User\.m2\repository\org\springframework\boot\spring-boot-starter-tomcat\3.4.5\spring-boot-starter-tomcat-3.4.5.jar;C:\Users\User\.m2\repository\org\apache\tomcat\embed\tomcat-embed-core\10.1.40\tomcat-embed-core-10.1.40.jar;C:\Users\User\.m2\repository\org\apache\tomcat\embed\tomcat-embed-el\10.1.40\tomcat-embed-el-10.1.40.jar;C:\Users\User\.m2\repository\org\apache\tomcat\embed\tomcat-embed-websocket\10.1.40\tomcat-embed-websocket-10.1.40.jar;C:\Users\User\.m2\repository\org\springframework\spring-web\6.2.6\spring-web-6.2.6.jar;C:\Users\User\.m2\repository\org\springframework\spring-beans\6.2.6\spring-beans-6.2.6.jar;C:\Users\User\.m2\repository\io\micrometer\micrometer-observation\1.14.6\micrometer-observation-1.14.6.jar;C:\Users\User\.m2\repository\io\micrometer\micrometer-commons\1.14.6\micrometer-commons-1.14.6.jar;C:\Users\User\.m2\repository\org\springframework\spring-webmvc\6.2.6\spring-webmvc-6.2.6.jar;C:\Users\User\.m2\repository\org\springframework\spring-aop\6.2.6\spring-aop-6.2.6.jar;C:\Users\User\.m2\repository\org\springframework\spring-context\6.2.6\spring-context-6.2.6.jar;C:\Users\User\.m2\repository\org\springframework\spring-expression\6.2.6\spring-expression-6.2.6.jar;C:\Users\User\.m2\repository\com\mysql\mysql-connector-j\9.2.0\mysql-connector-j-9.2.0.jar;C:\Users\User\.m2\repository\org\springframework\boot\spring-boot-starter-data-jpa\3.4.5\spring-boot-starter-data-jpa-3.4.5.jar;C:\Users\User\.m2\repository\org\springframework\boot\spring-boot-starter-jdbc\3.4.5\spring-boot-starter-jdbc-3.4.5.jar;C:\Users\User\.m2\repository\com\zaxxer\HikariCP\5.1.0\HikariCP-5.1.0.jar;C:\Users\User\.m2\repository\org\springframework\spring-jdbc\6.2.6\spring-jdbc-6.2.6.jar;C:\Users\User\.m2\repository\org\hibernate\orm\hibernate-core\6.6.13.Final\hibernate-core-6.6.13.Final.jar;C:\Users\User\.m2\repository\jakarta\persistence\jakarta.persistence-api\3.1.0\jakarta.persistence-api-3.1.0.jar;C:\Users\User\.m2\repository\jakarta\transaction\jakarta.transaction-api\2.0.1\jakarta.transaction-api-2.0.1.jar;C:\Users\User\.m2\repository\org\jboss\logging\jboss-logging\3.6.1.Final\jboss-logging-3.6.1.Final.jar;C:\Users\User\.m2\repository\org\hibernate\common\hibernate-commons-annotations\7.0.3.Final\hibernate-commons-annotations-7.0.3.Final.jar;C:\Users\User\.m2\repository\io\smallrye\jandex\3.2.0\jandex-3.2.0.jar;C:\Users\User\.m2\repository\com\fasterxml\classmate\1.7.0\classmate-1.7.0.jar;C:\Users\User\.m2\repository\net\bytebuddy\byte-buddy\1.15.11\byte-buddy-1.15.11.jar;C:\Users\User\.m2\repository\jakarta\xml\bind\jakarta.xml.bind-api\4.0.2\jakarta.xml.bind-api-4.0.2.jar;C:\Users\User\.m2\repository\jakarta\activation\jakarta.activation-api\2.1.3\jakarta.activation-api-2.1.3.jar;C:\Users\User\.m2\repository\org\glassfish\jaxb\jaxb-runtime\4.0.5\jaxb-runtime-4.0.5.jar;C:\Users\User\.m2\repository\org\glassfish\jaxb\jaxb-core\4.0.5\jaxb-core-4.0.5.jar;C:\Users\User\.m2\repository\org\eclipse\angus\angus-activation\2.0.2\angus-activation-2.0.2.jar;C:\Users\User\.m2\repository\org\glassfish\jaxb\txw2\4.0.5\txw2-4.0.5.jar;C:\Users\User\.m2\repository\com\sun\istack\istack-commons-runtime\4.1.2\istack-commons-runtime-4.1.2.jar;C:\Users\User\.m2\repository\jakarta\inject\jakarta.inject-api\2.0.1\jakarta.inject-api-2.0.1.jar;C:\Users\User\.m2\repository\org\antlr\antlr4-runtime\4.13.0\antlr4-runtime-4.13.0.jar;C:\Users\User\.m2\repository\org\springframework\data\spring-data-jpa\3.4.5\spring-data-jpa-3.4.5.jar;C:\Users\User\.m2\repository\org\springframework\data\spring-data-commons\3.4.5\spring-data-commons-3.4.5.jar;C:\Users\User\.m2\repository\org\springframework\spring-orm\6.2.6\spring-orm-6.2.6.jar;C:\Users\User\.m2\repository\org\springframework\spring-tx\6.2.6\spring-tx-6.2.6.jar;C:\Users\User\.m2\repository\org\slf4j\slf4j-api\2.0.17\slf4j-api-2.0.17.jar;C:\Users\User\.m2\repository\org\springframework\spring-aspects\6.2.6\spring-aspects-6.2.6.jar;C:\Users\User\.m2\repository\org\aspectj\aspectjweaver\1.9.24\aspectjweaver-1.9.24.jar;C:\Users\User\.m2\repository\org\modelmapper\modelmapper\3.2.2\modelmapper-3.2.2.jar;C:\Users\User\.m2\repository\org\jetbrains\annotations\26.0.2\annotations-26.0.2.jar;C:\Users\User\.m2\repository\jakarta\validation\jakarta.validation-api\3.0.2\jakarta.validation-api-3.0.2.jar
Launcher Type: SUN_STANDARD

[Global flags]
     intx CICompilerCount                          = 4                                         {product} {ergonomic}
     uint ConcGCThreads                            = 2                                         {product} {ergonomic}
     uint G1ConcRefinementThreads                  = 8                                         {product} {ergonomic}
   size_t G1HeapRegionSize                         = 1048576                                   {product} {ergonomic}
   size_t InitialHeapSize                          = 134217728                                 {product} {ergonomic}
   size_t MarkStackSize                            = 4194304                                   {product} {ergonomic}
   size_t MarkStackSizeMax                         = 536870912                                 {product} {ergonomic}
   size_t MaxHeapSize                              = 2116026368                                {product} {ergonomic}
   size_t MaxNewSize                               = 1268776960                                {product} {ergonomic}
   size_t MinHeapDeltaBytes                        = 1048576                                   {product} {ergonomic}
   size_t MinHeapSize                              = 8388608                                   {product} {ergonomic}
    uintx NonNMethodCodeHeapSize                   = 5832704                                {pd product} {ergonomic}
    uintx NonProfiledCodeHeapSize                  = 122945536                              {pd product} {ergonomic}
    uintx ProfiledCodeHeapSize                     = 122880000                              {pd product} {ergonomic}
    uintx ReservedCodeCacheSize                    = 251658240                              {pd product} {ergonomic}
     bool SegmentedCodeCache                       = true                                      {product} {ergonomic}
   size_t SoftMaxHeapSize                          = 2116026368                             {manageable} {ergonomic}
     bool UseCompressedOops                        = true                           {product lp64_product} {ergonomic}
     bool UseG1GC                                  = true                                      {product} {ergonomic}
     bool UseLargePagesIndividualAllocation        = false                                  {pd product} {ergonomic}

Logging:
Log output configuration:
 #0: stdout all=warning uptime,level,tags foldmultilines=false
 #1: stderr all=off uptime,level,tags foldmultilines=false

Environment Variables:
PATH=C:\Program Files\Common Files\Oracle\Java\javapath;C:\Windows\system32;C:\Windows;C:\Windows\System32\Wbem;C:\Windows\System32\WindowsPowerShell\v1.0\;C:\Windows\System32\OpenSSH\;C:\Program Files\Intel\WiFi\bin\;C:\Program Files\Common Files\Intel\WirelessCommon\;C:\Program Files\Java\jdk-23\bin;C:\Program Files\nodejs\;C:\Program Files\Git\cmd;C:\Users\User\.local\bin;C:\Program Files\MySQL\MySQL Shell 8.0\bin\;C:\Users\User\AppData\Local\Microsoft\WindowsApps;C:\Users\User\AppData\Local\Programs\Microsoft VS Code\bin;C:\Program Files\Java\jdk-23\bin;C:\Users\User\AppData\Roaming\npm
USERNAME=User
OS=Windows_NT
PROCESSOR_IDENTIFIER=Intel64 Family 6 Model 142 Stepping 10, GenuineIntel
TMP=C:\Users\User\AppData\Local\Temp
TEMP=C:\Users\User\AppData\Local\Temp




Periodic native trim disabled

---------------  S Y S T E M  ---------------

OS:
 Windows 10 , 64 bit Build 19041 (10.0.19041.5678)
OS uptime: 1 days 5:07 hours
Hyper-V role detected

CPU: total 8 (initial active 8) (4 cores per cpu, 2 threads per core) family 6 model 142 stepping 10 microcode 0xf6, cx8, cmov, fxsr, ht, mmx, 3dnowpref, sse, sse2, sse3, ssse3, sse4.1, sse4.2, popcnt, lzcnt, tsc, tscinvbit, avx, avx2, aes, erms, clmul, bmi1, bmi2, rtm, adx, fma, vzeroupper, clflush, clflushopt, hv, rdtscp, f16c
Processor Information for the first 8 processors :
  Max Mhz: 1896, Current Mhz: 1696, Mhz Limit: 1687

Memory: 4k page, system-wide physical 8066M (879M free)
TotalPageFile size 12162M (AvailPageFile size 251M)
current process WorkingSet (physical memory assigned to process): 93M, peak: 93M
current process commit charge ("private bytes"): 231M, peak: 231M

vm_info: Java HotSpot(TM) 64-Bit Server VM (23.0.1+11-39) for windows-amd64 JRE (23.0.1+11-39), built on 2024-09-30T07:20:43Z with MS VC++ 17.6 (VS2022)

END.
