#
# There is insufficient memory for the Java Runtime Environment to continue.
# Native memory allocation (malloc) failed to allocate 299536 bytes. Error detail: Chunk::new
# Possible reasons:
#   The system is out of physical RAM or swap space
#   This process is running with CompressedOops enabled, and the Java Heap may be blocking the growth of the native heap
# Possible solutions:
#   Reduce memory load on the system
#   Increase physical memory or swap space
#   Check if swap backing store is full
#   Decrease Java heap size (-Xmx/-Xms)
#   Decrease number of Java threads
#   Decrease Java thread stack sizes (-Xss)
#   Set larger code cache with -XX:ReservedCodeCacheSize=
#   JVM is running with Unscaled Compressed Oops mode in which the Java heap is
#     placed in the first 4GB address space. The Java Heap base address is the
#     maximum limit for the native heap growth. Please use -XX:HeapBaseMinAddress
#     to set the Java Heap base and to place the Java Heap above 4GB virtual address.
# This output file may be truncated or incomplete.
#
#  Out of Memory Error (arena.cpp:149), pid=9420, tid=13212
#
# JRE version: Java(TM) SE Runtime Environment (23.0.1+11) (build 23.0.1+11-39)
# Java VM: Java HotSpot(TM) 64-Bit Server VM (23.0.1+11-39, mixed mode, sharing, tiered, compressed oops, compressed class ptrs, g1 gc, windows-amd64)
# No core dump will be written. Minidumps are not enabled by default on client versions of Windows
#

---------------  S U M M A R Y ------------

Command Line: -javaagent:C:\Program Files\JetBrains\IntelliJ IDEA Community Edition 2024.3.1.1\lib\idea_rt.jar=52373 -Dfile.encoding=UTF-8 -Dsun.stdout.encoding=UTF-8 -Dsun.stderr.encoding=UTF-8 edu.icet.ecom.Main

Host: Intel(R) Core(TM) i5-8350U CPU @ 1.70GHz, 8 cores, 7G,  Windows 10 , 64 bit Build 19041 (10.0.19041.5678)
Time: Tue Apr 29 13:23:58 2025 Sri Lanka Standard Time elapsed time: 11.691400 seconds (0d 0h 0m 11s)

---------------  T H R E A D  ---------------

Current thread (0x0000022d7f099540):  JavaThread "C2 CompilerThread0" daemon [_thread_in_native, id=13212, stack(0x00000060cd300000,0x00000060cd400000) (1024K)]


Current CompileTask:
C2:11691 5653       4       jdk.internal.org.objectweb.asm.SymbolTable::addConstantMemberReference (147 bytes)

Stack: [0x00000060cd300000,0x00000060cd400000]
Native frames: (J=compiled Java code, j=interpreted, Vv=VM code, C=native code)
V  [jvm.dll+0x6e08b9]  (no source info available)
V  [jvm.dll+0x87dc83]  (no source info available)
V  [jvm.dll+0x88010e]  (no source info available)
V  [jvm.dll+0x8807e3]  (no source info available)
V  [jvm.dll+0x27aee6]  (no source info available)
V  [jvm.dll+0xbc06f]  (no source info available)
V  [jvm.dll+0xbc2cb]  (no source info available)
V  [jvm.dll+0x2ee94d]  (no source info available)
V  [jvm.dll+0x6063d9]  (no source info available)
V  [jvm.dll+0x24ddf2]  (no source info available)
V  [jvm.dll+0x2460bc]  (no source info available)
V  [jvm.dll+0x243d04]  (no source info available)
V  [jvm.dll+0x1c33a0]  (no source info available)
V  [jvm.dll+0x253cf1]  (no source info available)
V  [jvm.dll+0x251faa]  (no source info available)
V  [jvm.dll+0x3ee036]  (no source info available)
V  [jvm.dll+0x824f8b]  (no source info available)
V  [jvm.dll+0x6df065]  (no source info available)
C  [ucrtbase.dll+0x21bb2]  (no source info available)
C  [KERNEL32.DLL+0x17374]  (no source info available)
C  [ntdll.dll+0x4cc91]  (no source info available)

Lock stack of current Java thread (top to bottom):


---------------  P R O C E S S  ---------------

Threads class SMR info:
_java_thread_list=0x0000022d6413b950, length=18, elements={
0x0000022d7b6ba120, 0x0000022d7f081bc0, 0x0000022d7f083c40, 0x0000022d7f087360,
0x0000022d7f087dc0, 0x0000022d7f088820, 0x0000022d7f08e790, 0x0000022d7f099540,
0x0000022d7f09b410, 0x0000022d1b6c0080, 0x0000022d61036d90, 0x0000022d61037400,
0x0000022d63ebb960, 0x0000022d63831990, 0x0000022d623dde00, 0x0000022d623db010,
0x0000022d623dbd30, 0x0000022d625e92b0
}

Java Threads: ( => current thread )
  0x0000022d7b6ba120 JavaThread "main"                              [_thread_in_vm, id=10196, stack(0x00000060cc500000,0x00000060cc600000) (1024K)]
  0x0000022d7f081bc0 JavaThread "Reference Handler"          daemon [_thread_blocked, id=8012, stack(0x00000060ccd00000,0x00000060cce00000) (1024K)]
  0x0000022d7f083c40 JavaThread "Finalizer"                  daemon [_thread_blocked, id=8724, stack(0x00000060cce00000,0x00000060ccf00000) (1024K)]
  0x0000022d7f087360 JavaThread "Signal Dispatcher"          daemon [_thread_blocked, id=9588, stack(0x00000060ccf00000,0x00000060cd000000) (1024K)]
  0x0000022d7f087dc0 JavaThread "Attach Listener"            daemon [_thread_blocked, id=13904, stack(0x00000060cd000000,0x00000060cd100000) (1024K)]
  0x0000022d7f088820 JavaThread "Service Thread"             daemon [_thread_blocked, id=8104, stack(0x00000060cd100000,0x00000060cd200000) (1024K)]
  0x0000022d7f08e790 JavaThread "Monitor Deflation Thread"   daemon [_thread_blocked, id=16280, stack(0x00000060cd200000,0x00000060cd300000) (1024K)]
=>0x0000022d7f099540 JavaThread "C2 CompilerThread0"         daemon [_thread_in_native, id=13212, stack(0x00000060cd300000,0x00000060cd400000) (1024K)]
  0x0000022d7f09b410 JavaThread "C1 CompilerThread0"         daemon [_thread_blocked, id=9932, stack(0x00000060cd400000,0x00000060cd500000) (1024K)]
  0x0000022d1b6c0080 JavaThread "Common-Cleaner"             daemon [_thread_blocked, id=12224, stack(0x00000060cd500000,0x00000060cd600000) (1024K)]
  0x0000022d61036d90 JavaThread "Monitor Ctrl-Break"         daemon [_thread_in_native, id=7612, stack(0x00000060cd600000,0x00000060cd700000) (1024K)]
  0x0000022d61037400 JavaThread "Notification Thread"        daemon [_thread_blocked, id=10412, stack(0x00000060cd700000,0x00000060cd800000) (1024K)]
  0x0000022d63ebb960 JavaThread "Catalina-utility-1"                [_thread_blocked, id=1752, stack(0x00000060ce200000,0x00000060ce300000) (1024K)]
  0x0000022d63831990 JavaThread "Catalina-utility-2"                [_thread_blocked, id=12640, stack(0x00000060ce300000,0x00000060ce400000) (1024K)]
  0x0000022d623dde00 JavaThread "container-0"                       [_thread_blocked, id=8428, stack(0x00000060ce400000,0x00000060ce500000) (1024K)]
  0x0000022d623db010 JavaThread "mysql-cj-abandoned-connection-cleanup" daemon [_thread_blocked, id=10472, stack(0x00000060ce500000,0x00000060ce600000) (1024K)]
  0x0000022d623dbd30 JavaThread "HikariPool-1 housekeeper"   daemon [_thread_blocked, id=9768, stack(0x00000060ce700000,0x00000060ce800000) (1024K)]
  0x0000022d625e92b0 JavaThread "HikariPool-1 connection adder" daemon [_thread_blocked, id=16296, stack(0x00000060ce800000,0x00000060ce900000) (1024K)]
Total: 18

Other Threads:
  0x0000022d7f068860 VMThread "VM Thread"                           [id=4644, stack(0x00000060ccc00000,0x00000060ccd00000) (1024K)]
  0x0000022d7f053d90 WatcherThread "VM Periodic Task Thread"        [id=4312, stack(0x00000060ccb00000,0x00000060ccc00000) (1024K)]
  0x0000022d7d970970 WorkerThread "GC Thread#0"                     [id=9444, stack(0x00000060cc600000,0x00000060cc700000) (1024K)]
  0x0000022d6188aa00 WorkerThread "GC Thread#1"                     [id=9432, stack(0x00000060cd900000,0x00000060cda00000) (1024K)]
  0x0000022d6188adb0 WorkerThread "GC Thread#2"                     [id=10324, stack(0x00000060cda00000,0x00000060cdb00000) (1024K)]
  0x0000022d619cfeb0 WorkerThread "GC Thread#3"                     [id=14952, stack(0x00000060cdb00000,0x00000060cdc00000) (1024K)]
  0x0000022d619de850 WorkerThread "GC Thread#4"                     [id=5352, stack(0x00000060cdc00000,0x00000060cdd00000) (1024K)]
  0x0000022d619e3010 WorkerThread "GC Thread#5"                     [id=3304, stack(0x00000060cdd00000,0x00000060cde00000) (1024K)]
  0x0000022d619e37c0 WorkerThread "GC Thread#6"                     [id=12980, stack(0x00000060cde00000,0x00000060cdf00000) (1024K)]
  0x0000022d61a31660 WorkerThread "GC Thread#7"                     [id=3176, stack(0x00000060ce000000,0x00000060ce100000) (1024K)]
  0x0000022d7d9856c0 ConcurrentGCThread "G1 Main Marker"            [id=15164, stack(0x00000060cc700000,0x00000060cc800000) (1024K)]
  0x0000022d7d9861d0 WorkerThread "G1 Conc#0"                       [id=13804, stack(0x00000060cc800000,0x00000060cc900000) (1024K)]
  0x0000022d63247350 WorkerThread "G1 Conc#1"                       [id=8680, stack(0x00000060cdf00000,0x00000060ce000000) (1024K)]
  0x0000022d7d9deaa0 ConcurrentGCThread "G1 Refine#0"               [id=8900, stack(0x00000060cc900000,0x00000060cca00000) (1024K)]
  0x0000022d7ef137e0 ConcurrentGCThread "G1 Service"                [id=9980, stack(0x00000060cca00000,0x00000060ccb00000) (1024K)]
Total: 15

Threads with active compile tasks:
C2 CompilerThread0  11780 5653       4       jdk.internal.org.objectweb.asm.SymbolTable::addConstantMemberReference (147 bytes)
Total: 1

VM state: not at safepoint (normal execution)

VM Mutex/Monitor currently owned by a thread: None

Heap address: 0x0000000081e00000, size: 2018 MB, Compressed Oops mode: 32-bit

CDS archive(s) mapped at: [0x0000022d1c000000-0x0000022d1cd70000-0x0000022d1cd70000), size 14090240, SharedBaseAddress: 0x0000022d1c000000, ArchiveRelocationMode: 1.
Compressed class space mapped at: 0x0000022d1d000000-0x0000022d5d000000, reserved size: 1073741824
Narrow klass base: 0x0000022d1c000000, Narrow klass shift: 0, Narrow klass range: 0x41000000

GC Precious Log:
 CardTable entry size: 512
 Card Set container configuration: InlinePtr #cards 5 size 8 Array Of Cards #cards 10 size 36 Howl #buckets 4 coarsen threshold 1843 Howl Bitmap #cards 512 size 80 coarsen threshold 460 Card regions per heap region 1 cards per card region 2048
 CPUs: 8 total, 8 available
 Memory: 8066M
 Large Page Support: Disabled
 NUMA Support: Disabled
 Compressed Oops: Enabled (32-bit)
 Heap Region Size: 1M
 Heap Min Capacity: 8M
 Heap Initial Capacity: 128M
 Heap Max Capacity: 2018M
 Pre-touch: Disabled
 Parallel Workers: 8
 Concurrent Workers: 2
 Concurrent Refinement Workers: 8
 Periodic GC: Disabled

Heap:
 garbage-first heap   total reserved 2066432K, committed 51200K, used 28929K [0x0000000081e00000, 0x0000000100000000)
  region size 1024K, 7 young (7168K), 2 survivors (2048K)
 Metaspace       used 60479K, committed 61120K, reserved 1114112K
  class space    used 8296K, committed 8576K, reserved 1048576K

Heap Regions: E=young(eden), S=young(survivor), O=old, HS=humongous(starts), HC=humongous(continues), CS=collection set, F=free, TAMS=top-at-mark-start, PB=parsable bottom
|   0|0x0000000081e00000, 0x0000000081f00000, 0x0000000081f00000|100%|HS|  |TAMS 0x0000000081e00000| PB 0x0000000081e00000| Complete |  0
|   1|0x0000000081f00000, 0x0000000082000000, 0x0000000082000000|100%|HS|  |TAMS 0x0000000081f00000| PB 0x0000000081f00000| Complete |  0
|   2|0x0000000082000000, 0x0000000082100000, 0x0000000082100000|100%|HS|  |TAMS 0x0000000082000000| PB 0x0000000082000000| Complete |  0
|   3|0x0000000082100000, 0x0000000082200000, 0x0000000082200000|100%| O|  |TAMS 0x0000000082100000| PB 0x0000000082100000| Untracked |  0
|   4|0x0000000082200000, 0x0000000082300000, 0x0000000082300000|100%| O|  |TAMS 0x0000000082200000| PB 0x0000000082200000| Untracked |  0
|   5|0x0000000082300000, 0x0000000082400000, 0x0000000082400000|100%| O|  |TAMS 0x0000000082300000| PB 0x0000000082300000| Untracked |  0
|   6|0x0000000082400000, 0x0000000082500000, 0x0000000082500000|100%| O|  |TAMS 0x0000000082400000| PB 0x0000000082400000| Untracked |  0
|   7|0x0000000082500000, 0x0000000082600000, 0x0000000082600000|100%| O|  |TAMS 0x0000000082500000| PB 0x0000000082500000| Untracked |  0
|   8|0x0000000082600000, 0x00000000826e7d48, 0x0000000082700000| 90%| O|Cm|TAMS 0x0000000082600000| PB 0x0000000082600000| Complete |  0
|   9|0x0000000082700000, 0x0000000082800000, 0x0000000082800000|100%| O|  |TAMS 0x0000000082700000| PB 0x0000000082700000| Untracked |  0
|  10|0x0000000082800000, 0x0000000082900000, 0x0000000082900000|100%| O|  |TAMS 0x0000000082800000| PB 0x0000000082800000| Untracked |  0
|  11|0x0000000082900000, 0x0000000082a00000, 0x0000000082a00000|100%| O|  |TAMS 0x0000000082900000| PB 0x0000000082900000| Untracked |  0
|  12|0x0000000082a00000, 0x0000000082b00000, 0x0000000082b00000|100%| O|  |TAMS 0x0000000082a00000| PB 0x0000000082a00000| Untracked |  0
|  13|0x0000000082b00000, 0x0000000082c00000, 0x0000000082c00000|100%| O|  |TAMS 0x0000000082b00000| PB 0x0000000082b00000| Untracked |  0
|  14|0x0000000082c00000, 0x0000000082d00000, 0x0000000082d00000|100%| O|  |TAMS 0x0000000082c00000| PB 0x0000000082c00000| Untracked |  0
|  15|0x0000000082d00000, 0x0000000082e00000, 0x0000000082e00000|100%| O|  |TAMS 0x0000000082d00000| PB 0x0000000082d00000| Untracked |  0
|  16|0x0000000082e00000, 0x0000000082f00000, 0x0000000082f00000|100%| O|  |TAMS 0x0000000082e00000| PB 0x0000000082e00000| Untracked |  0
|  17|0x0000000082f00000, 0x0000000083000000, 0x0000000083000000|100%| O|  |TAMS 0x0000000082f00000| PB 0x0000000082f00000| Untracked |  0
|  18|0x0000000083000000, 0x0000000083100000, 0x0000000083100000|100%| O|  |TAMS 0x0000000083000000| PB 0x0000000083000000| Untracked |  0
|  19|0x0000000083100000, 0x0000000083200000, 0x0000000083200000|100%| O|  |TAMS 0x0000000083100000| PB 0x0000000083100000| Untracked |  0
|  20|0x0000000083200000, 0x0000000083300000, 0x0000000083300000|100%| O|  |TAMS 0x0000000083200000| PB 0x0000000083200000| Untracked |  0
|  21|0x0000000083300000, 0x0000000083400000, 0x0000000083400000|100%| O|  |TAMS 0x0000000083300000| PB 0x0000000083300000| Untracked |  0
|  22|0x0000000083400000, 0x0000000083500000, 0x0000000083500000|100%| O|  |TAMS 0x0000000083400000| PB 0x0000000083400000| Untracked |  0
|  23|0x0000000083500000, 0x0000000083593ed0, 0x0000000083600000| 57%| O|  |TAMS 0x0000000083500000| PB 0x0000000083500000| Untracked |  0
|  24|0x0000000083600000, 0x0000000083600000, 0x0000000083700000|  0%| F|  |TAMS 0x0000000083600000| PB 0x0000000083600000| Untracked |  0
|  25|0x0000000083700000, 0x0000000083700000, 0x0000000083800000|  0%| F|  |TAMS 0x0000000083700000| PB 0x0000000083700000| Untracked |  0
|  26|0x0000000083800000, 0x0000000083800000, 0x0000000083900000|  0%| F|  |TAMS 0x0000000083800000| PB 0x0000000083800000| Untracked |  0
|  27|0x0000000083900000, 0x0000000083900000, 0x0000000083a00000|  0%| F|  |TAMS 0x0000000083900000| PB 0x0000000083900000| Untracked |  0
|  28|0x0000000083a00000, 0x0000000083a00000, 0x0000000083b00000|  0%| F|  |TAMS 0x0000000083a00000| PB 0x0000000083a00000| Untracked |  0
|  29|0x0000000083b00000, 0x0000000083b00000, 0x0000000083c00000|  0%| F|  |TAMS 0x0000000083b00000| PB 0x0000000083b00000| Untracked |  0
|  30|0x0000000083c00000, 0x0000000083c00000, 0x0000000083d00000|  0%| F|  |TAMS 0x0000000083c00000| PB 0x0000000083c00000| Untracked |  0
|  31|0x0000000083d00000, 0x0000000083d00000, 0x0000000083e00000|  0%| F|  |TAMS 0x0000000083d00000| PB 0x0000000083d00000| Untracked |  0
|  32|0x0000000083e00000, 0x0000000083ec4810, 0x0000000083f00000| 76%| S|CS|TAMS 0x0000000083e00000| PB 0x0000000083e00000| Complete |  0
|  33|0x0000000083f00000, 0x0000000084000000, 0x0000000084000000|100%| S|CS|TAMS 0x0000000083f00000| PB 0x0000000083f00000| Complete |  0
|  34|0x0000000084000000, 0x0000000084000000, 0x0000000084100000|  0%| F|  |TAMS 0x0000000084000000| PB 0x0000000084000000| Untracked |  0
|  35|0x0000000084100000, 0x0000000084100000, 0x0000000084200000|  0%| F|  |TAMS 0x0000000084100000| PB 0x0000000084100000| Untracked |  0
|  36|0x0000000084200000, 0x0000000084200000, 0x0000000084300000|  0%| F|  |TAMS 0x0000000084200000| PB 0x0000000084200000| Untracked |  0
|  37|0x0000000084300000, 0x0000000084300000, 0x0000000084400000|  0%| F|  |TAMS 0x0000000084300000| PB 0x0000000084300000| Untracked |  0
|  38|0x0000000084400000, 0x0000000084400000, 0x0000000084500000|  0%| F|  |TAMS 0x0000000084400000| PB 0x0000000084400000| Untracked |  0
|  39|0x0000000084500000, 0x0000000084500000, 0x0000000084600000|  0%| F|  |TAMS 0x0000000084500000| PB 0x0000000084500000| Untracked |  0
|  40|0x0000000084600000, 0x0000000084600000, 0x0000000084700000|  0%| F|  |TAMS 0x0000000084600000| PB 0x0000000084600000| Untracked |  0
|  41|0x0000000084700000, 0x0000000084700000, 0x0000000084800000|  0%| F|  |TAMS 0x0000000084700000| PB 0x0000000084700000| Untracked |  0
|  42|0x0000000084800000, 0x0000000084800000, 0x0000000084900000|  0%| F|  |TAMS 0x0000000084800000| PB 0x0000000084800000| Untracked |  0
|  80|0x0000000086e00000, 0x0000000086e00000, 0x0000000086f00000|  0%| F|  |TAMS 0x0000000086e00000| PB 0x0000000086e00000| Untracked |  0
|  81|0x0000000086f00000, 0x0000000086f00000, 0x0000000087000000|  0%| F|  |TAMS 0x0000000086f00000| PB 0x0000000086f00000| Untracked |  0
|  82|0x0000000087000000, 0x00000000870afb60, 0x0000000087100000| 68%| E|  |TAMS 0x0000000087000000| PB 0x0000000087000000| Complete |  0
|  83|0x0000000087100000, 0x0000000087200000, 0x0000000087200000|100%| E|CS|TAMS 0x0000000087100000| PB 0x0000000087100000| Complete |  0
|  84|0x0000000087200000, 0x0000000087300000, 0x0000000087300000|100%| E|CS|TAMS 0x0000000087200000| PB 0x0000000087200000| Complete |  0
|  85|0x0000000087300000, 0x0000000087400000, 0x0000000087400000|100%| E|CS|TAMS 0x0000000087300000| PB 0x0000000087300000| Complete |  0
| 127|0x0000000089d00000, 0x0000000089e00000, 0x0000000089e00000|100%| E|  |TAMS 0x0000000089d00000| PB 0x0000000089d00000| Complete |  0

Card table byte_map: [0x0000022d7e240000,0x0000022d7e640000] _byte_map_base: 0x0000022d7de31000

Marking Bits: (CMBitMap*) 0x0000022d7d971080
 Bits: [0x0000022d17670000, 0x0000022d195f8000)

Polling page: 0x0000022d7b780000

Metaspace:

Usage:
  Non-class:     51.02 MB used.
      Class:      8.10 MB used.
       Both:     59.13 MB used.

Virtual space:
  Non-class space:       64.00 MB reserved,      51.38 MB ( 80%) committed,  1 nodes.
      Class space:        1.00 GB reserved,       8.38 MB ( <1%) committed,  1 nodes.
             Both:        1.06 GB reserved,      59.75 MB (  5%) committed. 

Chunk freelists:
   Non-Class:  12.03 MB
       Class:  7.64 MB
        Both:  19.67 MB

MaxMetaspaceSize: unlimited
CompressedClassSpaceSize: 1.00 GB
Initial GC threshold: 21.00 MB
Current GC threshold: 98.06 MB
CDS: on
 - commit_granule_bytes: 65536.
 - commit_granule_words: 8192.
 - virtual_space_node_default_size: 8388608.
 - enlarge_chunks_in_place: 1.
 - use_allocation_guard: 0.


Internal statistics:

num_allocs_failed_limit: 9.
num_arena_births: 772.
num_arena_deaths: 0.
num_vsnodes_births: 2.
num_vsnodes_deaths: 0.
num_space_committed: 956.
num_space_uncommitted: 0.
num_chunks_returned_to_freelist: 9.
num_chunks_taken_from_freelist: 2769.
num_chunk_merges: 9.
num_chunk_splits: 2012.
num_chunks_enlarged: 1575.
num_inconsistent_stats: 0.

CodeHeap 'non-profiled nmethods': size=120064Kb used=2271Kb max_used=2424Kb free=117792Kb
 bounds [0x0000022d10130000, 0x0000022d103a0000, 0x0000022d17670000]
CodeHeap 'profiled nmethods': size=120000Kb used=7350Kb max_used=8101Kb free=112649Kb
 bounds [0x0000022d08670000, 0x0000022d08e60000, 0x0000022d0fba0000]
CodeHeap 'non-nmethods': size=5696Kb used=1686Kb max_used=1704Kb free=4010Kb
 bounds [0x0000022d0fba0000, 0x0000022d0fe10000, 0x0000022d10130000]
CodeCache: size=245760Kb, used=11307Kb, max_used=12229Kb, free=234451Kb
 total_blobs=5720, nmethods=4987, adapters=638, full_count=0
Compilation: enabled, stopped_count=0, restarted_count=0

Compilation events (20 events):
Event: 11.520 Thread 0x0000022d7f09b410 nmethod 5635 0x0000022d08e58588 code [0x0000022d08e586a0, 0x0000022d08e58880]
Event: 11.520 Thread 0x0000022d7f09b410 5633       3       java.util.stream.AbstractPipeline::close (42 bytes)
Event: 11.520 Thread 0x0000022d7f09b410 nmethod 5633 0x0000022d08e58908 code [0x0000022d08e58a40, 0x0000022d08e58cd8]
Event: 11.520 Thread 0x0000022d7f09b410 5636       3       java.util.stream.ReferencePipeline$7$1FlatMap::end (10 bytes)
Event: 11.520 Thread 0x0000022d7f09b410 nmethod 5636 0x0000022d08e58d08 code [0x0000022d08e58e20, 0x0000022d08e58ff8]
Event: 11.539 Thread 0x0000022d7f09b410 5637       3       java.util.stream.ReduceOps$ReduceOp::evaluateSequential (18 bytes)
Event: 11.540 Thread 0x0000022d7f09b410 nmethod 5637 0x0000022d08e59008 code [0x0000022d08e59160, 0x0000022d08e595c0]
Event: 11.551 Thread 0x0000022d7f09b410 5638       1       sun.util.locale.BaseLocale::getRegion (5 bytes)
Event: 11.551 Thread 0x0000022d7f09b410 nmethod 5638 0x0000022d1038c108 code [0x0000022d1038c220, 0x0000022d1038c2e8]
Event: 11.579 Thread 0x0000022d7f099540 5642       4       java.lang.invoke.LambdaForm$BasicType::basicType (8 bytes)
Event: 11.584 Thread 0x0000022d7f099540 nmethod 5642 0x0000022d1038cd08 code [0x0000022d1038ce20, 0x0000022d1038cfd8]
Event: 11.590 Thread 0x0000022d7f099540 5643       4       java.security.SecureClassLoader$CodeSourceKey::hashCode (11 bytes)
Event: 11.593 Thread 0x0000022d7f099540 nmethod 5643 0x0000022d1038d008 code [0x0000022d1038d140, 0x0000022d1038d478]
Event: 11.597 Thread 0x0000022d7f099540 5644       4       jdk.internal.org.objectweb.asm.Type::getArgumentsAndReturnSizes (140 bytes)
Event: 11.609 Thread 0x0000022d7f099540 nmethod 5644 0x0000022d1038d508 code [0x0000022d1038d6a0, 0x0000022d1038df80]
Event: 11.674 Thread 0x0000022d7f09b410 5646       3       java.lang.invoke.InvokerBytecodeGenerator::<init> (129 bytes)
Event: 11.676 Thread 0x0000022d7f09b410 nmethod 5646 0x0000022d087b0c88 code [0x0000022d087b0ee0, 0x0000022d087b1e98]
Event: 11.677 Thread 0x0000022d7f09b410 5647   !   3       java.lang.invoke.DirectMethodHandle::makePreparedLambdaForm (756 bytes)
Event: 11.680 Thread 0x0000022d7f09b410 nmethod 5647 0x0000022d08a30608 code [0x0000022d08a30aa0, 0x0000022d08a33820]
Event: 11.681 Thread 0x0000022d7f099540 5653       4       jdk.internal.org.objectweb.asm.SymbolTable::addConstantMemberReference (147 bytes)

GC Heap History (20 events):
Event: 1.743 GC heap before
{Heap before GC invocations=1 (full 0):
 garbage-first heap   total reserved 2066432K, committed 131072K, used 29365K [0x0000000081e00000, 0x0000000100000000)
  region size 1024K, 24 young (24576K), 3 survivors (3072K)
 Metaspace       used 13678K, committed 14016K, reserved 1114112K
  class space    used 1731K, committed 1920K, reserved 1048576K
}
Event: 1.751 GC heap after
{Heap after GC invocations=2 (full 0):
 garbage-first heap   total reserved 2066432K, committed 131072K, used 10943K [0x0000000081e00000, 0x0000000100000000)
  region size 1024K, 2 young (2048K), 2 survivors (2048K)
 Metaspace       used 13678K, committed 14016K, reserved 1114112K
  class space    used 1731K, committed 1920K, reserved 1048576K
}
Event: 2.744 GC heap before
{Heap before GC invocations=2 (full 0):
 garbage-first heap   total reserved 2066432K, committed 131072K, used 49855K [0x0000000081e00000, 0x0000000100000000)
  region size 1024K, 42 young (43008K), 2 survivors (2048K)
 Metaspace       used 21223K, committed 21504K, reserved 1114112K
  class space    used 2670K, committed 2816K, reserved 1048576K
}
Event: 2.761 GC heap after
{Heap after GC invocations=3 (full 0):
 garbage-first heap   total reserved 2066432K, committed 131072K, used 14924K [0x0000000081e00000, 0x0000000100000000)
  region size 1024K, 6 young (6144K), 6 survivors (6144K)
 Metaspace       used 21223K, committed 21504K, reserved 1114112K
  class space    used 2670K, committed 2816K, reserved 1048576K
}
Event: 4.379 GC heap before
{Heap before GC invocations=4 (full 0):
 garbage-first heap   total reserved 2066432K, committed 51200K, used 39500K [0x0000000081e00000, 0x0000000100000000)
  region size 1024K, 30 young (30720K), 6 survivors (6144K)
 Metaspace       used 25329K, committed 25664K, reserved 1114112K
  class space    used 3248K, committed 3392K, reserved 1048576K
}
Event: 4.398 GC heap after
{Heap after GC invocations=5 (full 0):
 garbage-first heap   total reserved 2066432K, committed 51200K, used 16815K [0x0000000081e00000, 0x0000000100000000)
  region size 1024K, 2 young (2048K), 2 survivors (2048K)
 Metaspace       used 25329K, committed 25664K, reserved 1114112K
  class space    used 3248K, committed 3392K, reserved 1048576K
}
Event: 5.259 GC heap before
{Heap before GC invocations=5 (full 0):
 garbage-first heap   total reserved 2066432K, committed 51200K, used 37295K [0x0000000081e00000, 0x0000000100000000)
  region size 1024K, 23 young (23552K), 2 survivors (2048K)
 Metaspace       used 29830K, committed 30272K, reserved 1114112K
  class space    used 3880K, committed 4096K, reserved 1048576K
}
Event: 5.270 GC heap after
{Heap after GC invocations=6 (full 0):
 garbage-first heap   total reserved 2066432K, committed 51200K, used 19136K [0x0000000081e00000, 0x0000000100000000)
  region size 1024K, 2 young (2048K), 2 survivors (2048K)
 Metaspace       used 29830K, committed 30272K, reserved 1114112K
  class space    used 3880K, committed 4096K, reserved 1048576K
}
Event: 6.698 GC heap before
{Heap before GC invocations=6 (full 0):
 garbage-first heap   total reserved 2066432K, committed 51200K, used 39616K [0x0000000081e00000, 0x0000000100000000)
  region size 1024K, 23 young (23552K), 2 survivors (2048K)
 Metaspace       used 34429K, committed 34944K, reserved 1114112K
  class space    used 4460K, committed 4672K, reserved 1048576K
}
Event: 6.706 GC heap after
{Heap after GC invocations=7 (full 0):
 garbage-first heap   total reserved 2066432K, committed 51200K, used 21061K [0x0000000081e00000, 0x0000000100000000)
  region size 1024K, 2 young (2048K), 2 survivors (2048K)
 Metaspace       used 34429K, committed 34944K, reserved 1114112K
  class space    used 4460K, committed 4672K, reserved 1048576K
}
Event: 7.047 GC heap before
{Heap before GC invocations=7 (full 0):
 garbage-first heap   total reserved 2066432K, committed 51200K, used 25157K [0x0000000081e00000, 0x0000000100000000)
  region size 1024K, 7 young (7168K), 2 survivors (2048K)
 Metaspace       used 35481K, committed 35968K, reserved 1114112K
  class space    used 4630K, committed 4864K, reserved 1048576K
}
Event: 7.050 GC heap after
{Heap after GC invocations=8 (full 0):
 garbage-first heap   total reserved 2066432K, committed 51200K, used 21192K [0x0000000081e00000, 0x0000000100000000)
  region size 1024K, 2 young (2048K), 2 survivors (2048K)
 Metaspace       used 35481K, committed 35968K, reserved 1114112K
  class space    used 4630K, committed 4864K, reserved 1048576K
}
Event: 8.456 GC heap before
{Heap before GC invocations=9 (full 0):
 garbage-first heap   total reserved 2066432K, committed 51200K, used 42696K [0x0000000081e00000, 0x0000000100000000)
  region size 1024K, 23 young (23552K), 2 survivors (2048K)
 Metaspace       used 40816K, committed 41280K, reserved 1114112K
  class space    used 5478K, committed 5696K, reserved 1048576K
}
Event: 8.460 GC heap after
{Heap after GC invocations=10 (full 0):
 garbage-first heap   total reserved 2066432K, committed 51200K, used 22618K [0x0000000081e00000, 0x0000000100000000)
  region size 1024K, 2 young (2048K), 2 survivors (2048K)
 Metaspace       used 40816K, committed 41280K, reserved 1114112K
  class space    used 5478K, committed 5696K, reserved 1048576K
}
Event: 9.971 GC heap before
{Heap before GC invocations=10 (full 0):
 garbage-first heap   total reserved 2066432K, committed 51200K, used 43098K [0x0000000081e00000, 0x0000000100000000)
  region size 1024K, 22 young (22528K), 2 survivors (2048K)
 Metaspace       used 49787K, committed 50368K, reserved 1114112K
  class space    used 6603K, committed 6848K, reserved 1048576K
}
Event: 9.976 GC heap after
{Heap after GC invocations=11 (full 0):
 garbage-first heap   total reserved 2066432K, committed 51200K, used 23971K [0x0000000081e00000, 0x0000000100000000)
  region size 1024K, 3 young (3072K), 3 survivors (3072K)
 Metaspace       used 49787K, committed 50368K, reserved 1114112K
  class space    used 6603K, committed 6848K, reserved 1048576K
}
Event: 10.794 GC heap before
{Heap before GC invocations=11 (full 0):
 garbage-first heap   total reserved 2066432K, committed 51200K, used 42403K [0x0000000081e00000, 0x0000000100000000)
  region size 1024K, 22 young (22528K), 3 survivors (3072K)
 Metaspace       used 54969K, committed 55424K, reserved 1114112K
  class space    used 7308K, committed 7488K, reserved 1048576K
}
Event: 10.799 GC heap after
{Heap after GC invocations=12 (full 0):
 garbage-first heap   total reserved 2066432K, committed 51200K, used 25198K [0x0000000081e00000, 0x0000000100000000)
  region size 1024K, 2 young (2048K), 2 survivors (2048K)
 Metaspace       used 54969K, committed 55424K, reserved 1114112K
  class space    used 7308K, committed 7488K, reserved 1048576K
}
Event: 11.581 GC heap before
{Heap before GC invocations=12 (full 0):
 garbage-first heap   total reserved 2066432K, committed 51200K, used 40558K [0x0000000081e00000, 0x0000000100000000)
  region size 1024K, 18 young (18432K), 2 survivors (2048K)
 Metaspace       used 59513K, committed 60096K, reserved 1114112K
  class space    used 8104K, committed 8384K, reserved 1048576K
}
Event: 11.584 GC heap after
{Heap after GC invocations=13 (full 0):
 garbage-first heap   total reserved 2066432K, committed 51200K, used 25857K [0x0000000081e00000, 0x0000000100000000)
  region size 1024K, 2 young (2048K), 2 survivors (2048K)
 Metaspace       used 59513K, committed 60096K, reserved 1114112K
  class space    used 8104K, committed 8384K, reserved 1048576K
}

Dll operation events (13 events):
Event: 0.022 Loaded shared library C:\Program Files\Java\jdk-23\bin\java.dll
Event: 0.069 Loaded shared library C:\Program Files\Java\jdk-23\bin\jsvml.dll
Event: 0.211 Loaded shared library C:\Program Files\Java\jdk-23\bin\zip.dll
Event: 0.218 Loaded shared library C:\Program Files\Java\jdk-23\bin\instrument.dll
Event: 0.227 Loaded shared library C:\Program Files\Java\jdk-23\bin\net.dll
Event: 0.233 Loaded shared library C:\Program Files\Java\jdk-23\bin\nio.dll
Event: 0.238 Loaded shared library C:\Program Files\Java\jdk-23\bin\zip.dll
Event: 0.373 Loaded shared library C:\Program Files\Java\jdk-23\bin\extnet.dll
Event: 0.417 Loaded shared library C:\Program Files\Java\jdk-23\bin\jimage.dll
Event: 2.125 Loaded shared library C:\Program Files\Java\jdk-23\bin\sunmscapi.dll
Event: 5.613 Loaded shared library C:\Program Files\Java\jdk-23\bin\management.dll
Event: 5.616 Loaded shared library C:\Program Files\Java\jdk-23\bin\management_ext.dll
Event: 7.441 Loaded shared library C:\Program Files\Java\jdk-23\bin\verify.dll

Deoptimization events (20 events):
Event: 10.310 Thread 0x0000022d7b6ba120 Uncommon trap: trap_request=0xffffff45 fr.pc=0x0000022d10272654 relative=0x0000000000000274
Event: 10.310 Thread 0x0000022d7b6ba120 Uncommon trap: reason=unstable_if action=reinterpret pc=0x0000022d10272654 method=org.springframework.beans.factory.support.AbstractAutowireCapableBeanFactory.determineTargetType(Ljava/lang/String;Lorg/springframework/beans/factory/support/RootBeanDefinit
Event: 10.310 Thread 0x0000022d7b6ba120 DEOPT PACKING pc=0x0000022d10272654 sp=0x00000060cc5fe270
Event: 10.310 Thread 0x0000022d7b6ba120 DEOPT UNPACKING pc=0x0000022d0fbf4402 sp=0x00000060cc5fe258 mode 2
Event: 10.325 Thread 0x0000022d7b6ba120 Uncommon trap: trap_request=0xffffffde fr.pc=0x0000022d10289ca4 relative=0x0000000000000304
Event: 10.325 Thread 0x0000022d7b6ba120 Uncommon trap: reason=class_check action=maybe_recompile pc=0x0000022d10289ca4 method=org.springframework.core.ResolvableType.resolveType()Lorg/springframework/core/ResolvableType; @ 94 c2
Event: 10.325 Thread 0x0000022d7b6ba120 DEOPT PACKING pc=0x0000022d10289ca4 sp=0x00000060cc5fcb70
Event: 10.325 Thread 0x0000022d7b6ba120 DEOPT UNPACKING pc=0x0000022d0fbf4402 sp=0x00000060cc5fcb08 mode 2
Event: 10.567 Thread 0x0000022d7b6ba120 Uncommon trap: trap_request=0xffffff45 fr.pc=0x0000022d101ae3e0 relative=0x00000000000000e0
Event: 10.567 Thread 0x0000022d7b6ba120 Uncommon trap: reason=unstable_if action=reinterpret pc=0x0000022d101ae3e0 method=java.lang.Integer.stringSize(I)I @ 3 c2
Event: 10.567 Thread 0x0000022d7b6ba120 DEOPT PACKING pc=0x0000022d101ae3e0 sp=0x00000060cc5fdf20
Event: 10.567 Thread 0x0000022d7b6ba120 DEOPT UNPACKING pc=0x0000022d0fbf4402 sp=0x00000060cc5fdea8 mode 2
Event: 10.567 Thread 0x0000022d7b6ba120 Uncommon trap: trap_request=0xffffff45 fr.pc=0x0000022d101b620c relative=0x000000000000016c
Event: 10.567 Thread 0x0000022d7b6ba120 Uncommon trap: reason=unstable_if action=reinterpret pc=0x0000022d101b620c method=java.lang.StringLatin1.getChars(II[B)I @ 4 c2
Event: 10.567 Thread 0x0000022d7b6ba120 DEOPT PACKING pc=0x0000022d101b620c sp=0x00000060cc5fdef0
Event: 10.567 Thread 0x0000022d7b6ba120 DEOPT UNPACKING pc=0x0000022d0fbf4402 sp=0x00000060cc5fde98 mode 2
Event: 11.303 Thread 0x0000022d7b6ba120 Uncommon trap: trap_request=0xffffff45 fr.pc=0x0000022d102d0b18 relative=0x0000000000000798
Event: 11.303 Thread 0x0000022d7b6ba120 Uncommon trap: reason=unstable_if action=reinterpret pc=0x0000022d102d0b18 method=java.util.HashMap$HashIterator.<init>(Ljava/util/HashMap;)V @ 45 c2
Event: 11.303 Thread 0x0000022d7b6ba120 DEOPT PACKING pc=0x0000022d102d0b18 sp=0x00000060cc5fd560
Event: 11.303 Thread 0x0000022d7b6ba120 DEOPT UNPACKING pc=0x0000022d0fbf4402 sp=0x00000060cc5fd3f0 mode 2

Classes loaded (20 events):
Event: 10.290 Loading class javax/naming/StringRefAddr
Event: 10.290 Loading class javax/naming/StringRefAddr done
Event: 10.356 Loading class java/util/concurrent/CompletionStage
Event: 10.356 Loading class java/util/concurrent/CompletionStage done
Event: 10.357 Loading class java/util/concurrent/CompletableFuture
Event: 10.359 Loading class java/util/concurrent/CompletableFuture done
Event: 10.359 Loading class java/util/concurrent/CompletableFuture$AltResult
Event: 10.359 Loading class java/util/concurrent/CompletableFuture$AltResult done
Event: 10.359 Loading class java/util/concurrent/CompletableFuture$Completion
Event: 10.359 Loading class java/util/concurrent/CompletableFuture$AsynchronousCompletionTask
Event: 10.359 Loading class java/util/concurrent/CompletableFuture$AsynchronousCompletionTask done
Event: 10.359 Loading class java/util/concurrent/CompletableFuture$Completion done
Event: 10.515 Loading class java/util/concurrent/CancellationException
Event: 10.515 Loading class java/util/concurrent/CancellationException done
Event: 11.103 Loading class java/util/ArrayList$ListItr
Event: 11.103 Loading class java/util/ArrayList$ListItr done
Event: 11.184 Loading class java/util/AbstractList$SubList
Event: 11.185 Loading class java/util/AbstractList$SubList done
Event: 11.320 Loading class java/lang/reflect/AnnotatedArrayType
Event: 11.320 Loading class java/lang/reflect/AnnotatedArrayType done

Classes unloaded (0 events):
No events

Classes redefined (0 events):
No events

Internal exceptions (20 events):
Event: 5.766 Thread 0x0000022d7b6ba120 Exception <a 'java/lang/NoSuchMethodError'{0x00000000848e53b8}: 'int java.lang.invoke.DirectMethodHandle$Holder.invokeInterface(java.lang.Object, java.lang.Object, java.lang.Object, java.lang.Object)'> (0x00000000848e53b8) 
thrown [s\open\src\hotspot\share\interpreter\linkResolver.cpp, line 796]
Event: 5.944 Thread 0x0000022d7b6ba120 Exception <a 'java/lang/NoSuchMethodError'{0x000000008450ad70}: 'long java.lang.invoke.DirectMethodHandle$Holder.invokeVirtual(java.lang.Object, java.lang.Object)'> (0x000000008450ad70) 
thrown [s\open\src\hotspot\share\interpreter\linkResolver.cpp, line 796]
Event: 6.159 Thread 0x0000022d7b6ba120 Exception <a 'java/lang/NoSuchMethodError'{0x00000000841fae80}: 'java.lang.Object java.lang.invoke.DirectMethodHandle$Holder.newInvokeSpecial(java.lang.Object, java.lang.Object, java.lang.Object, java.lang.Object, java.lang.Object, java.lang.Object, java.lang.Object, java.lang.Object, java.lang.Object, java.lang.Object, java.lang.Object)'> (0x00000000841fae80) 
thrown [s\open\src\hotspot\share\interpreter\linkResolver.cpp, line 796]
Event: 6.526 Thread 0x0000022d7b6ba120 Exception <a 'java/lang/NoSuchMethodError'{0x0000000083d76688}: 'void java.lang.invoke.DelegatingMethodHandle$Holder.reinvoke_L(java.lang.Object, java.lang.Object, java.lang.Object, java.lang.Object, int, java.lang.Object, java.lang.Object, java.lang.Object)'> (0x0000000083d76688) 
thrown [s\open\src\hotspot\share\interpreter\linkResolver.cpp, line 796]
Event: 8.281 Thread 0x0000022d7b6ba120 Exception <a 'java/lang/NoSuchMethodError'{0x0000000083b25968}: 'int java.lang.invoke.DirectMethodHandle$Holder.invokeStatic(java.lang.Object)'> (0x0000000083b25968) 
thrown [s\open\src\hotspot\share\interpreter\linkResolver.cpp, line 796]
Event: 8.736 Thread 0x0000022d7b6ba120 Exception <a 'sun/nio/fs/WindowsException'{0x00000000870fdb58}> (0x00000000870fdb58) 
thrown [s\open\src\hotspot\share\prims\jni.cpp, line 520]
Event: 9.602 Thread 0x0000022d7b6ba120 Exception <a 'java/lang/NoSuchMethodError'{0x0000000084352ce8}: 'java.lang.Object java.lang.invoke.DirectMethodHandle$Holder.invokeStaticInit(java.lang.Object, java.lang.Object, java.lang.Object, java.lang.Object)'> (0x0000000084352ce8) 
thrown [s\open\src\hotspot\share\interpreter\linkResolver.cpp, line 796]
Event: 9.705 Thread 0x0000022d7b6ba120 Exception <a 'java/lang/NoSuchMethodError'{0x00000000842bf4b8}: 'int java.lang.invoke.Invokers$Holder.invokeExact_MT(java.lang.Object, java.lang.Object)'> (0x00000000842bf4b8) 
thrown [s\open\src\hotspot\share\interpreter\linkResolver.cpp, line 796]
Event: 10.549 Thread 0x0000022d7b6ba120 Exception <a 'java/lang/IncompatibleClassChangeError'{0x00000000842d41f0}: Found class java.lang.Object, but interface was expected> (0x00000000842d41f0) 
thrown [s\open\src\hotspot\share\interpreter\linkResolver.cpp, line 863]
Event: 10.605 Thread 0x0000022d7b6ba120 Exception <a 'java/lang/NoSuchMethodError'{0x000000008419ba18}: 'java.lang.Object java.lang.invoke.DirectMethodHandle$Holder.invokeStatic(java.lang.Object, java.lang.Object, int, java.lang.Object)'> (0x000000008419ba18) 
thrown [s\open\src\hotspot\share\interpreter\linkResolver.cpp, line 796]
Event: 10.606 Thread 0x0000022d7b6ba120 Exception <a 'java/lang/NoSuchMethodError'{0x000000008419f210}: 'java.lang.Object java.lang.invoke.DirectMethodHandle$Holder.invokeStaticInit(java.lang.Object, java.lang.Object, int, java.lang.Object)'> (0x000000008419f210) 
thrown [s\open\src\hotspot\share\interpreter\linkResolver.cpp, line 796]
Event: 11.557 Thread 0x0000022d7b6ba120 Exception <a 'java/lang/NoSuchMethodError'{0x0000000084028bd0}: 'void java.lang.invoke.DirectMethodHandle$Holder.invokeInterface(java.lang.Object, java.lang.Object, int, java.lang.Object)'> (0x0000000084028bd0) 
thrown [s\open\src\hotspot\share\interpreter\linkResolver.cpp, line 796]
Event: 11.562 Thread 0x0000022d7b6ba120 Exception <a 'java/lang/NoSuchMethodError'{0x000000008404d5e0}: 'java.lang.Object java.lang.invoke.DirectMethodHandle$Holder.newInvokeSpecial(java.lang.Object, java.lang.Object, int, java.lang.Object)'> (0x000000008404d5e0) 
thrown [s\open\src\hotspot\share\interpreter\linkResolver.cpp, line 796]
Event: 11.562 Thread 0x0000022d7b6ba120 Exception <a 'java/lang/NoSuchMethodError'{0x0000000084050fc8}: 'java.lang.Object java.lang.invoke.Invokers$Holder.linkToTargetMethod(java.lang.Object, int, java.lang.Object, java.lang.Object)'> (0x0000000084050fc8) 
thrown [s\open\src\hotspot\share\interpreter\linkResolver.cpp, line 796]
Event: 11.594 Thread 0x0000022d7b6ba120 Exception <a 'java/lang/NoSuchMethodError'{0x0000000089d3c598}: 'void java.lang.invoke.DirectMethodHandle$Holder.invokeSpecial(java.lang.Object, java.lang.Object, java.lang.Object, java.lang.Object, java.lang.Object, java.lang.Object, java.lang.Object, java.lang.Object)'> (0x0000000089d3c598) 
thrown [s\open\src\hotspot\share\interpreter\linkResolver.cpp, line 796]
Event: 11.626 Thread 0x0000022d7b6ba120 Exception <a 'java/lang/NoSuchMethodError'{0x0000000089d78668}: 'void java.lang.invoke.DirectMethodHandle$Holder.invokeSpecial(java.lang.Object, java.lang.Object, int, java.lang.Object)'> (0x0000000089d78668) 
thrown [s\open\src\hotspot\share\interpreter\linkResolver.cpp, line 796]
Event: 11.627 Thread 0x0000022d7b6ba120 Exception <a 'java/lang/NoSuchMethodError'{0x0000000089d7e888}: 'java.lang.Object java.lang.invoke.DirectMethodHandle$Holder.newInvokeSpecial(java.lang.Object, java.lang.Object, int)'> (0x0000000089d7e888) 
thrown [s\open\src\hotspot\share\interpreter\linkResolver.cpp, line 796]
Event: 11.674 Thread 0x0000022d7b6ba120 Exception <a 'java/lang/NoSuchMethodError'{0x00000000873d3af0}: 'int java.lang.invoke.DirectMethodHandle$Holder.invokeSpecial(java.lang.Object, java.lang.Object, int, java.lang.Object)'> (0x00000000873d3af0) 
thrown [s\open\src\hotspot\share\interpreter\linkResolver.cpp, line 796]
Event: 11.677 Thread 0x0000022d7b6ba120 Exception <a 'java/lang/NoSuchMethodError'{0x00000000873dc3e0}: 'int java.lang.invoke.DirectMethodHandle$Holder.invokeStatic(java.lang.Object, int, java.lang.Object)'> (0x00000000873dc3e0) 
thrown [s\open\src\hotspot\share\interpreter\linkResolver.cpp, line 796]
Event: 11.681 Thread 0x0000022d7b6ba120 Exception <a 'java/lang/NoSuchMethodError'{0x00000000873fa910}: 'java.lang.Object java.lang.invoke.DirectMethodHandle$Holder.newInvokeSpecial(java.lang.Object, java.lang.Object, java.lang.Object, java.lang.Object, java.lang.Object, int, java.lang.Object)'> (0x00000000873fa910) 
thrown [s\open\src\hotspot\share\interpreter\linkResolver.cpp, line 796]

VM Operations (20 events):
Event: 8.746 Executing VM operation: HandshakeAllThreads (Deoptimize)
Event: 8.746 Executing VM operation: HandshakeAllThreads (Deoptimize) done
Event: 9.162 Executing VM operation: HandshakeAllThreads (Deoptimize)
Event: 9.162 Executing VM operation: HandshakeAllThreads (Deoptimize) done
Event: 9.971 Executing VM operation: G1CollectForAllocation (G1 Evacuation Pause)
Event: 9.976 Executing VM operation: G1CollectForAllocation (G1 Evacuation Pause) done
Event: 10.793 Executing VM operation: G1CollectForAllocation (G1 Evacuation Pause)
Event: 10.799 Executing VM operation: G1CollectForAllocation (G1 Evacuation Pause) done
Event: 11.098 Executing VM operation: HandshakeAllThreads (Deoptimize)
Event: 11.098 Executing VM operation: HandshakeAllThreads (Deoptimize) done
Event: 11.104 Executing VM operation: HandshakeAllThreads (Deoptimize)
Event: 11.104 Executing VM operation: HandshakeAllThreads (Deoptimize) done
Event: 11.398 Executing VM operation: HandshakeAllThreads (Deoptimize)
Event: 11.398 Executing VM operation: HandshakeAllThreads (Deoptimize) done
Event: 11.581 Executing VM operation: CollectForMetadataAllocation (Metadata GC Threshold)
Event: 11.584 Executing VM operation: CollectForMetadataAllocation (Metadata GC Threshold) done
Event: 11.614 Executing VM operation: G1PauseRemark
Event: 11.619 Executing VM operation: G1PauseRemark done
Event: 11.629 Executing VM operation: G1PauseCleanup
Event: 11.629 Executing VM operation: G1PauseCleanup done

Memory protections (0 events):
No events

Nmethod flushes (20 events):
Event: 11.617 Thread 0x0000022d7f068860 flushing  nmethod 0x0000022d08a12808
Event: 11.617 Thread 0x0000022d7f068860 flushing  nmethod 0x0000022d08a12e88
Event: 11.617 Thread 0x0000022d7f068860 flushing  nmethod 0x0000022d08a50408
Event: 11.617 Thread 0x0000022d7f068860 flushing  nmethod 0x0000022d08a7ad88
Event: 11.617 Thread 0x0000022d7f068860 flushing  nmethod 0x0000022d08a7ba88
Event: 11.617 Thread 0x0000022d7f068860 flushing  nmethod 0x0000022d08aecf88
Event: 11.617 Thread 0x0000022d7f068860 flushing  nmethod 0x0000022d08aedc88
Event: 11.617 Thread 0x0000022d7f068860 flushing  nmethod 0x0000022d08aeef88
Event: 11.617 Thread 0x0000022d7f068860 flushing  nmethod 0x0000022d08aef308
Event: 11.617 Thread 0x0000022d7f068860 flushing  nmethod 0x0000022d08aef688
Event: 11.617 Thread 0x0000022d7f068860 flushing  nmethod 0x0000022d08af0c88
Event: 11.617 Thread 0x0000022d7f068860 flushing  nmethod 0x0000022d08af1488
Event: 11.617 Thread 0x0000022d7f068860 flushing  nmethod 0x0000022d08b3ee88
Event: 11.617 Thread 0x0000022d7f068860 flushing  nmethod 0x0000022d08b57b08
Event: 11.617 Thread 0x0000022d7f068860 flushing  nmethod 0x0000022d08b87e08
Event: 11.617 Thread 0x0000022d7f068860 flushing  nmethod 0x0000022d08b88b08
Event: 11.617 Thread 0x0000022d7f068860 flushing  nmethod 0x0000022d08b89b08
Event: 11.617 Thread 0x0000022d7f068860 flushing  nmethod 0x0000022d08bfed88
Event: 11.617 Thread 0x0000022d7f068860 flushing  nmethod 0x0000022d08c4ee08
Event: 11.617 Thread 0x0000022d7f068860 flushing  nmethod 0x0000022d08c52a88

Events (20 events):
Event: 2.149 Thread 0x0000022d61a34120 Thread exited: 0x0000022d61a34120
Event: 2.166 Thread 0x0000022d61f24fe0 Thread exited: 0x0000022d61f24fe0
Event: 3.150 Thread 0x0000022d62639990 Thread exited: 0x0000022d62639990
Event: 5.155 Thread 0x0000022d7f099540 Thread added: 0x0000022d63cde010
Event: 5.982 Thread 0x0000022d7b6ba120 Thread added: 0x0000022d63ebb960
Event: 5.986 Thread 0x0000022d7b6ba120 Thread added: 0x0000022d63831990
Event: 5.993 Thread 0x0000022d7b6ba120 Thread added: 0x0000022d623dde00
Event: 6.064 Thread 0x0000022d7b6ba120 Thread added: 0x0000022d623db010
Event: 6.574 Thread 0x0000022d63cde010 Thread exited: 0x0000022d63cde010
Event: 6.986 Thread 0x0000022d6128b890 Thread exited: 0x0000022d6128b890
Event: 7.490 Thread 0x0000022d7f09b410 Thread added: 0x0000022d6128b890
Event: 7.664 Thread 0x0000022d6128b890 Thread exited: 0x0000022d6128b890
Event: 7.994 Thread 0x0000022d7f09b410 Thread added: 0x0000022d6128b890
Event: 8.680 Thread 0x0000022d7f09b410 Thread added: 0x0000022d63cde010
Event: 9.318 Thread 0x0000022d7b6ba120 Thread added: 0x0000022d623dbd30
Event: 9.437 Thread 0x0000022d623dbd30 Thread added: 0x0000022d625e92b0
Event: 9.956 Thread 0x0000022d63cde010 Thread exited: 0x0000022d63cde010
Event: 10.825 Thread 0x0000022d6128b890 Thread exited: 0x0000022d6128b890
Event: 11.217 Thread 0x0000022d7f09b410 Thread added: 0x0000022d625ed8c0
Event: 11.579 Thread 0x0000022d625ed8c0 Thread exited: 0x0000022d625ed8c0


Dynamic libraries:
0x00007ff761960000 - 0x00007ff761970000 	C:\Program Files\Java\jdk-23\bin\java.exe
0x00007ffc738b0000 - 0x00007ffc73aa8000 	C:\Windows\SYSTEM32\ntdll.dll
0x00007ffc718e0000 - 0x00007ffc719a2000 	C:\Windows\System32\KERNEL32.DLL
0x00007ffc71300000 - 0x00007ffc715f6000 	C:\Windows\System32\KERNELBASE.dll
0x00007ffc70f70000 - 0x00007ffc71070000 	C:\Windows\System32\ucrtbase.dll
0x00007ffc6c530000 - 0x00007ffc6c547000 	C:\Program Files\Java\jdk-23\bin\jli.dll
0x00007ffc6c2d0000 - 0x00007ffc6c2eb000 	C:\Program Files\Java\jdk-23\bin\VCRUNTIME140.dll
0x00007ffc71a60000 - 0x00007ffc71bfd000 	C:\Windows\System32\USER32.dll
0x00007ffc5c2c0000 - 0x00007ffc5c55a000 	C:\Windows\WinSxS\amd64_microsoft.windows.common-controls_6595b64144ccf1df_6.0.19041.4355_none_60b8b9eb71f62e16\COMCTL32.dll
0x00007ffc71600000 - 0x00007ffc71622000 	C:\Windows\System32\win32u.dll
0x00007ffc720d0000 - 0x00007ffc7216e000 	C:\Windows\System32\msvcrt.dll
0x00007ffc72c20000 - 0x00007ffc72c4b000 	C:\Windows\System32\GDI32.dll
0x00007ffc711e0000 - 0x00007ffc712fa000 	C:\Windows\System32\gdi32full.dll
0x00007ffc71070000 - 0x00007ffc7110d000 	C:\Windows\System32\msvcp_win.dll
0x00007ffc73490000 - 0x00007ffc734bf000 	C:\Windows\System32\IMM32.DLL
0x00007ffc6c560000 - 0x00007ffc6c56c000 	C:\Program Files\Java\jdk-23\bin\vcruntime140_1.dll
0x00007ffc49440000 - 0x00007ffc494ce000 	C:\Program Files\Java\jdk-23\bin\msvcp140.dll
0x00007ffc36850000 - 0x00007ffc3759f000 	C:\Program Files\Java\jdk-23\bin\server\jvm.dll
0x00007ffc71f50000 - 0x00007ffc71fff000 	C:\Windows\System32\ADVAPI32.dll
0x00007ffc71eb0000 - 0x00007ffc71f4f000 	C:\Windows\System32\sechost.dll
0x00007ffc71d00000 - 0x00007ffc71e23000 	C:\Windows\System32\RPCRT4.dll
0x00007ffc70f40000 - 0x00007ffc70f67000 	C:\Windows\System32\bcrypt.dll
0x00007ffc71c90000 - 0x00007ffc71cfb000 	C:\Windows\System32\WS2_32.dll
0x00007ffc70440000 - 0x00007ffc7048b000 	C:\Windows\SYSTEM32\POWRPROF.dll
0x00007ffc5af80000 - 0x00007ffc5afa7000 	C:\Windows\SYSTEM32\WINMM.dll
0x00007ffc6b120000 - 0x00007ffc6b12a000 	C:\Windows\SYSTEM32\VERSION.dll
0x00007ffc70300000 - 0x00007ffc70312000 	C:\Windows\SYSTEM32\UMPDC.dll
0x00007ffc6f720000 - 0x00007ffc6f732000 	C:\Windows\SYSTEM32\kernel.appcore.dll
0x00007ffc6c290000 - 0x00007ffc6c29a000 	C:\Program Files\Java\jdk-23\bin\jimage.dll
0x00007ffc6ec90000 - 0x00007ffc6ee74000 	C:\Windows\SYSTEM32\DBGHELP.DLL
0x00007ffc4f4f0000 - 0x00007ffc4f524000 	C:\Windows\SYSTEM32\dbgcore.DLL
0x00007ffc71630000 - 0x00007ffc716b2000 	C:\Windows\System32\bcryptPrimitives.dll
0x00007ffc6c280000 - 0x00007ffc6c28f000 	C:\Program Files\Java\jdk-23\bin\instrument.dll
0x00007ffc6bed0000 - 0x00007ffc6beee000 	C:\Program Files\Java\jdk-23\bin\java.dll
0x00007ffc734c0000 - 0x00007ffc735eb000 	C:\Windows\System32\ole32.dll
0x00007ffc72c50000 - 0x00007ffc72fa5000 	C:\Windows\System32\combase.dll
0x00007ffc72170000 - 0x00007ffc728df000 	C:\Windows\System32\SHELL32.dll
0x00007ffc6ef60000 - 0x00007ffc6f703000 	C:\Windows\SYSTEM32\windows.storage.dll
0x00007ffc70890000 - 0x00007ffc708bb000 	C:\Windows\SYSTEM32\Wldp.dll
0x00007ffc735f0000 - 0x00007ffc736bd000 	C:\Windows\System32\OLEAUT32.dll
0x00007ffc719b0000 - 0x00007ffc71a5d000 	C:\Windows\System32\SHCORE.dll
0x00007ffc72010000 - 0x00007ffc72065000 	C:\Windows\System32\shlwapi.dll
0x00007ffc70e70000 - 0x00007ffc70e95000 	C:\Windows\SYSTEM32\profapi.dll
0x00007ffc47760000 - 0x00007ffc47837000 	C:\Program Files\Java\jdk-23\bin\jsvml.dll
0x00007ffc6b170000 - 0x00007ffc6b187000 	C:\Program Files\Java\jdk-23\bin\zip.dll
0x00007ffc6bf30000 - 0x00007ffc6bf40000 	C:\Program Files\Java\jdk-23\bin\net.dll
0x00007ffc70670000 - 0x00007ffc706dc000 	C:\Windows\system32\mswsock.dll
0x00007ffc6beb0000 - 0x00007ffc6bec6000 	C:\Program Files\Java\jdk-23\bin\nio.dll
0x00007ffc6be90000 - 0x00007ffc6be99000 	C:\Program Files\Java\jdk-23\bin\extnet.dll
0x00007ffc6aa10000 - 0x00007ffc6aa1e000 	C:\Program Files\Java\jdk-23\bin\sunmscapi.dll
0x00007ffc716c0000 - 0x00007ffc7181d000 	C:\Windows\System32\CRYPT32.dll
0x00007ffc709e0000 - 0x00007ffc70a07000 	C:\Windows\SYSTEM32\ncrypt.dll
0x00007ffc709a0000 - 0x00007ffc709db000 	C:\Windows\SYSTEM32\NTASN1.dll
0x00007ffc708d0000 - 0x00007ffc708e8000 	C:\Windows\SYSTEM32\CRYPTSP.dll
0x00007ffc6ff40000 - 0x00007ffc6ff78000 	C:\Windows\system32\rsaenh.dll
0x00007ffc70e30000 - 0x00007ffc70e5e000 	C:\Windows\SYSTEM32\USERENV.dll
0x00007ffc70800000 - 0x00007ffc7080c000 	C:\Windows\SYSTEM32\CRYPTBASE.dll
0x00007ffc70320000 - 0x00007ffc7035b000 	C:\Windows\SYSTEM32\IPHLPAPI.DLL
0x00007ffc718d0000 - 0x00007ffc718d8000 	C:\Windows\System32\NSI.dll
0x00007ffc6c4c0000 - 0x00007ffc6c4ca000 	C:\Program Files\Java\jdk-23\bin\management.dll
0x00007ffc6a930000 - 0x00007ffc6a93b000 	C:\Program Files\Java\jdk-23\bin\management_ext.dll
0x00007ffc71c00000 - 0x00007ffc71c08000 	C:\Windows\System32\PSAPI.DLL
0x00007ffc6a920000 - 0x00007ffc6a930000 	C:\Program Files\Java\jdk-23\bin\verify.dll
0x00007ffc70360000 - 0x00007ffc7042a000 	C:\Windows\SYSTEM32\DNSAPI.dll
0x00007ffc6ac40000 - 0x00007ffc6ac4a000 	C:\Windows\System32\rasadhlp.dll
0x00007ffc66550000 - 0x00007ffc665d0000 	C:\Windows\System32\fwpuclnt.dll

dbghelp: loaded successfully - version: 4.0.5 - missing functions: none
symbol engine: initialized successfully - sym options: 0x614 - pdb path: .;C:\Program Files\Java\jdk-23\bin;C:\Windows\SYSTEM32;C:\Windows\WinSxS\amd64_microsoft.windows.common-controls_6595b64144ccf1df_6.0.19041.4355_none_60b8b9eb71f62e16;C:\Program Files\Java\jdk-23\bin\server

VM Arguments:
jvm_args: -javaagent:C:\Program Files\JetBrains\IntelliJ IDEA Community Edition 2024.3.1.1\lib\idea_rt.jar=52373 -Dfile.encoding=UTF-8 -Dsun.stdout.encoding=UTF-8 -Dsun.stderr.encoding=UTF-8 
java_command: edu.icet.ecom.Main
java_class_path (initial): D:\ICET\Employee_Manage_System\target\classes;C:\Users\User\.m2\repository\org\springframework\boot\spring-boot-starter-web\3.4.5\spring-boot-starter-web-3.4.5.jar;C:\Users\User\.m2\repository\org\springframework\boot\spring-boot-starter\3.4.5\spring-boot-starter-3.4.5.jar;C:\Users\User\.m2\repository\org\springframework\boot\spring-boot\3.4.5\spring-boot-3.4.5.jar;C:\Users\User\.m2\repository\org\springframework\boot\spring-boot-autoconfigure\3.4.5\spring-boot-autoconfigure-3.4.5.jar;C:\Users\User\.m2\repository\org\springframework\boot\spring-boot-starter-logging\3.4.5\spring-boot-starter-logging-3.4.5.jar;C:\Users\User\.m2\repository\ch\qos\logback\logback-classic\1.5.18\logback-classic-1.5.18.jar;C:\Users\User\.m2\repository\ch\qos\logback\logback-core\1.5.18\logback-core-1.5.18.jar;C:\Users\User\.m2\repository\org\apache\logging\log4j\log4j-to-slf4j\2.24.3\log4j-to-slf4j-2.24.3.jar;C:\Users\User\.m2\repository\org\apache\logging\log4j\log4j-api\2.24.3\log4j-api-2.24.3.jar;C:\Users\User\.m2\repository\org\slf4j\jul-to-slf4j\2.0.17\jul-to-slf4j-2.0.17.jar;C:\Users\User\.m2\repository\jakarta\annotation\jakarta.annotation-api\2.1.1\jakarta.annotation-api-2.1.1.jar;C:\Users\User\.m2\repository\org\springframework\spring-core\6.2.6\spring-core-6.2.6.jar;C:\Users\User\.m2\repository\org\springframework\spring-jcl\6.2.6\spring-jcl-6.2.6.jar;C:\Users\User\.m2\repository\org\yaml\snakeyaml\2.3\snakeyaml-2.3.jar;C:\Users\User\.m2\repository\org\springframework\boot\spring-boot-starter-json\3.4.5\spring-boot-starter-json-3.4.5.jar;C:\Users\User\.m2\repository\com\fasterxml\jackson\core\jackson-databind\2.18.3\jackson-databind-2.18.3.jar;C:\Users\User\.m2\repository\com\fasterxml\jackson\core\jackson-annotations\2.18.3\jackson-annotations-2.18.3.jar;C:\Users\User\.m2\repository\com\fasterxml\jackson\core\jackson-core\2.18.3\jackson-core-2.18.3.jar;C:\Users\User\.m2\repository\com\fasterxml\jackson\datatype\jackson-datatype-jdk8\2.18.3\jackson-datatype-jdk8-2.18.3.jar;C:\Users\User\.m2\repository\com\fasterxml\jackson\datatype\jackson-datatype-jsr310\2.18.3\jackson-datatype-jsr310-2.18.3.jar;C:\Users\User\.m2\repository\com\fasterxml\jackson\module\jackson-module-parameter-names\2.18.3\jackson-module-parameter-names-2.18.3.jar;C:\Users\User\.m2\repository\org\springframework\boot\spring-boot-starter-tomcat\3.4.5\spring-boot-starter-tomcat-3.4.5.jar;C:\Users\User\.m2\repository\org\apache\tomcat\embed\tomcat-embed-core\10.1.40\tomcat-embed-core-10.1.40.jar;C:\Users\User\.m2\repository\org\apache\tomcat\embed\tomcat-embed-el\10.1.40\tomcat-embed-el-10.1.40.jar;C:\Users\User\.m2\repository\org\apache\tomcat\embed\tomcat-embed-websocket\10.1.40\tomcat-embed-websocket-10.1.40.jar;C:\Users\User\.m2\repository\org\springframework\spring-web\6.2.6\spring-web-6.2.6.jar;C:\Users\User\.m2\repository\org\springframework\spring-beans\6.2.6\spring-beans-6.2.6.jar;C:\Users\User\.m2\repository\io\micrometer\micrometer-observation\1.14.6\micrometer-observation-1.14.6.jar;C:\Users\User\.m2\repository\io\micrometer\micrometer-commons\1.14.6\micrometer-commons-1.14.6.jar;C:\Users\User\.m2\repository\org\springframework\spring-webmvc\6.2.6\spring-webmvc-6.2.6.jar;C:\Users\User\.m2\repository\org\springframework\spring-aop\6.2.6\spring-aop-6.2.6.jar;C:\Users\User\.m2\repository\org\springframework\spring-context\6.2.6\spring-context-6.2.6.jar;C:\Users\User\.m2\repository\org\springframework\spring-expression\6.2.6\spring-expression-6.2.6.jar;C:\Users\User\.m2\repository\com\mysql\mysql-connector-j\9.2.0\mysql-connector-j-9.2.0.jar;C:\Users\User\.m2\repository\org\springframework\boot\spring-boot-starter-data-jpa\3.4.5\spring-boot-starter-data-jpa-3.4.5.jar;C:\Users\User\.m2\repository\org\springframework\boot\spring-boot-starter-jdbc\3.4.5\spring-boot-starter-jdbc-3.4.5.jar;C:\Users\User\.m2\repository\com\zaxxer\HikariCP\5.1.0\HikariCP-5.1.0.jar;C:\Users\User\.m2\repository\org\springframework\spring-jdbc\6.2.6\spring-jdbc-6.2.6.jar;C:\Users\User\.m2\repository\org\hibernate\orm\hibernate-core\6.6.13.Final\hibernate-core-6.6.13.Final.jar;C:\Users\User\.m2\repository\jakarta\persistence\jakarta.persistence-api\3.1.0\jakarta.persistence-api-3.1.0.jar;C:\Users\User\.m2\repository\jakarta\transaction\jakarta.transaction-api\2.0.1\jakarta.transaction-api-2.0.1.jar;C:\Users\User\.m2\repository\org\jboss\logging\jboss-logging\3.6.1.Final\jboss-logging-3.6.1.Final.jar;C:\Users\User\.m2\repository\org\hibernate\common\hibernate-commons-annotations\7.0.3.Final\hibernate-commons-annotations-7.0.3.Final.jar;C:\Users\User\.m2\repository\io\smallrye\jandex\3.2.0\jandex-3.2.0.jar;C:\Users\User\.m2\repository\com\fasterxml\classmate\1.7.0\classmate-1.7.0.jar;C:\Users\User\.m2\repository\net\bytebuddy\byte-buddy\1.15.11\byte-buddy-1.15.11.jar;C:\Users\User\.m2\repository\jakarta\xml\bind\jakarta.xml.bind-api\4.0.2\jakarta.xml.bind-api-4.0.2.jar;C:\Users\User\.m2\repository\jakarta\activation\jakarta.activation-api\2.1.3\jakarta.activation-api-2.1.3.jar;C:\Users\User\.m2\repository\org\glassfish\jaxb\jaxb-runtime\4.0.5\jaxb-runtime-4.0.5.jar;C:\Users\User\.m2\repository\org\glassfish\jaxb\jaxb-core\4.0.5\jaxb-core-4.0.5.jar;C:\Users\User\.m2\repository\org\eclipse\angus\angus-activation\2.0.2\angus-activation-2.0.2.jar;C:\Users\User\.m2\repository\org\glassfish\jaxb\txw2\4.0.5\txw2-4.0.5.jar;C:\Users\User\.m2\repository\com\sun\istack\istack-commons-runtime\4.1.2\istack-commons-runtime-4.1.2.jar;C:\Users\User\.m2\repository\jakarta\inject\jakarta.inject-api\2.0.1\jakarta.inject-api-2.0.1.jar;C:\Users\User\.m2\repository\org\antlr\antlr4-runtime\4.13.0\antlr4-runtime-4.13.0.jar;C:\Users\User\.m2\repository\org\springframework\data\spring-data-jpa\3.4.5\spring-data-jpa-3.4.5.jar;C:\Users\User\.m2\repository\org\springframework\data\spring-data-commons\3.4.5\spring-data-commons-3.4.5.jar;C:\Users\User\.m2\repository\org\springframework\spring-orm\6.2.6\spring-orm-6.2.6.jar;C:\Users\User\.m2\repository\org\springframework\spring-tx\6.2.6\spring-tx-6.2.6.jar;C:\Users\User\.m2\repository\org\slf4j\slf4j-api\2.0.17\slf4j-api-2.0.17.jar;C:\Users\User\.m2\repository\org\springframework\spring-aspects\6.2.6\spring-aspects-6.2.6.jar;C:\Users\User\.m2\repository\org\aspectj\aspectjweaver\1.9.24\aspectjweaver-1.9.24.jar;C:\Users\User\.m2\repository\org\modelmapper\modelmapper\3.2.2\modelmapper-3.2.2.jar;C:\Users\User\.m2\repository\org\jetbrains\annotations\26.0.2\annotations-26.0.2.jar;C:\Users\User\.m2\repository\jakarta\validation\jakarta.validation-api\3.0.2\jakarta.validation-api-3.0.2.jar
Launcher Type: SUN_STANDARD

[Global flags]
     intx CICompilerCount                          = 4                                         {product} {ergonomic}
     uint ConcGCThreads                            = 2                                         {product} {ergonomic}
     uint G1ConcRefinementThreads                  = 8                                         {product} {ergonomic}
   size_t G1HeapRegionSize                         = 1048576                                   {product} {ergonomic}
   size_t InitialHeapSize                          = 134217728                                 {product} {ergonomic}
   size_t MarkStackSize                            = 4194304                                   {product} {ergonomic}
   size_t MarkStackSizeMax                         = 536870912                                 {product} {ergonomic}
   size_t MaxHeapSize                              = 2116026368                                {product} {ergonomic}
   size_t MaxNewSize                               = 1268776960                                {product} {ergonomic}
   size_t MinHeapDeltaBytes                        = 1048576                                   {product} {ergonomic}
   size_t MinHeapSize                              = 8388608                                   {product} {ergonomic}
    uintx NonNMethodCodeHeapSize                   = 5832704                                {pd product} {ergonomic}
    uintx NonProfiledCodeHeapSize                  = 122945536                              {pd product} {ergonomic}
    uintx ProfiledCodeHeapSize                     = 122880000                              {pd product} {ergonomic}
    uintx ReservedCodeCacheSize                    = 251658240                              {pd product} {ergonomic}
     bool SegmentedCodeCache                       = true                                      {product} {ergonomic}
   size_t SoftMaxHeapSize                          = 2116026368                             {manageable} {ergonomic}
     bool UseCompressedOops                        = true                           {product lp64_product} {ergonomic}
     bool UseG1GC                                  = true                                      {product} {ergonomic}
     bool UseLargePagesIndividualAllocation        = false                                  {pd product} {ergonomic}

Logging:
Log output configuration:
 #0: stdout all=warning uptime,level,tags foldmultilines=false
 #1: stderr all=off uptime,level,tags foldmultilines=false

Environment Variables:
PATH=C:\Program Files\Common Files\Oracle\Java\javapath;C:\Windows\system32;C:\Windows;C:\Windows\System32\Wbem;C:\Windows\System32\WindowsPowerShell\v1.0\;C:\Windows\System32\OpenSSH\;C:\Program Files\Intel\WiFi\bin\;C:\Program Files\Common Files\Intel\WirelessCommon\;C:\Program Files\Java\jdk-23\bin;C:\Program Files\nodejs\;C:\Program Files\Git\cmd;C:\Users\User\.local\bin;C:\Program Files\MySQL\MySQL Shell 8.0\bin\;C:\Users\User\AppData\Local\Microsoft\WindowsApps;C:\Users\User\AppData\Local\Programs\Microsoft VS Code\bin;C:\Program Files\Java\jdk-23\bin;C:\Users\User\AppData\Roaming\npm
USERNAME=User
OS=Windows_NT
PROCESSOR_IDENTIFIER=Intel64 Family 6 Model 142 Stepping 10, GenuineIntel
TMP=C:\Users\User\AppData\Local\Temp
TEMP=C:\Users\User\AppData\Local\Temp




Periodic native trim disabled

---------------  S Y S T E M  ---------------

OS:
 Windows 10 , 64 bit Build 19041 (10.0.19041.5678)
OS uptime: 1 days 5:07 hours
Hyper-V role detected

CPU: total 8 (initial active 8) (4 cores per cpu, 2 threads per core) family 6 model 142 stepping 10 microcode 0xf6, cx8, cmov, fxsr, ht, mmx, 3dnowpref, sse, sse2, sse3, ssse3, sse4.1, sse4.2, popcnt, lzcnt, tsc, tscinvbit, avx, avx2, aes, erms, clmul, bmi1, bmi2, rtm, adx, fma, vzeroupper, clflush, clflushopt, hv, rdtscp, f16c
Processor Information for the first 8 processors :
  Max Mhz: 1896, Current Mhz: 1696, Mhz Limit: 1687

Memory: 4k page, system-wide physical 8066M (720M free)
TotalPageFile size 12162M (AvailPageFile size 5M)
current process WorkingSet (physical memory assigned to process): 214M, peak: 222M
current process commit charge ("private bytes"): 251M, peak: 280M

vm_info: Java HotSpot(TM) 64-Bit Server VM (23.0.1+11-39) for windows-amd64 JRE (23.0.1+11-39), built on 2024-09-30T07:20:43Z with MS VC++ 17.6 (VS2022)

END.
